<?xml version="1.0" encoding="UTF-8"?>
<testsuite xmlns:xsi="http://www.w3.org/2001/XMLSchema-instance" xsi:noNamespaceSchemaLocation="https://maven.apache.org/surefire/maven-surefire-plugin/xsd/surefire-test-report-3.0.xsd" version="3.0" name="dfs.s3.ms_dfs_reservas.repository.CitaRepositoryTest" time="0.523" tests="1" errors="0" skipped="0" failures="0">
  <properties>
[...]
</properties>
  <testcase name="testSaveCita" classname="dfs.s3.ms_dfs_reservas.repository.CitaRepositoryTest" time="0.138">
    <system-out><![CDATA[2024-10-06T23:09:03.450-03:00 DEBUG 13228 --- [ms-dfs-reservas] [           main] b.t.a.o.j.DataJpaTestContextBootstrapper : Neither @ContextConfiguration nor @ContextHierarchy found for test class [CitaRepositoryTest]: using SpringBootContextLoader
2024-10-06T23:09:03.450-03:00 DEBUG 13228 --- [ms-dfs-reservas] [           main] o.s.t.c.support.AbstractContextLoader    : Could not detect default resource locations for test class [dfs.s3.ms_dfs_reservas.repository.CitaRepositoryTest]: no resource found for suffixes {-context.xml, Context.groovy}.
2024-10-06T23:09:03.450-03:00  INFO 13228 --- [ms-dfs-reservas] [           main] t.c.s.AnnotationConfigContextLoaderUtils : Could not detect default configuration classes for test class [dfs.s3.ms_dfs_reservas.repository.CitaRepositoryTest]: CitaRepositoryTest does not declare any static, non-private, non-final, nested classes annotated with @Configuration.
2024-10-06T23:09:03.451-03:00 DEBUG 13228 --- [ms-dfs-reservas] [           main] b.t.a.o.j.DataJpaTestContextBootstrapper : Using ContextCustomizerFactory implementations for test class [CitaRepositoryTest]: [ImportsContextCustomizerFactory, ExcludeFilterContextCustomizerFactory, HttpGraphQlTesterContextCustomizerFactory, DuplicateJsonObjectContextCustomizerFactory, MockitoContextCustomizerFactory, TestRestTemplateContextCustomizerFactory, WebTestClientContextCustomizerFactory, DisableReactorResourceFactoryGlobalResourcesContextCustomizerFactory, OverrideAutoConfigurationContextCustomizerFactory, ObservabilityContextCustomizerFactory, TypeExcludeFiltersContextCustomizerFactory, PropertyMappingContextCustomizerFactory, WebDriverContextCustomizerFactory, MockServerContainerContextCustomizerFactory, DynamicPropertiesContextCustomizerFactory]
2024-10-06T23:09:03.459-03:00 DEBUG 13228 --- [ms-dfs-reservas] [           main] b.t.a.o.j.DataJpaTestContextBootstrapper : Using ContextCustomizers for test class [CitaRepositoryTest]: [ImportsContextCustomizer, ExcludeFilterContextCustomizer, DuplicateJsonObjectContextCustomizer, MockitoContextCustomizer, DisableReactorResourceFactoryGlobalResourcesContextCustomizerCustomizer, DisableAutoConfigurationContextCustomizer, DisableObservabilityContextCustomizer, TypeExcludeFiltersContextCustomizer, PropertyMappingContextCustomizer, WebDriverContextCustomizer]
2024-10-06T23:09:03.464-03:00 DEBUG 13228 --- [ms-dfs-reservas] [           main] ssPathScanningCandidateComponentProvider : Identified candidate component class: file [C:\Users\puffo\OneDrive\Documentos\GitHub\ms-dfs-reservas\target\classes\dfs\s3\ms_dfs_reservas\ReservasApplication.class]
2024-10-06T23:09:03.464-03:00  INFO 13228 --- [ms-dfs-reservas] [           main] .b.t.c.SpringBootTestContextBootstrapper : Found @SpringBootConfiguration dfs.s3.ms_dfs_reservas.ReservasApplication for test class dfs.s3.ms_dfs_reservas.repository.CitaRepositoryTest
2024-10-06T23:09:03.464-03:00 DEBUG 13228 --- [ms-dfs-reservas] [           main] .s.t.c.u.TestContextSpringFactoriesUtils : Skipping candidate TestExecutionListener [org.springframework.test.context.observation.MicrometerObservationRegistryTestExecutionListener] due to a missing dependency. Specify custom TestExecutionListener classes or make the default TestExecutionListener classes and their required dependencies available. Offending class: io.micrometer.context.ThreadLocalAccessor. MicrometerObservationRegistryTestExecutionListener requires io.micrometer:micrometer-observation:1.10.8 or higher and io.micrometer:context-propagation:1.0.3 or higher.
2024-10-06T23:09:03.464-03:00 DEBUG 13228 --- [ms-dfs-reservas] [           main] b.t.a.o.j.DataJpaTestContextBootstrapper : Using TestExecutionListeners for test class [CitaRepositoryTest]: [ServletTestExecutionListener, DirtiesContextBeforeModesTestExecutionListener, ApplicationEventsTestExecutionListener, MockitoTestExecutionListener, DependencyInjectionTestExecutionListener, DirtiesContextTestExecutionListener, TransactionalTestExecutionListener, SqlScriptsTestExecutionListener, EventPublishingTestExecutionListener, ResetMocksTestExecutionListener, RestDocsTestExecutionListener, MockRestServiceServerResetTestExecutionListener, MockMvcPrintOnlyOnFailureTestExecutionListener, WebDriverTestExecutionListener, MockWebServiceServerTestExecutionListener]
2024-10-06T23:09:03.464-03:00 DEBUG 13228 --- [ms-dfs-reservas] [           main] sContextBeforeModesTestExecutionListener : Before test class: class [CitaRepositoryTest], class annotated with @DirtiesContext [false] with mode [null]
2024-10-06T23:09:03.465-03:00 DEBUG 13228 --- [ms-dfs-reservas] [           main] DependencyInjectionTestExecutionListener : Performing dependency injection for test class dfs.s3.ms_dfs_reservas.repository.CitaRepositoryTest
2024-10-06T23:09:03.467-03:00  INFO 13228 --- [ms-dfs-reservas] [           main] o.s.b.d.r.RestartApplicationListener     : Restart disabled due to context in which it is running
2024-10-06T23:09:03.479-03:00 DEBUG 13228 --- [ms-dfs-reservas] [           main] o.s.boot.ApplicationEnvironment          : Activating profiles []
2024-10-06T23:09:03.481-03:00 DEBUG 13228 --- [ms-dfs-reservas] [           main] o.s.c.e.PropertySourcesPropertyResolver  : Found key 'spring.application.name' in PropertySource 'configurationProperties' with value of type String

  .   ____          _            __ _ _
 /\\ / ___'_ __ _ _(_)_ __  __ _ \ \ \ \
( ( )\___ | '_ | '_| | '_ \/ _` | \ \ \ \
 \\/  ___)| |_)| | | | | || (_| |  ) ) ) )
  '  |____| .__|_| |_|_| |_\__, | / / / /
 =========|_|==============|___/=/_/_/_/

 :: Spring Boot ::                (v3.3.3)

2024-10-06T23:09:03.489-03:00  INFO 13228 --- [ms-dfs-reservas] [           main] d.s.m.repository.CitaRepositoryTest      : Starting CitaRepositoryTest using Java 22.0.2 with PID 13228 (started by puffo in C:\Users\puffo\OneDrive\Documentos\GitHub\ms-dfs-reservas)
2024-10-06T23:09:03.489-03:00  INFO 13228 --- [ms-dfs-reservas] [           main] d.s.m.repository.CitaRepositoryTest      : No active profile set, falling back to 1 default profile: "default"
2024-10-06T23:09:03.489-03:00 DEBUG 13228 --- [ms-dfs-reservas] [           main] o.s.boot.SpringApplication               : Loading source class dfs.s3.ms_dfs_reservas.ReservasApplication
2024-10-06T23:09:03.491-03:00 DEBUG 13228 --- [ms-dfs-reservas] [           main] s.c.a.AnnotationConfigApplicationContext : Refreshing org.springframework.context.annotation.AnnotationConfigApplicationContext@634de03e
2024-10-06T23:09:03.491-03:00 DEBUG 13228 --- [ms-dfs-reservas] [           main] o.s.b.f.s.DefaultListableBeanFactory     : Creating shared instance of singleton bean 'org.springframework.context.annotation.internalConfigurationAnnotationProcessor'
2024-10-06T23:09:03.491-03:00 DEBUG 13228 --- [ms-dfs-reservas] [           main] o.s.b.f.s.DefaultListableBeanFactory     : Creating shared instance of singleton bean 'org.springframework.boot.autoconfigure.internalCachingMetadataReaderFactory'
2024-10-06T23:09:03.547-03:00  INFO 13228 --- [ms-dfs-reservas] [           main] .s.d.r.c.RepositoryConfigurationDelegate : Bootstrapping Spring Data JPA repositories in DEFAULT mode.
2024-10-06T23:09:03.547-03:00 DEBUG 13228 --- [ms-dfs-reservas] [           main] o.s.b.f.s.DefaultListableBeanFactory     : Creating shared instance of singleton bean 'org.springframework.boot.autoconfigure.AutoConfigurationPackages'
2024-10-06T23:09:03.547-03:00 DEBUG 13228 --- [ms-dfs-reservas] [           main] o.s.b.a.AutoConfigurationPackages        : @EnableAutoConfiguration was declared on a class in the package 'dfs.s3.ms_dfs_reservas'. Automatic @Repository and @Entity scanning is enabled.
2024-10-06T23:09:03.547-03:00 DEBUG 13228 --- [ms-dfs-reservas] [           main] .s.d.r.c.RepositoryConfigurationDelegate : Scanning for JPA repositories in packages dfs.s3.ms_dfs_reservas.
2024-10-06T23:09:03.550-03:00 DEBUG 13228 --- [ms-dfs-reservas] [           main] o.s.d.r.c.RepositoryComponentProvider    : Identified candidate component class: file [C:\Users\puffo\OneDrive\Documentos\GitHub\ms-dfs-reservas\target\classes\dfs\s3\ms_dfs_reservas\repository\CitaRepository.class]
2024-10-06T23:09:03.552-03:00 DEBUG 13228 --- [ms-dfs-reservas] [           main] ssPathScanningCandidateComponentProvider : Identified candidate component class: file [C:\Users\puffo\OneDrive\Documentos\GitHub\ms-dfs-reservas\target\classes\dfs\s3\ms_dfs_reservas\service\CitaServiceImpl.class]
2024-10-06T23:09:03.553-03:00  INFO 13228 --- [ms-dfs-reservas] [           main] .s.d.r.c.RepositoryConfigurationDelegate : Finished Spring Data repository scanning in 5 ms. Found 1 JPA repository interface.
2024-10-06T23:09:03.559-03:00 DEBUG 13228 --- [ms-dfs-reservas] [           main] o.s.b.f.s.DefaultListableBeanFactory     : Creating shared instance of singleton bean 'org.springframework.boot.test.context.ImportsContextCustomizer$ImportsCleanupPostProcessor'
2024-10-06T23:09:03.559-03:00 DEBUG 13228 --- [ms-dfs-reservas] [           main] o.s.b.f.s.DefaultListableBeanFactory     : Creating shared instance of singleton bean 'org.springframework.boot.test.mock.mockito.MockitoPostProcessor'
2024-10-06T23:09:03.560-03:00 DEBUG 13228 --- [ms-dfs-reservas] [           main] o.s.b.f.s.DefaultListableBeanFactory     : Creating shared instance of singleton bean 'emBeanDefinitionRegistrarPostProcessor'
2024-10-06T23:09:03.560-03:00 DEBUG 13228 --- [ms-dfs-reservas] [           main] o.s.b.f.s.DefaultListableBeanFactory     : Creating shared instance of singleton bean 'org.springframework.boot.sql.init.dependency.DatabaseInitializationDependencyConfigurer$DependsOnDatabaseInitializationPostProcessor'
2024-10-06T23:09:03.561-03:00 DEBUG 13228 --- [ms-dfs-reservas] [           main] o.s.b.f.s.DefaultListableBeanFactory     : Creating shared instance of singleton bean 'org.springframework.context.event.internalEventListenerProcessor'
2024-10-06T23:09:03.561-03:00 DEBUG 13228 --- [ms-dfs-reservas] [           main] o.s.b.f.s.DefaultListableBeanFactory     : Creating shared instance of singleton bean 'org.springframework.context.event.internalEventListenerFactory'
2024-10-06T23:09:03.561-03:00 DEBUG 13228 --- [ms-dfs-reservas] [           main] o.s.b.f.s.DefaultListableBeanFactory     : Creating shared instance of singleton bean 'org.springframework.transaction.config.internalTransactionalEventListenerFactory'
2024-10-06T23:09:03.562-03:00 DEBUG 13228 --- [ms-dfs-reservas] [           main] o.s.b.f.s.DefaultListableBeanFactory     : Creating shared instance of singleton bean 'org.springframework.context.annotation.internalAutowiredAnnotationProcessor'
2024-10-06T23:09:03.562-03:00 DEBUG 13228 --- [ms-dfs-reservas] [           main] o.s.b.f.s.DefaultListableBeanFactory     : Creating shared instance of singleton bean 'org.springframework.context.annotation.internalCommonAnnotationProcessor'
2024-10-06T23:09:03.562-03:00 DEBUG 13228 --- [ms-dfs-reservas] [           main] o.s.b.f.s.DefaultListableBeanFactory     : Creating shared instance of singleton bean 'org.springframework.context.annotation.internalPersistenceAnnotationProcessor'
2024-10-06T23:09:03.562-03:00 DEBUG 13228 --- [ms-dfs-reservas] [           main] o.s.b.f.s.DefaultListableBeanFactory     : Creating shared instance of singleton bean 'org.springframework.boot.test.mock.mockito.MockitoPostProcessor$SpyPostProcessor'
2024-10-06T23:09:03.563-03:00 DEBUG 13228 --- [ms-dfs-reservas] [           main] o.s.b.f.s.DefaultListableBeanFactory     : Creating shared instance of singleton bean 'jdbcConnectionDetailsHikariBeanPostProcessor'
2024-10-06T23:09:03.563-03:00 DEBUG 13228 --- [ms-dfs-reservas] [           main] o.s.b.f.s.DefaultListableBeanFactory     : Creating shared instance of singleton bean 'org.springframework.boot.context.properties.ConfigurationPropertiesBindingPostProcessor'
2024-10-06T23:09:03.563-03:00 DEBUG 13228 --- [ms-dfs-reservas] [           main] o.s.b.f.s.DefaultListableBeanFactory     : Creating shared instance of singleton bean 'org.springframework.boot.context.internalConfigurationPropertiesBinder'
2024-10-06T23:09:03.563-03:00 DEBUG 13228 --- [ms-dfs-reservas] [           main] o.s.b.f.s.DefaultListableBeanFactory     : Creating shared instance of singleton bean 'org.springframework.aop.config.internalAutoProxyCreator'
2024-10-06T23:09:03.566-03:00 DEBUG 13228 --- [ms-dfs-reservas] [           main] o.s.b.f.s.DefaultListableBeanFactory     : Creating shared instance of singleton bean 'dataSourceScriptDatabaseInitializer'
2024-10-06T23:09:03.566-03:00 DEBUG 13228 --- [ms-dfs-reservas] [           main] o.s.b.f.s.DefaultListableBeanFactory     : Creating shared instance of singleton bean 'org.springframework.boot.autoconfigure.sql.init.DataSourceInitializationConfiguration'
2024-10-06T23:09:03.566-03:00 DEBUG 13228 --- [ms-dfs-reservas] [           main] o.s.b.f.s.DefaultListableBeanFactory     : Creating shared instance of singleton bean 'org.springframework.transaction.config.internalTransactionAdvisor'
2024-10-06T23:09:03.566-03:00 DEBUG 13228 --- [ms-dfs-reservas] [           main] o.s.b.f.s.DefaultListableBeanFactory     : Creating shared instance of singleton bean 'org.springframework.transaction.annotation.ProxyTransactionManagementConfiguration'
2024-10-06T23:09:03.568-03:00 DEBUG 13228 --- [ms-dfs-reservas] [           main] o.s.b.f.s.DefaultListableBeanFactory     : Creating shared instance of singleton bean 'transactionAttributeSource'
2024-10-06T23:09:03.568-03:00 DEBUG 13228 --- [ms-dfs-reservas] [           main] o.s.b.f.s.DefaultListableBeanFactory     : Creating shared instance of singleton bean 'transactionInterceptor'
2024-10-06T23:09:03.568-03:00 DEBUG 13228 --- [ms-dfs-reservas] [           main] o.s.b.f.s.DefaultListableBeanFactory     : Autowiring by type from bean name 'transactionInterceptor' via factory method to bean named 'transactionAttributeSource'
2024-10-06T23:09:03.568-03:00 DEBUG 13228 --- [ms-dfs-reservas] [           main] o.s.b.f.s.DefaultListableBeanFactory     : Autowiring by type from bean name 'org.springframework.transaction.config.internalTransactionAdvisor' via factory method to bean named 'transactionAttributeSource'
2024-10-06T23:09:03.568-03:00 DEBUG 13228 --- [ms-dfs-reservas] [           main] o.s.b.f.s.DefaultListableBeanFactory     : Autowiring by type from bean name 'org.springframework.transaction.config.internalTransactionAdvisor' via factory method to bean named 'transactionInterceptor'
2024-10-06T23:09:03.570-03:00 DEBUG 13228 --- [ms-dfs-reservas] [           main] o.s.b.f.s.DefaultListableBeanFactory     : Creating shared instance of singleton bean 'dataSource'
2024-10-06T23:09:03.570-03:00 DEBUG 13228 --- [ms-dfs-reservas] [           main] o.s.b.f.s.DefaultListableBeanFactory     : Creating shared instance of singleton bean 'org.springframework.boot.autoconfigure.jdbc.DataSourceConfiguration$Hikari'
2024-10-06T23:09:03.571-03:00 DEBUG 13228 --- [ms-dfs-reservas] [           main] o.s.b.f.s.DefaultListableBeanFactory     : Creating shared instance of singleton bean 'spring.datasource-org.springframework.boot.autoconfigure.jdbc.DataSourceProperties'
2024-10-06T23:09:03.571-03:00 DEBUG 13228 --- [ms-dfs-reservas] [           main] o.s.b.f.s.DefaultListableBeanFactory     : Creating shared instance of singleton bean 'org.springframework.boot.context.properties.BoundConfigurationProperties'
2024-10-06T23:09:03.574-03:00 DEBUG 13228 --- [ms-dfs-reservas] [           main] o.s.b.f.s.DefaultListableBeanFactory     : Creating shared instance of singleton bean 'jdbcConnectionDetails'
2024-10-06T23:09:03.574-03:00 DEBUG 13228 --- [ms-dfs-reservas] [           main] o.s.b.f.s.DefaultListableBeanFactory     : Creating shared instance of singleton bean 'org.springframework.boot.autoconfigure.jdbc.DataSourceAutoConfiguration$PooledDataSourceConfiguration'
2024-10-06T23:09:03.575-03:00 DEBUG 13228 --- [ms-dfs-reservas] [           main] o.s.b.f.s.DefaultListableBeanFactory     : Autowiring by type from bean name 'jdbcConnectionDetails' via factory method to bean named 'spring.datasource-org.springframework.boot.autoconfigure.jdbc.DataSourceProperties'
2024-10-06T23:09:03.575-03:00 DEBUG 13228 --- [ms-dfs-reservas] [           main] o.s.b.f.s.DefaultListableBeanFactory     : Autowiring by type from bean name 'dataSource' via factory method to bean named 'spring.datasource-org.springframework.boot.autoconfigure.jdbc.DataSourceProperties'
2024-10-06T23:09:03.575-03:00 DEBUG 13228 --- [ms-dfs-reservas] [           main] o.s.b.f.s.DefaultListableBeanFactory     : Autowiring by type from bean name 'dataSource' via factory method to bean named 'jdbcConnectionDetails'
2024-10-06T23:09:03.580-03:00 DEBUG 13228 --- [ms-dfs-reservas] [           main] o.s.b.f.s.DefaultListableBeanFactory     : Creating shared instance of singleton bean 'spring.sql.init-org.springframework.boot.autoconfigure.sql.init.SqlInitializationProperties'
2024-10-06T23:09:03.581-03:00 DEBUG 13228 --- [ms-dfs-reservas] [           main] o.s.b.f.s.DefaultListableBeanFactory     : Autowiring by type from bean name 'dataSourceScriptDatabaseInitializer' via factory method to bean named 'dataSource'
2024-10-06T23:09:03.581-03:00 DEBUG 13228 --- [ms-dfs-reservas] [           main] o.s.b.f.s.DefaultListableBeanFactory     : Autowiring by type from bean name 'dataSourceScriptDatabaseInitializer' via factory method to bean named 'spring.sql.init-org.springframework.boot.autoconfigure.sql.init.SqlInitializationProperties'
2024-10-06T23:09:03.581-03:00 DEBUG 13228 --- [ms-dfs-reservas] [           main] o.s.b.f.s.DefaultListableBeanFactory     : Creating shared instance of singleton bean 'entityManagerFactory'
2024-10-06T23:09:03.581-03:00 DEBUG 13228 --- [ms-dfs-reservas] [           main] o.s.b.f.s.DefaultListableBeanFactory     : Creating shared instance of singleton bean 'org.springframework.boot.autoconfigure.orm.jpa.HibernateJpaConfiguration'
2024-10-06T23:09:03.582-03:00 DEBUG 13228 --- [ms-dfs-reservas] [           main] o.s.b.f.s.DefaultListableBeanFactory     : Creating shared instance of singleton bean 'spring.jpa-org.springframework.boot.autoconfigure.orm.jpa.JpaProperties'
2024-10-06T23:09:03.583-03:00 DEBUG 13228 --- [ms-dfs-reservas] [           main] o.s.b.f.s.DefaultListableBeanFactory     : Creating shared instance of singleton bean 'spring.jpa.hibernate-org.springframework.boot.autoconfigure.orm.jpa.HibernateProperties'
2024-10-06T23:09:03.584-03:00 DEBUG 13228 --- [ms-dfs-reservas] [           main] o.s.b.f.s.DefaultListableBeanFactory     : Autowiring by type from bean name 'org.springframework.boot.autoconfigure.orm.jpa.HibernateJpaConfiguration' via constructor to bean named 'dataSource'
2024-10-06T23:09:03.584-03:00 DEBUG 13228 --- [ms-dfs-reservas] [           main] o.s.b.f.s.DefaultListableBeanFactory     : Autowiring by type from bean name 'org.springframework.boot.autoconfigure.orm.jpa.HibernateJpaConfiguration' via constructor to bean named 'spring.jpa-org.springframework.boot.autoconfigure.orm.jpa.JpaProperties'
2024-10-06T23:09:03.584-03:00 DEBUG 13228 --- [ms-dfs-reservas] [           main] o.s.b.f.s.DefaultListableBeanFactory     : Autowiring by type from bean name 'org.springframework.boot.autoconfigure.orm.jpa.HibernateJpaConfiguration' via constructor to bean named 'org.springframework.beans.factory.support.DefaultListableBeanFactory@1de7c0ad'
2024-10-06T23:09:03.584-03:00 DEBUG 13228 --- [ms-dfs-reservas] [           main] o.s.b.f.s.DefaultListableBeanFactory     : Autowiring by type from bean name 'org.springframework.boot.autoconfigure.orm.jpa.HibernateJpaConfiguration' via constructor to bean named 'spring.jpa.hibernate-org.springframework.boot.autoconfigure.orm.jpa.HibernateProperties'
2024-10-06T23:09:03.584-03:00 DEBUG 13228 --- [ms-dfs-reservas] [           main] o.s.b.f.s.DefaultListableBeanFactory     : Creating shared instance of singleton bean 'oracleUcpPoolDataSourceMetadataProvider'
2024-10-06T23:09:03.584-03:00 DEBUG 13228 --- [ms-dfs-reservas] [           main] o.s.b.f.s.DefaultListableBeanFactory     : Creating shared instance of singleton bean 'org.springframework.boot.autoconfigure.jdbc.metadata.DataSourcePoolMetadataProvidersConfiguration$OracleUcpPoolDataSourceMetadataProviderConfiguration'
2024-10-06T23:09:03.584-03:00 DEBUG 13228 --- [ms-dfs-reservas] [           main] o.s.b.f.s.DefaultListableBeanFactory     : Creating shared instance of singleton bean 'hikariPoolDataSourceMetadataProvider'
2024-10-06T23:09:03.584-03:00 DEBUG 13228 --- [ms-dfs-reservas] [           main] o.s.b.f.s.DefaultListableBeanFactory     : Creating shared instance of singleton bean 'org.springframework.boot.autoconfigure.jdbc.metadata.DataSourcePoolMetadataProvidersConfiguration$HikariPoolDataSourceMetadataProviderConfiguration'
2024-10-06T23:09:03.585-03:00 DEBUG 13228 --- [ms-dfs-reservas] [           main] o.s.b.f.s.DefaultListableBeanFactory     : Creating shared instance of singleton bean 'entityManagerFactoryBuilder'
2024-10-06T23:09:03.585-03:00 DEBUG 13228 --- [ms-dfs-reservas] [           main] o.s.b.f.s.DefaultListableBeanFactory     : Creating shared instance of singleton bean 'jpaVendorAdapter'
2024-10-06T23:09:03.586-03:00 DEBUG 13228 --- [ms-dfs-reservas] [           main] o.s.b.f.s.DefaultListableBeanFactory     : Autowiring by type from bean name 'entityManagerFactoryBuilder' via factory method to bean named 'jpaVendorAdapter'
2024-10-06T23:09:03.586-03:00 DEBUG 13228 --- [ms-dfs-reservas] [           main] o.s.b.f.s.DefaultListableBeanFactory     : Creating shared instance of singleton bean 'persistenceManagedTypes'
2024-10-06T23:09:03.586-03:00 DEBUG 13228 --- [ms-dfs-reservas] [           main] o.s.b.f.s.DefaultListableBeanFactory     : Autowiring by type from bean name 'persistenceManagedTypes' via factory method to bean named 'org.springframework.beans.factory.support.DefaultListableBeanFactory@1de7c0ad'
2024-10-06T23:09:03.586-03:00 DEBUG 13228 --- [ms-dfs-reservas] [           main] o.s.b.f.s.DefaultListableBeanFactory     : Autowiring by type from bean name 'persistenceManagedTypes' via factory method to bean named 'org.springframework.context.annotation.AnnotationConfigApplicationContext@634de03e'
2024-10-06T23:09:03.588-03:00 DEBUG 13228 --- [ms-dfs-reservas] [           main] o.s.b.f.s.DefaultListableBeanFactory     : Autowiring by type from bean name 'entityManagerFactory' via factory method to bean named 'entityManagerFactoryBuilder'
2024-10-06T23:09:03.588-03:00 DEBUG 13228 --- [ms-dfs-reservas] [           main] o.s.b.f.s.DefaultListableBeanFactory     : Autowiring by type from bean name 'entityManagerFactory' via factory method to bean named 'persistenceManagedTypes'
2024-10-06T23:09:03.588-03:00 DEBUG 13228 --- [ms-dfs-reservas] [           main] j.LocalContainerEntityManagerFactoryBean : Building JPA container EntityManagerFactory for persistence unit 'default'
2024-10-06T23:09:03.588-03:00 DEBUG 13228 --- [ms-dfs-reservas] [           main] o.hibernate.jpa.internal.util.LogHelper  : PersistenceUnitInfo [
	name: default
	persistence provider classname: null
	classloader: jdk.internal.loader.ClassLoaders$AppClassLoader@70dea4e
	excludeUnlistedClasses: true
	JTA datasource: null
	Non JTA datasource: HikariDataSource (null)
	Transaction type: RESOURCE_LOCAL
	PU root URL: file:/C:/Users/puffo/OneDrive/Documentos/GitHub/ms-dfs-reservas/target/test-classes/
	Shared Cache Mode: UNSPECIFIED
	Validation Mode: AUTO
	Jar files URLs []
	Managed classes names [
		dfs.s3.ms_dfs_reservas.model.Cita]
	Mapping files names []
	Properties []
2024-10-06T23:09:03.588-03:00 DEBUG 13228 --- [ms-dfs-reservas] [           main] o.h.i.internal.IntegratorServiceImpl     : Adding Integrator [org.hibernate.boot.beanvalidation.BeanValidationIntegrator].
2024-10-06T23:09:03.588-03:00 DEBUG 13228 --- [ms-dfs-reservas] [           main] o.h.i.internal.IntegratorServiceImpl     : Adding Integrator [org.hibernate.cache.internal.CollectionCacheInvalidator].
2024-10-06T23:09:03.590-03:00 DEBUG 13228 --- [ms-dfs-reservas] [           main] org.hibernate.orm.idgen.factory          : Registering IdentifierGenerator strategy [uuid2] -> [org.hibernate.id.UUIDGenerator]
2024-10-06T23:09:03.590-03:00 DEBUG 13228 --- [ms-dfs-reservas] [           main] org.hibernate.orm.idgen.factory          : Registering IdentifierGenerator strategy [guid] -> [org.hibernate.id.GUIDGenerator]
2024-10-06T23:09:03.590-03:00 DEBUG 13228 --- [ms-dfs-reservas] [           main] org.hibernate.orm.idgen.factory          : Registering IdentifierGenerator strategy [uuid] -> [org.hibernate.id.UUIDHexGenerator]
2024-10-06T23:09:03.590-03:00 DEBUG 13228 --- [ms-dfs-reservas] [           main] org.hibernate.orm.idgen.factory          : Registering IdentifierGenerator strategy [uuid.hex] -> [org.hibernate.id.UUIDHexGenerator]
2024-10-06T23:09:03.590-03:00 DEBUG 13228 --- [ms-dfs-reservas] [           main] org.hibernate.orm.idgen.factory          : Registering IdentifierGenerator strategy [assigned] -> [org.hibernate.id.Assigned]
2024-10-06T23:09:03.590-03:00 DEBUG 13228 --- [ms-dfs-reservas] [           main] org.hibernate.orm.idgen.factory          : Registering IdentifierGenerator strategy [identity] -> [org.hibernate.id.IdentityGenerator]
2024-10-06T23:09:03.590-03:00 DEBUG 13228 --- [ms-dfs-reservas] [           main] org.hibernate.orm.idgen.factory          : Registering IdentifierGenerator strategy [select] -> [org.hibernate.id.SelectGenerator]
2024-10-06T23:09:03.590-03:00 DEBUG 13228 --- [ms-dfs-reservas] [           main] org.hibernate.orm.idgen.factory          : Registering IdentifierGenerator strategy [sequence] -> [org.hibernate.id.enhanced.SequenceStyleGenerator]
2024-10-06T23:09:03.590-03:00 DEBUG 13228 --- [ms-dfs-reservas] [           main] org.hibernate.orm.idgen.factory          : Registering IdentifierGenerator strategy [increment] -> [org.hibernate.id.IncrementGenerator]
2024-10-06T23:09:03.590-03:00 DEBUG 13228 --- [ms-dfs-reservas] [           main] org.hibernate.orm.idgen.factory          : Registering IdentifierGenerator strategy [foreign] -> [org.hibernate.id.ForeignGenerator]
2024-10-06T23:09:03.590-03:00 DEBUG 13228 --- [ms-dfs-reservas] [           main] org.hibernate.orm.idgen.factory          : Registering IdentifierGenerator strategy [enhanced-sequence] -> [org.hibernate.id.enhanced.SequenceStyleGenerator]
2024-10-06T23:09:03.590-03:00 DEBUG 13228 --- [ms-dfs-reservas] [           main] org.hibernate.orm.idgen.factory          : Registering IdentifierGenerator strategy [enhanced-table] -> [org.hibernate.id.enhanced.TableGenerator]
2024-10-06T23:09:03.591-03:00 DEBUG 13228 --- [ms-dfs-reservas] [           main] o.h.c.internal.RegionFactoryInitiator    : Cannot default RegionFactory based on registered strategies as `[]` RegionFactory strategies were registered
2024-10-06T23:09:03.591-03:00  INFO 13228 --- [ms-dfs-reservas] [           main] o.h.c.internal.RegionFactoryInitiator    : HHH000026: Second-level cache disabled
2024-10-06T23:09:03.591-03:00 DEBUG 13228 --- [ms-dfs-reservas] [           main] org.hibernate.type.BasicTypeRegistry     : Adding type registration boolean -> org.hibernate.type.BasicTypeReference@8942ece
2024-10-06T23:09:03.591-03:00 DEBUG 13228 --- [ms-dfs-reservas] [           main] org.hibernate.type.BasicTypeRegistry     : Adding type registration boolean -> org.hibernate.type.BasicTypeReference@8942ece
2024-10-06T23:09:03.591-03:00 DEBUG 13228 --- [ms-dfs-reservas] [           main] org.hibernate.type.BasicTypeRegistry     : Adding type registration java.lang.Boolean -> org.hibernate.type.BasicTypeReference@8942ece
2024-10-06T23:09:03.591-03:00 DEBUG 13228 --- [ms-dfs-reservas] [           main] org.hibernate.type.BasicTypeRegistry     : Adding type registration numeric_boolean -> org.hibernate.type.BasicTypeReference@3a89226e
2024-10-06T23:09:03.591-03:00 DEBUG 13228 --- [ms-dfs-reservas] [           main] org.hibernate.type.BasicTypeRegistry     : Adding type registration org.hibernate.type.NumericBooleanConverter -> org.hibernate.type.BasicTypeReference@3a89226e
2024-10-06T23:09:03.591-03:00 DEBUG 13228 --- [ms-dfs-reservas] [           main] org.hibernate.type.BasicTypeRegistry     : Adding type registration true_false -> org.hibernate.type.BasicTypeReference@15254569
2024-10-06T23:09:03.591-03:00 DEBUG 13228 --- [ms-dfs-reservas] [           main] org.hibernate.type.BasicTypeRegistry     : Adding type registration org.hibernate.type.TrueFalseConverter -> org.hibernate.type.BasicTypeReference@15254569
2024-10-06T23:09:03.591-03:00 DEBUG 13228 --- [ms-dfs-reservas] [           main] org.hibernate.type.BasicTypeRegistry     : Adding type registration yes_no -> org.hibernate.type.BasicTypeReference@1390a415
2024-10-06T23:09:03.591-03:00 DEBUG 13228 --- [ms-dfs-reservas] [           main] org.hibernate.type.BasicTypeRegistry     : Adding type registration org.hibernate.type.YesNoConverter -> org.hibernate.type.BasicTypeReference@1390a415
2024-10-06T23:09:03.591-03:00 DEBUG 13228 --- [ms-dfs-reservas] [           main] org.hibernate.type.BasicTypeRegistry     : Adding type registration byte -> org.hibernate.type.BasicTypeReference@3a5b1af7
2024-10-06T23:09:03.591-03:00 DEBUG 13228 --- [ms-dfs-reservas] [           main] org.hibernate.type.BasicTypeRegistry     : Adding type registration byte -> org.hibernate.type.BasicTypeReference@3a5b1af7
2024-10-06T23:09:03.591-03:00 DEBUG 13228 --- [ms-dfs-reservas] [           main] org.hibernate.type.BasicTypeRegistry     : Adding type registration java.lang.Byte -> org.hibernate.type.BasicTypeReference@3a5b1af7
2024-10-06T23:09:03.591-03:00 DEBUG 13228 --- [ms-dfs-reservas] [           main] org.hibernate.type.BasicTypeRegistry     : Adding type registration binary -> org.hibernate.type.BasicTypeReference@4932d580
2024-10-06T23:09:03.591-03:00 DEBUG 13228 --- [ms-dfs-reservas] [           main] org.hibernate.type.BasicTypeRegistry     : Adding type registration byte[] -> org.hibernate.type.BasicTypeReference@4932d580
2024-10-06T23:09:03.591-03:00 DEBUG 13228 --- [ms-dfs-reservas] [           main] org.hibernate.type.BasicTypeRegistry     : Adding type registration [B -> org.hibernate.type.BasicTypeReference@4932d580
2024-10-06T23:09:03.591-03:00 DEBUG 13228 --- [ms-dfs-reservas] [           main] org.hibernate.type.BasicTypeRegistry     : Adding type registration binary_wrapper -> org.hibernate.type.BasicTypeReference@7603cfc2
2024-10-06T23:09:03.591-03:00 DEBUG 13228 --- [ms-dfs-reservas] [           main] org.hibernate.type.BasicTypeRegistry     : Adding type registration wrapper-binary -> org.hibernate.type.BasicTypeReference@7603cfc2
2024-10-06T23:09:03.591-03:00 DEBUG 13228 --- [ms-dfs-reservas] [           main] org.hibernate.type.BasicTypeRegistry     : Adding type registration image -> org.hibernate.type.BasicTypeReference@60256d1b
2024-10-06T23:09:03.591-03:00 DEBUG 13228 --- [ms-dfs-reservas] [           main] org.hibernate.type.BasicTypeRegistry     : Adding type registration blob -> org.hibernate.type.BasicTypeReference@24b4f4a
2024-10-06T23:09:03.591-03:00 DEBUG 13228 --- [ms-dfs-reservas] [           main] org.hibernate.type.BasicTypeRegistry     : Adding type registration java.sql.Blob -> org.hibernate.type.BasicTypeReference@24b4f4a
2024-10-06T23:09:03.591-03:00 DEBUG 13228 --- [ms-dfs-reservas] [           main] org.hibernate.type.BasicTypeRegistry     : Adding type registration materialized_blob -> org.hibernate.type.BasicTypeReference@5d8a1456
2024-10-06T23:09:03.591-03:00 DEBUG 13228 --- [ms-dfs-reservas] [           main] org.hibernate.type.BasicTypeRegistry     : Adding type registration materialized_blob_wrapper -> org.hibernate.type.BasicTypeReference@351fadfa
2024-10-06T23:09:03.591-03:00 DEBUG 13228 --- [ms-dfs-reservas] [           main] org.hibernate.type.BasicTypeRegistry     : Adding type registration short -> org.hibernate.type.BasicTypeReference@7e1953f7
2024-10-06T23:09:03.591-03:00 DEBUG 13228 --- [ms-dfs-reservas] [           main] org.hibernate.type.BasicTypeRegistry     : Adding type registration short -> org.hibernate.type.BasicTypeReference@7e1953f7
2024-10-06T23:09:03.591-03:00 DEBUG 13228 --- [ms-dfs-reservas] [           main] org.hibernate.type.BasicTypeRegistry     : Adding type registration java.lang.Short -> org.hibernate.type.BasicTypeReference@7e1953f7
2024-10-06T23:09:03.591-03:00 DEBUG 13228 --- [ms-dfs-reservas] [           main] org.hibernate.type.BasicTypeRegistry     : Adding type registration integer -> org.hibernate.type.BasicTypeReference@26f07261
2024-10-06T23:09:03.591-03:00 DEBUG 13228 --- [ms-dfs-reservas] [           main] org.hibernate.type.BasicTypeRegistry     : Adding type registration int -> org.hibernate.type.BasicTypeReference@26f07261
2024-10-06T23:09:03.591-03:00 DEBUG 13228 --- [ms-dfs-reservas] [           main] org.hibernate.type.BasicTypeRegistry     : Adding type registration java.lang.Integer -> org.hibernate.type.BasicTypeReference@26f07261
2024-10-06T23:09:03.591-03:00 DEBUG 13228 --- [ms-dfs-reservas] [           main] org.hibernate.type.BasicTypeRegistry     : Adding type registration long -> org.hibernate.type.BasicTypeReference@2b55ea4d
2024-10-06T23:09:03.591-03:00 DEBUG 13228 --- [ms-dfs-reservas] [           main] org.hibernate.type.BasicTypeRegistry     : Adding type registration long -> org.hibernate.type.BasicTypeReference@2b55ea4d
2024-10-06T23:09:03.591-03:00 DEBUG 13228 --- [ms-dfs-reservas] [           main] org.hibernate.type.BasicTypeRegistry     : Adding type registration java.lang.Long -> org.hibernate.type.BasicTypeReference@2b55ea4d
2024-10-06T23:09:03.591-03:00 DEBUG 13228 --- [ms-dfs-reservas] [           main] org.hibernate.type.BasicTypeRegistry     : Adding type registration float -> org.hibernate.type.BasicTypeReference@63ede2a0
2024-10-06T23:09:03.591-03:00 DEBUG 13228 --- [ms-dfs-reservas] [           main] org.hibernate.type.BasicTypeRegistry     : Adding type registration float -> org.hibernate.type.BasicTypeReference@63ede2a0
2024-10-06T23:09:03.591-03:00 DEBUG 13228 --- [ms-dfs-reservas] [           main] org.hibernate.type.BasicTypeRegistry     : Adding type registration java.lang.Float -> org.hibernate.type.BasicTypeReference@63ede2a0
2024-10-06T23:09:03.591-03:00 DEBUG 13228 --- [ms-dfs-reservas] [           main] org.hibernate.type.BasicTypeRegistry     : Adding type registration double -> org.hibernate.type.BasicTypeReference@57df93c1
2024-10-06T23:09:03.591-03:00 DEBUG 13228 --- [ms-dfs-reservas] [           main] org.hibernate.type.BasicTypeRegistry     : Adding type registration double -> org.hibernate.type.BasicTypeReference@57df93c1
2024-10-06T23:09:03.591-03:00 DEBUG 13228 --- [ms-dfs-reservas] [           main] org.hibernate.type.BasicTypeRegistry     : Adding type registration java.lang.Double -> org.hibernate.type.BasicTypeReference@57df93c1
2024-10-06T23:09:03.591-03:00 DEBUG 13228 --- [ms-dfs-reservas] [           main] org.hibernate.type.BasicTypeRegistry     : Adding type registration big_integer -> org.hibernate.type.BasicTypeReference@72998021
2024-10-06T23:09:03.591-03:00 DEBUG 13228 --- [ms-dfs-reservas] [           main] org.hibernate.type.BasicTypeRegistry     : Adding type registration java.math.BigInteger -> org.hibernate.type.BasicTypeReference@72998021
2024-10-06T23:09:03.591-03:00 DEBUG 13228 --- [ms-dfs-reservas] [           main] org.hibernate.type.BasicTypeRegistry     : Adding type registration big_decimal -> org.hibernate.type.BasicTypeReference@761a0bbd
2024-10-06T23:09:03.591-03:00 DEBUG 13228 --- [ms-dfs-reservas] [           main] org.hibernate.type.BasicTypeRegistry     : Adding type registration java.math.BigDecimal -> org.hibernate.type.BasicTypeReference@761a0bbd
2024-10-06T23:09:03.591-03:00 DEBUG 13228 --- [ms-dfs-reservas] [           main] org.hibernate.type.BasicTypeRegistry     : Adding type registration character -> org.hibernate.type.BasicTypeReference@7a6e0f3c
2024-10-06T23:09:03.591-03:00 DEBUG 13228 --- [ms-dfs-reservas] [           main] org.hibernate.type.BasicTypeRegistry     : Adding type registration char -> org.hibernate.type.BasicTypeReference@7a6e0f3c
2024-10-06T23:09:03.591-03:00 DEBUG 13228 --- [ms-dfs-reservas] [           main] org.hibernate.type.BasicTypeRegistry     : Adding type registration java.lang.Character -> org.hibernate.type.BasicTypeReference@7a6e0f3c
2024-10-06T23:09:03.591-03:00 DEBUG 13228 --- [ms-dfs-reservas] [           main] org.hibernate.type.BasicTypeRegistry     : Adding type registration character_nchar -> org.hibernate.type.BasicTypeReference@5184da2b
2024-10-06T23:09:03.591-03:00 DEBUG 13228 --- [ms-dfs-reservas] [           main] org.hibernate.type.BasicTypeRegistry     : Adding type registration string -> org.hibernate.type.BasicTypeReference@6fa2d0b2
2024-10-06T23:09:03.591-03:00 DEBUG 13228 --- [ms-dfs-reservas] [           main] org.hibernate.type.BasicTypeRegistry     : Adding type registration java.lang.String -> org.hibernate.type.BasicTypeReference@6fa2d0b2
2024-10-06T23:09:03.591-03:00 DEBUG 13228 --- [ms-dfs-reservas] [           main] org.hibernate.type.BasicTypeRegistry     : Adding type registration nstring -> org.hibernate.type.BasicTypeReference@49c37918
2024-10-06T23:09:03.591-03:00 DEBUG 13228 --- [ms-dfs-reservas] [           main] org.hibernate.type.BasicTypeRegistry     : Adding type registration characters -> org.hibernate.type.BasicTypeReference@43de88f3
2024-10-06T23:09:03.591-03:00 DEBUG 13228 --- [ms-dfs-reservas] [           main] org.hibernate.type.BasicTypeRegistry     : Adding type registration char[] -> org.hibernate.type.BasicTypeReference@43de88f3
2024-10-06T23:09:03.591-03:00 DEBUG 13228 --- [ms-dfs-reservas] [           main] org.hibernate.type.BasicTypeRegistry     : Adding type registration [C -> org.hibernate.type.BasicTypeReference@43de88f3
2024-10-06T23:09:03.591-03:00 DEBUG 13228 --- [ms-dfs-reservas] [           main] org.hibernate.type.BasicTypeRegistry     : Adding type registration wrapper-characters -> org.hibernate.type.BasicTypeReference@347c5721
2024-10-06T23:09:03.591-03:00 DEBUG 13228 --- [ms-dfs-reservas] [           main] org.hibernate.type.BasicTypeRegistry     : Adding type registration text -> org.hibernate.type.BasicTypeReference@4d22265c
2024-10-06T23:09:03.591-03:00 DEBUG 13228 --- [ms-dfs-reservas] [           main] org.hibernate.type.BasicTypeRegistry     : Adding type registration ntext -> org.hibernate.type.BasicTypeReference@1f7b8d59
2024-10-06T23:09:03.591-03:00 DEBUG 13228 --- [ms-dfs-reservas] [           main] org.hibernate.type.BasicTypeRegistry     : Adding type registration clob -> org.hibernate.type.BasicTypeReference@28551755
2024-10-06T23:09:03.591-03:00 DEBUG 13228 --- [ms-dfs-reservas] [           main] org.hibernate.type.BasicTypeRegistry     : Adding type registration java.sql.Clob -> org.hibernate.type.BasicTypeReference@28551755
2024-10-06T23:09:03.591-03:00 DEBUG 13228 --- [ms-dfs-reservas] [           main] org.hibernate.type.BasicTypeRegistry     : Adding type registration nclob -> org.hibernate.type.BasicTypeReference@7ec68821
2024-10-06T23:09:03.591-03:00 DEBUG 13228 --- [ms-dfs-reservas] [           main] org.hibernate.type.BasicTypeRegistry     : Adding type registration java.sql.NClob -> org.hibernate.type.BasicTypeReference@7ec68821
2024-10-06T23:09:03.591-03:00 DEBUG 13228 --- [ms-dfs-reservas] [           main] org.hibernate.type.BasicTypeRegistry     : Adding type registration materialized_clob -> org.hibernate.type.BasicTypeReference@220a5163
2024-10-06T23:09:03.591-03:00 DEBUG 13228 --- [ms-dfs-reservas] [           main] org.hibernate.type.BasicTypeRegistry     : Adding type registration materialized_clob_char_array -> org.hibernate.type.BasicTypeReference@6158113e
2024-10-06T23:09:03.591-03:00 DEBUG 13228 --- [ms-dfs-reservas] [           main] org.hibernate.type.BasicTypeRegistry     : Adding type registration materialized_clob_character_array -> org.hibernate.type.BasicTypeReference@61375dff
2024-10-06T23:09:03.591-03:00 DEBUG 13228 --- [ms-dfs-reservas] [           main] org.hibernate.type.BasicTypeRegistry     : Adding type registration materialized_nclob -> org.hibernate.type.BasicTypeReference@2bfa5678
2024-10-06T23:09:03.591-03:00 DEBUG 13228 --- [ms-dfs-reservas] [           main] org.hibernate.type.BasicTypeRegistry     : Adding type registration materialized_nclob_character_array -> org.hibernate.type.BasicTypeReference@5b8b9b2d
2024-10-06T23:09:03.591-03:00 DEBUG 13228 --- [ms-dfs-reservas] [           main] org.hibernate.type.BasicTypeRegistry     : Adding type registration materialized_nclob_char_array -> org.hibernate.type.BasicTypeReference@7a7bb083
2024-10-06T23:09:03.591-03:00 DEBUG 13228 --- [ms-dfs-reservas] [           main] org.hibernate.type.BasicTypeRegistry     : Adding type registration Duration -> org.hibernate.type.BasicTypeReference@2178d296
2024-10-06T23:09:03.591-03:00 DEBUG 13228 --- [ms-dfs-reservas] [           main] org.hibernate.type.BasicTypeRegistry     : Adding type registration java.time.Duration -> org.hibernate.type.BasicTypeReference@2178d296
2024-10-06T23:09:03.591-03:00 DEBUG 13228 --- [ms-dfs-reservas] [           main] org.hibernate.type.BasicTypeRegistry     : Adding type registration LocalDateTime -> org.hibernate.type.BasicTypeReference@58c80957
2024-10-06T23:09:03.591-03:00 DEBUG 13228 --- [ms-dfs-reservas] [           main] org.hibernate.type.BasicTypeRegistry     : Adding type registration java.time.LocalDateTime -> org.hibernate.type.BasicTypeReference@58c80957
2024-10-06T23:09:03.591-03:00 DEBUG 13228 --- [ms-dfs-reservas] [           main] org.hibernate.type.BasicTypeRegistry     : Adding type registration LocalDate -> org.hibernate.type.BasicTypeReference@5f1db390
2024-10-06T23:09:03.591-03:00 DEBUG 13228 --- [ms-dfs-reservas] [           main] org.hibernate.type.BasicTypeRegistry     : Adding type registration java.time.LocalDate -> org.hibernate.type.BasicTypeReference@5f1db390
2024-10-06T23:09:03.591-03:00 DEBUG 13228 --- [ms-dfs-reservas] [           main] org.hibernate.type.BasicTypeRegistry     : Adding type registration LocalTime -> org.hibernate.type.BasicTypeReference@78c5ef58
2024-10-06T23:09:03.591-03:00 DEBUG 13228 --- [ms-dfs-reservas] [           main] org.hibernate.type.BasicTypeRegistry     : Adding type registration java.time.LocalTime -> org.hibernate.type.BasicTypeReference@78c5ef58
2024-10-06T23:09:03.591-03:00 DEBUG 13228 --- [ms-dfs-reservas] [           main] org.hibernate.type.BasicTypeRegistry     : Adding type registration OffsetDateTime -> org.hibernate.type.BasicTypeReference@1fce6eb4
2024-10-06T23:09:03.591-03:00 DEBUG 13228 --- [ms-dfs-reservas] [           main] org.hibernate.type.BasicTypeRegistry     : Adding type registration java.time.OffsetDateTime -> org.hibernate.type.BasicTypeReference@1fce6eb4
2024-10-06T23:09:03.591-03:00 DEBUG 13228 --- [ms-dfs-reservas] [           main] org.hibernate.type.BasicTypeRegistry     : Adding type registration OffsetDateTimeWithTimezone -> org.hibernate.type.BasicTypeReference@7d44eab
2024-10-06T23:09:03.593-03:00 DEBUG 13228 --- [ms-dfs-reservas] [           main] org.hibernate.type.BasicTypeRegistry     : Adding type registration OffsetDateTimeWithoutTimezone -> org.hibernate.type.BasicTypeReference@35e7fcf2
2024-10-06T23:09:03.593-03:00 DEBUG 13228 --- [ms-dfs-reservas] [           main] org.hibernate.type.BasicTypeRegistry     : Adding type registration OffsetTime -> org.hibernate.type.BasicTypeReference@620f7a39
2024-10-06T23:09:03.593-03:00 DEBUG 13228 --- [ms-dfs-reservas] [           main] org.hibernate.type.BasicTypeRegistry     : Adding type registration java.time.OffsetTime -> org.hibernate.type.BasicTypeReference@620f7a39
2024-10-06T23:09:03.593-03:00 DEBUG 13228 --- [ms-dfs-reservas] [           main] org.hibernate.type.BasicTypeRegistry     : Adding type registration OffsetTimeUtc -> org.hibernate.type.BasicTypeReference@e581302
2024-10-06T23:09:03.593-03:00 DEBUG 13228 --- [ms-dfs-reservas] [           main] org.hibernate.type.BasicTypeRegistry     : Adding type registration OffsetTimeWithTimezone -> org.hibernate.type.BasicTypeReference@2b5ca574
2024-10-06T23:09:03.593-03:00 DEBUG 13228 --- [ms-dfs-reservas] [           main] org.hibernate.type.BasicTypeRegistry     : Adding type registration OffsetTimeWithoutTimezone -> org.hibernate.type.BasicTypeReference@3891b430
2024-10-06T23:09:03.593-03:00 DEBUG 13228 --- [ms-dfs-reservas] [           main] org.hibernate.type.BasicTypeRegistry     : Adding type registration ZonedDateTime -> org.hibernate.type.BasicTypeReference@769f6023
2024-10-06T23:09:03.593-03:00 DEBUG 13228 --- [ms-dfs-reservas] [           main] org.hibernate.type.BasicTypeRegistry     : Adding type registration java.time.ZonedDateTime -> org.hibernate.type.BasicTypeReference@769f6023
2024-10-06T23:09:03.593-03:00 DEBUG 13228 --- [ms-dfs-reservas] [           main] org.hibernate.type.BasicTypeRegistry     : Adding type registration ZonedDateTimeWithTimezone -> org.hibernate.type.BasicTypeReference@38a61c81
2024-10-06T23:09:03.593-03:00 DEBUG 13228 --- [ms-dfs-reservas] [           main] org.hibernate.type.BasicTypeRegistry     : Adding type registration ZonedDateTimeWithoutTimezone -> org.hibernate.type.BasicTypeReference@2f03fdc0
2024-10-06T23:09:03.593-03:00 DEBUG 13228 --- [ms-dfs-reservas] [           main] org.hibernate.type.BasicTypeRegistry     : Adding type registration date -> org.hibernate.type.BasicTypeReference@1a06ec24
2024-10-06T23:09:03.593-03:00 DEBUG 13228 --- [ms-dfs-reservas] [           main] org.hibernate.type.BasicTypeRegistry     : Adding type registration java.sql.Date -> org.hibernate.type.BasicTypeReference@1a06ec24
2024-10-06T23:09:03.593-03:00 DEBUG 13228 --- [ms-dfs-reservas] [           main] org.hibernate.type.BasicTypeRegistry     : Adding type registration time -> org.hibernate.type.BasicTypeReference@1715193f
2024-10-06T23:09:03.593-03:00 DEBUG 13228 --- [ms-dfs-reservas] [           main] org.hibernate.type.BasicTypeRegistry     : Adding type registration java.sql.Time -> org.hibernate.type.BasicTypeReference@1715193f
2024-10-06T23:09:03.593-03:00 DEBUG 13228 --- [ms-dfs-reservas] [           main] org.hibernate.type.BasicTypeRegistry     : Adding type registration timestamp -> org.hibernate.type.BasicTypeReference@1f5f4d48
2024-10-06T23:09:03.593-03:00 DEBUG 13228 --- [ms-dfs-reservas] [           main] org.hibernate.type.BasicTypeRegistry     : Adding type registration java.sql.Timestamp -> org.hibernate.type.BasicTypeReference@1f5f4d48
2024-10-06T23:09:03.593-03:00 DEBUG 13228 --- [ms-dfs-reservas] [           main] org.hibernate.type.BasicTypeRegistry     : Adding type registration java.util.Date -> org.hibernate.type.BasicTypeReference@1f5f4d48
2024-10-06T23:09:03.593-03:00 DEBUG 13228 --- [ms-dfs-reservas] [           main] org.hibernate.type.BasicTypeRegistry     : Adding type registration calendar -> org.hibernate.type.BasicTypeReference@2f025e9e
2024-10-06T23:09:03.593-03:00 DEBUG 13228 --- [ms-dfs-reservas] [           main] org.hibernate.type.BasicTypeRegistry     : Adding type registration java.util.Calendar -> org.hibernate.type.BasicTypeReference@2f025e9e
2024-10-06T23:09:03.593-03:00 DEBUG 13228 --- [ms-dfs-reservas] [           main] org.hibernate.type.BasicTypeRegistry     : Adding type registration java.util.GregorianCalendar -> org.hibernate.type.BasicTypeReference@2f025e9e
2024-10-06T23:09:03.593-03:00 DEBUG 13228 --- [ms-dfs-reservas] [           main] org.hibernate.type.BasicTypeRegistry     : Adding type registration calendar_date -> org.hibernate.type.BasicTypeReference@2c8e096
2024-10-06T23:09:03.593-03:00 DEBUG 13228 --- [ms-dfs-reservas] [           main] org.hibernate.type.BasicTypeRegistry     : Adding type registration calendar_time -> org.hibernate.type.BasicTypeReference@3dabdd11
2024-10-06T23:09:03.593-03:00 DEBUG 13228 --- [ms-dfs-reservas] [           main] org.hibernate.type.BasicTypeRegistry     : Adding type registration instant -> org.hibernate.type.BasicTypeReference@587bf2e1
2024-10-06T23:09:03.593-03:00 DEBUG 13228 --- [ms-dfs-reservas] [           main] org.hibernate.type.BasicTypeRegistry     : Adding type registration java.time.Instant -> org.hibernate.type.BasicTypeReference@587bf2e1
2024-10-06T23:09:03.593-03:00 DEBUG 13228 --- [ms-dfs-reservas] [           main] org.hibernate.type.BasicTypeRegistry     : Adding type registration uuid -> org.hibernate.type.BasicTypeReference@6530a1de
2024-10-06T23:09:03.593-03:00 DEBUG 13228 --- [ms-dfs-reservas] [           main] org.hibernate.type.BasicTypeRegistry     : Adding type registration java.util.UUID -> org.hibernate.type.BasicTypeReference@6530a1de
2024-10-06T23:09:03.593-03:00 DEBUG 13228 --- [ms-dfs-reservas] [           main] org.hibernate.type.BasicTypeRegistry     : Adding type registration pg-uuid -> org.hibernate.type.BasicTypeReference@6530a1de
2024-10-06T23:09:03.593-03:00 DEBUG 13228 --- [ms-dfs-reservas] [           main] org.hibernate.type.BasicTypeRegistry     : Adding type registration uuid-binary -> org.hibernate.type.BasicTypeReference@20b921be
2024-10-06T23:09:03.593-03:00 DEBUG 13228 --- [ms-dfs-reservas] [           main] org.hibernate.type.BasicTypeRegistry     : Adding type registration uuid-char -> org.hibernate.type.BasicTypeReference@431923ed
2024-10-06T23:09:03.593-03:00 DEBUG 13228 --- [ms-dfs-reservas] [           main] org.hibernate.type.BasicTypeRegistry     : Adding type registration class -> org.hibernate.type.BasicTypeReference@44723d95
2024-10-06T23:09:03.593-03:00 DEBUG 13228 --- [ms-dfs-reservas] [           main] org.hibernate.type.BasicTypeRegistry     : Adding type registration java.lang.Class -> org.hibernate.type.BasicTypeReference@44723d95
2024-10-06T23:09:03.593-03:00 DEBUG 13228 --- [ms-dfs-reservas] [           main] org.hibernate.type.BasicTypeRegistry     : Adding type registration currency -> org.hibernate.type.BasicTypeReference@242c4a94
2024-10-06T23:09:03.593-03:00 DEBUG 13228 --- [ms-dfs-reservas] [           main] org.hibernate.type.BasicTypeRegistry     : Adding type registration Currency -> org.hibernate.type.BasicTypeReference@242c4a94
2024-10-06T23:09:03.593-03:00 DEBUG 13228 --- [ms-dfs-reservas] [           main] org.hibernate.type.BasicTypeRegistry     : Adding type registration java.util.Currency -> org.hibernate.type.BasicTypeReference@242c4a94
2024-10-06T23:09:03.593-03:00 DEBUG 13228 --- [ms-dfs-reservas] [           main] org.hibernate.type.BasicTypeRegistry     : Adding type registration locale -> org.hibernate.type.BasicTypeReference@4df13b7e
2024-10-06T23:09:03.593-03:00 DEBUG 13228 --- [ms-dfs-reservas] [           main] org.hibernate.type.BasicTypeRegistry     : Adding type registration java.util.Locale -> org.hibernate.type.BasicTypeReference@4df13b7e
2024-10-06T23:09:03.593-03:00 DEBUG 13228 --- [ms-dfs-reservas] [           main] org.hibernate.type.BasicTypeRegistry     : Adding type registration serializable -> org.hibernate.type.BasicTypeReference@477d6f66
2024-10-06T23:09:03.593-03:00 DEBUG 13228 --- [ms-dfs-reservas] [           main] org.hibernate.type.BasicTypeRegistry     : Adding type registration java.io.Serializable -> org.hibernate.type.BasicTypeReference@477d6f66
2024-10-06T23:09:03.593-03:00 DEBUG 13228 --- [ms-dfs-reservas] [           main] org.hibernate.type.BasicTypeRegistry     : Adding type registration timezone -> org.hibernate.type.BasicTypeReference@12b66c89
2024-10-06T23:09:03.593-03:00 DEBUG 13228 --- [ms-dfs-reservas] [           main] org.hibernate.type.BasicTypeRegistry     : Adding type registration java.util.TimeZone -> org.hibernate.type.BasicTypeReference@12b66c89
2024-10-06T23:09:03.593-03:00 DEBUG 13228 --- [ms-dfs-reservas] [           main] org.hibernate.type.BasicTypeRegistry     : Adding type registration ZoneOffset -> org.hibernate.type.BasicTypeReference@5408fca1
2024-10-06T23:09:03.593-03:00 DEBUG 13228 --- [ms-dfs-reservas] [           main] org.hibernate.type.BasicTypeRegistry     : Adding type registration java.time.ZoneOffset -> org.hibernate.type.BasicTypeReference@5408fca1
2024-10-06T23:09:03.593-03:00 DEBUG 13228 --- [ms-dfs-reservas] [           main] org.hibernate.type.BasicTypeRegistry     : Adding type registration url -> org.hibernate.type.BasicTypeReference@10660795
2024-10-06T23:09:03.593-03:00 DEBUG 13228 --- [ms-dfs-reservas] [           main] org.hibernate.type.BasicTypeRegistry     : Adding type registration java.net.URL -> org.hibernate.type.BasicTypeReference@10660795
2024-10-06T23:09:03.593-03:00 DEBUG 13228 --- [ms-dfs-reservas] [           main] org.hibernate.type.BasicTypeRegistry     : Adding type registration vector -> org.hibernate.type.BasicTypeReference@3ccc4ca0
2024-10-06T23:09:03.593-03:00 DEBUG 13228 --- [ms-dfs-reservas] [           main] org.hibernate.type.BasicTypeRegistry     : Adding type registration row_version -> org.hibernate.type.BasicTypeReference@1dbfbd94
2024-10-06T23:09:03.593-03:00 DEBUG 13228 --- [ms-dfs-reservas] [           main] org.hibernate.type.BasicTypeRegistry     : Adding type registration object -> org.hibernate.type.JavaObjectType@6329a5b9
2024-10-06T23:09:03.593-03:00 DEBUG 13228 --- [ms-dfs-reservas] [           main] org.hibernate.type.BasicTypeRegistry     : Adding type registration java.lang.Object -> org.hibernate.type.JavaObjectType@6329a5b9
2024-10-06T23:09:03.593-03:00 DEBUG 13228 --- [ms-dfs-reservas] [           main] org.hibernate.type.BasicTypeRegistry     : Adding type registration null -> org.hibernate.type.NullType@44a0e68f
2024-10-06T23:09:03.593-03:00 DEBUG 13228 --- [ms-dfs-reservas] [           main] org.hibernate.type.BasicTypeRegistry     : Adding type registration imm_date -> org.hibernate.type.BasicTypeReference@24763d10
2024-10-06T23:09:03.593-03:00 DEBUG 13228 --- [ms-dfs-reservas] [           main] org.hibernate.type.BasicTypeRegistry     : Adding type registration imm_time -> org.hibernate.type.BasicTypeReference@440dc4f7
2024-10-06T23:09:03.593-03:00 DEBUG 13228 --- [ms-dfs-reservas] [           main] org.hibernate.type.BasicTypeRegistry     : Adding type registration imm_timestamp -> org.hibernate.type.BasicTypeReference@112ec8a7
2024-10-06T23:09:03.593-03:00 DEBUG 13228 --- [ms-dfs-reservas] [           main] org.hibernate.type.BasicTypeRegistry     : Adding type registration imm_calendar -> org.hibernate.type.BasicTypeReference@65bf5c38
2024-10-06T23:09:03.593-03:00 DEBUG 13228 --- [ms-dfs-reservas] [           main] org.hibernate.type.BasicTypeRegistry     : Adding type registration imm_calendar_date -> org.hibernate.type.BasicTypeReference@70347322
2024-10-06T23:09:03.593-03:00 DEBUG 13228 --- [ms-dfs-reservas] [           main] org.hibernate.type.BasicTypeRegistry     : Adding type registration imm_calendar_time -> org.hibernate.type.BasicTypeReference@5a342baf
2024-10-06T23:09:03.594-03:00 DEBUG 13228 --- [ms-dfs-reservas] [           main] org.hibernate.type.BasicTypeRegistry     : Adding type registration imm_binary -> org.hibernate.type.BasicTypeReference@3db8bbbe
2024-10-06T23:09:03.594-03:00 DEBUG 13228 --- [ms-dfs-reservas] [           main] org.hibernate.type.BasicTypeRegistry     : Adding type registration imm_serializable -> org.hibernate.type.BasicTypeReference@22796ead
2024-10-06T23:09:03.595-03:00 DEBUG 13228 --- [ms-dfs-reservas] [           main] o.h.boot.internal.BootstrapContextImpl   : Injecting JPA temp ClassLoader [org.springframework.instrument.classloading.SimpleThrowawayClassLoader@a95807f] into BootstrapContext; was [null]
2024-10-06T23:09:03.595-03:00 DEBUG 13228 --- [ms-dfs-reservas] [           main] o.h.boot.internal.ClassLoaderAccessImpl  : ClassLoaderAccessImpl#injectTempClassLoader(org.springframework.instrument.classloading.SimpleThrowawayClassLoader@a95807f) [was null]
2024-10-06T23:09:03.595-03:00 DEBUG 13228 --- [ms-dfs-reservas] [           main] o.h.boot.internal.BootstrapContextImpl   : Injecting ScanEnvironment [org.hibernate.jpa.boot.internal.StandardJpaScanEnvironmentImpl@7288afd8] into BootstrapContext; was [null]
2024-10-06T23:09:03.595-03:00 DEBUG 13228 --- [ms-dfs-reservas] [           main] o.h.boot.internal.BootstrapContextImpl   : Injecting ScanOptions [org.hibernate.boot.archive.scan.internal.StandardScanOptions@1b6dab22] into BootstrapContext; was [org.hibernate.boot.archive.scan.internal.StandardScanOptions@57832650]
2024-10-06T23:09:03.601-03:00  INFO 13228 --- [ms-dfs-reservas] [           main] o.s.o.j.p.SpringPersistenceUnitInfo      : No LoadTimeWeaver setup: ignoring JPA class transformer
2024-10-06T23:09:03.601-03:00 DEBUG 13228 --- [ms-dfs-reservas] [           main] o.h.boot.internal.BootstrapContextImpl   : Injecting JPA temp ClassLoader [null] into BootstrapContext; was [org.springframework.instrument.classloading.SimpleThrowawayClassLoader@a95807f]
2024-10-06T23:09:03.601-03:00 DEBUG 13228 --- [ms-dfs-reservas] [           main] o.h.boot.internal.ClassLoaderAccessImpl  : ClassLoaderAccessImpl#injectTempClassLoader(null) [was org.springframework.instrument.classloading.SimpleThrowawayClassLoader@a95807f]
2024-10-06T23:09:03.602-03:00  INFO 13228 --- [ms-dfs-reservas] [           main] com.zaxxer.hikari.HikariDataSource       : HikariPool-2 - Starting...
2024-10-06T23:09:03.602-03:00  WARN 13228 --- [ms-dfs-reservas] [           main] c.zaxxer.hikari.util.DriverDataSource    : Registered driver with driverClassName=oracle.jdbc.driver.OracleDriver was not found, trying direct instantiation.
2024-10-06T23:09:03.737-03:00  INFO 13228 --- [ms-dfs-reservas] [           main] com.zaxxer.hikari.pool.HikariPool        : HikariPool-2 - Added connection oracle.jdbc.driver.T4CConnection@71b253b
2024-10-06T23:09:03.737-03:00  INFO 13228 --- [ms-dfs-reservas] [           main] com.zaxxer.hikari.HikariDataSource       : HikariPool-2 - Start completed.
2024-10-06T23:09:03.737-03:00 DEBUG 13228 --- [ms-dfs-reservas] [           main] o.h.e.j.e.i.JdbcEnvironmentInitiator     : Database ->
	   name : Oracle
	version : Oracle Database 19c Enterprise Edition Release 19.0.0.0.0 - Production
Version 19.25.0.1.0
	  major : 19
	  minor : 0
2024-10-06T23:09:03.737-03:00 DEBUG 13228 --- [ms-dfs-reservas] [           main] o.h.e.j.e.i.JdbcEnvironmentInitiator     : Driver ->
	   name : Oracle JDBC driver
	version : 21.9.0.0.0
	  major : 21
	  minor : 9
2024-10-06T23:09:03.737-03:00 DEBUG 13228 --- [ms-dfs-reservas] [           main] o.h.e.j.e.i.JdbcEnvironmentInitiator     : JDBC version : 4.3
2024-10-06T23:09:03.739-03:00  WARN 13228 --- [ms-dfs-reservas] [           main] org.hibernate.orm.deprecation            : HHH90000025: OracleDialect does not need to be specified explicitly using 'hibernate.dialect' (remove the property setting and it will be selected by default)
2024-10-06T23:09:03.740-03:00 DEBUG 13228 --- [ms-dfs-reservas] [           main] org.hibernate.orm.dialect                : HHH035001: Using dialect: org.hibernate.dialect.OracleDialect, version: 19.0
2024-10-06T23:09:03.746-03:00 DEBUG 13228 --- [ms-dfs-reservas] [           main] o.h.t.d.jdbc.spi.JdbcTypeRegistry        : addDescriptor(NCharTypeDescriptor) replaced previous registration(CharTypeDescriptor)
2024-10-06T23:09:03.746-03:00 DEBUG 13228 --- [ms-dfs-reservas] [           main] o.h.t.d.jdbc.spi.JdbcTypeRegistry        : addDescriptor(NVarcharTypeDescriptor) replaced previous registration(VarcharTypeDescriptor)
2024-10-06T23:09:03.746-03:00 DEBUG 13228 --- [ms-dfs-reservas] [           main] o.h.t.d.jdbc.spi.JdbcTypeRegistry        : addDescriptor(LongNVarcharTypeDescriptor) replaced previous registration(LongVarcharTypeDescriptor)
2024-10-06T23:09:03.746-03:00 DEBUG 13228 --- [ms-dfs-reservas] [           main] o.h.t.d.jdbc.spi.JdbcTypeRegistry        : addDescriptor(NClobTypeDescriptor(DEFAULT)) replaced previous registration(ClobTypeDescriptor(DEFAULT))
2024-10-06T23:09:03.746-03:00 DEBUG 13228 --- [ms-dfs-reservas] [           main] o.h.t.d.jdbc.spi.JdbcTypeRegistry        : addDescriptor(2005, ClobTypeDescriptor(STREAM_BINDING)) replaced previous registration(ClobTypeDescriptor(DEFAULT))
2024-10-06T23:09:03.746-03:00 DEBUG 13228 --- [ms-dfs-reservas] [           main] o.h.t.d.jdbc.spi.JdbcTypeRegistry        : addDescriptor(BooleanTypeDescriptor) replaced previous registration(BooleanTypeDescriptor)
2024-10-06T23:09:03.747-03:00 DEBUG 13228 --- [ms-dfs-reservas] [           main] org.hibernate.type.BasicTypeRegistry     : Adding type registration null -> org.hibernate.type.NullType@60c95d8
2024-10-06T23:09:03.747-03:00 DEBUG 13228 --- [ms-dfs-reservas] [           main] org.hibernate.type.BasicTypeRegistry     : Type registration key [null] overrode previous entry : `org.hibernate.type.NullType@44a0e68f`
2024-10-06T23:09:03.747-03:00 DEBUG 13228 --- [ms-dfs-reservas] [           main] org.hibernate.type.BasicTypeRegistry     : Adding type registration JAVA_OBJECT -> org.hibernate.type.JavaObjectType@40557b00
2024-10-06T23:09:03.747-03:00 DEBUG 13228 --- [ms-dfs-reservas] [           main] org.hibernate.type.BasicTypeRegistry     : Adding type registration java.lang.Object -> org.hibernate.type.JavaObjectType@40557b00
2024-10-06T23:09:03.747-03:00 DEBUG 13228 --- [ms-dfs-reservas] [           main] org.hibernate.type.BasicTypeRegistry     : Type registration key [java.lang.Object] overrode previous entry : `org.hibernate.type.JavaObjectType@6329a5b9`
2024-10-06T23:09:03.747-03:00 DEBUG 13228 --- [ms-dfs-reservas] [           main] org.hibernate.type.BasicTypeRegistry     : Adding type registration org.hibernate.type.DurationType -> basicType@22(java.time.Duration,3015)
2024-10-06T23:09:03.747-03:00 DEBUG 13228 --- [ms-dfs-reservas] [           main] org.hibernate.type.BasicTypeRegistry     : Adding type registration Duration -> basicType@22(java.time.Duration,3015)
2024-10-06T23:09:03.747-03:00 DEBUG 13228 --- [ms-dfs-reservas] [           main] org.hibernate.type.BasicTypeRegistry     : Adding type registration java.time.Duration -> basicType@22(java.time.Duration,3015)
2024-10-06T23:09:03.747-03:00 DEBUG 13228 --- [ms-dfs-reservas] [           main] o.h.type.spi.TypeConfiguration$Scope     : Scoping TypeConfiguration [org.hibernate.type.spi.TypeConfiguration@172e4d3a] to MetadataBuildingContext [org.hibernate.boot.internal.MetadataBuildingContextRootImpl@74faa12]
2024-10-06T23:09:03.747-03:00 DEBUG 13228 --- [ms-dfs-reservas] [           main] o.h.boot.model.relational.Namespace      : Created database namespace [logicalName=Name{catalog=null, schema=null}, physicalName=Name{catalog=null, schema=null}]
2024-10-06T23:09:03.747-03:00 DEBUG 13228 --- [ms-dfs-reservas] [           main] o.h.boot.model.internal.EntityBinder     : Binding entity from annotated class: dfs.s3.ms_dfs_reservas.model.Cita
2024-10-06T23:09:03.747-03:00 DEBUG 13228 --- [ms-dfs-reservas] [           main] o.h.boot.model.internal.EntityBinder     : Import with entity name Cita
2024-10-06T23:09:03.747-03:00 DEBUG 13228 --- [ms-dfs-reservas] [           main] o.h.boot.model.internal.EntityBinder     : Bind entity dfs.s3.ms_dfs_reservas.model.Cita on table cita
2024-10-06T23:09:03.747-03:00 DEBUG 13228 --- [ms-dfs-reservas] [           main] o.h.boot.model.internal.AnnotatedColumn  : Binding column: AnnotatedDiscriminatorColumn(column='DTYPE')
2024-10-06T23:09:03.748-03:00 DEBUG 13228 --- [ms-dfs-reservas] [           main] o.h.boot.model.internal.AnnotatedColumn  : Binding column: AnnotatedColumn(column='id')
2024-10-06T23:09:03.748-03:00 DEBUG 13228 --- [ms-dfs-reservas] [           main] o.h.boot.internal.ClassLoaderAccessImpl  : Not known whether passed class name [dfs.s3.ms_dfs_reservas.model.Cita] is safe
2024-10-06T23:09:03.748-03:00 DEBUG 13228 --- [ms-dfs-reservas] [           main] o.h.boot.internal.ClassLoaderAccessImpl  : No temp ClassLoader provided; using live ClassLoader for loading potentially unsafe class : dfs.s3.ms_dfs_reservas.model.Cita
2024-10-06T23:09:03.748-03:00 DEBUG 13228 --- [ms-dfs-reservas] [           main] o.h.boot.model.internal.PropertyBinder   : MetadataSourceProcessor property id with lazy=false
2024-10-06T23:09:03.748-03:00 DEBUG 13228 --- [ms-dfs-reservas] [           main] o.h.b.m.internal.AbstractPropertyHolder  : Attempting to locate auto-apply AttributeConverter for property [dfs.s3.ms_dfs_reservas.model.Cita:id]
2024-10-06T23:09:03.748-03:00 DEBUG 13228 --- [ms-dfs-reservas] [           main] o.h.b.model.internal.BasicValueBinder    : building BasicValue for id
2024-10-06T23:09:03.748-03:00 DEBUG 13228 --- [ms-dfs-reservas] [           main] org.hibernate.mapping.BasicValue         : Skipping column re-registration: cita.id
2024-10-06T23:09:03.748-03:00 DEBUG 13228 --- [ms-dfs-reservas] [           main] o.h.boot.model.internal.PropertyBinder   : Building property id
2024-10-06T23:09:03.748-03:00 DEBUG 13228 --- [ms-dfs-reservas] [           main] o.h.boot.model.internal.BinderHelper     : #makeIdGenerator(BasicValue([Column(id)]), id, identity, , ...)
2024-10-06T23:09:03.748-03:00 DEBUG 13228 --- [ms-dfs-reservas] [           main] o.h.boot.model.internal.AnnotatedColumn  : Binding column: AnnotatedColumn(column='disponible')
2024-10-06T23:09:03.748-03:00 DEBUG 13228 --- [ms-dfs-reservas] [           main] o.h.boot.model.internal.PropertyBinder   : MetadataSourceProcessor property disponible with lazy=false
2024-10-06T23:09:03.748-03:00 DEBUG 13228 --- [ms-dfs-reservas] [           main] o.h.b.m.internal.AbstractPropertyHolder  : Attempting to locate auto-apply AttributeConverter for property [dfs.s3.ms_dfs_reservas.model.Cita:disponible]
2024-10-06T23:09:03.748-03:00 DEBUG 13228 --- [ms-dfs-reservas] [           main] o.h.b.model.internal.BasicValueBinder    : building BasicValue for disponible
2024-10-06T23:09:03.748-03:00 DEBUG 13228 --- [ms-dfs-reservas] [           main] org.hibernate.mapping.BasicValue         : Skipping column re-registration: cita.disponible
2024-10-06T23:09:03.748-03:00 DEBUG 13228 --- [ms-dfs-reservas] [           main] o.h.boot.model.internal.PropertyBinder   : Building property disponible
2024-10-06T23:09:03.748-03:00 DEBUG 13228 --- [ms-dfs-reservas] [           main] o.h.boot.model.internal.AnnotatedColumn  : Binding column: AnnotatedColumn(column='fecha_hora')
2024-10-06T23:09:03.748-03:00 DEBUG 13228 --- [ms-dfs-reservas] [           main] o.h.boot.model.internal.PropertyBinder   : MetadataSourceProcessor property fecha_hora with lazy=false
2024-10-06T23:09:03.748-03:00 DEBUG 13228 --- [ms-dfs-reservas] [           main] o.h.b.m.internal.AbstractPropertyHolder  : Attempting to locate auto-apply AttributeConverter for property [dfs.s3.ms_dfs_reservas.model.Cita:fecha_hora]
2024-10-06T23:09:03.748-03:00 DEBUG 13228 --- [ms-dfs-reservas] [           main] o.h.b.model.internal.BasicValueBinder    : building BasicValue for fecha_hora
2024-10-06T23:09:03.748-03:00 DEBUG 13228 --- [ms-dfs-reservas] [           main] org.hibernate.mapping.BasicValue         : Skipping column re-registration: cita.fecha_hora
2024-10-06T23:09:03.748-03:00 DEBUG 13228 --- [ms-dfs-reservas] [           main] o.h.boot.model.internal.PropertyBinder   : Building property fecha_hora
2024-10-06T23:09:03.748-03:00 DEBUG 13228 --- [ms-dfs-reservas] [           main] o.h.boot.model.internal.AnnotatedColumn  : Binding column: AnnotatedColumn(column='fin')
2024-10-06T23:09:03.748-03:00 DEBUG 13228 --- [ms-dfs-reservas] [           main] o.h.boot.model.internal.PropertyBinder   : MetadataSourceProcessor property fin with lazy=false
2024-10-06T23:09:03.748-03:00 DEBUG 13228 --- [ms-dfs-reservas] [           main] o.h.b.m.internal.AbstractPropertyHolder  : Attempting to locate auto-apply AttributeConverter for property [dfs.s3.ms_dfs_reservas.model.Cita:fin]
2024-10-06T23:09:03.748-03:00 DEBUG 13228 --- [ms-dfs-reservas] [           main] o.h.b.model.internal.BasicValueBinder    : building BasicValue for fin
2024-10-06T23:09:03.748-03:00 DEBUG 13228 --- [ms-dfs-reservas] [           main] org.hibernate.mapping.BasicValue         : Skipping column re-registration: cita.fin
2024-10-06T23:09:03.748-03:00 DEBUG 13228 --- [ms-dfs-reservas] [           main] o.h.boot.model.internal.PropertyBinder   : Building property fin
2024-10-06T23:09:03.748-03:00 DEBUG 13228 --- [ms-dfs-reservas] [           main] o.h.boot.model.internal.AnnotatedColumn  : Binding column: AnnotatedColumn(column='inicio')
2024-10-06T23:09:03.748-03:00 DEBUG 13228 --- [ms-dfs-reservas] [           main] o.h.boot.model.internal.PropertyBinder   : MetadataSourceProcessor property inicio with lazy=false
2024-10-06T23:09:03.748-03:00 DEBUG 13228 --- [ms-dfs-reservas] [           main] o.h.b.m.internal.AbstractPropertyHolder  : Attempting to locate auto-apply AttributeConverter for property [dfs.s3.ms_dfs_reservas.model.Cita:inicio]
2024-10-06T23:09:03.748-03:00 DEBUG 13228 --- [ms-dfs-reservas] [           main] o.h.b.model.internal.BasicValueBinder    : building BasicValue for inicio
2024-10-06T23:09:03.748-03:00 DEBUG 13228 --- [ms-dfs-reservas] [           main] org.hibernate.mapping.BasicValue         : Skipping column re-registration: cita.inicio
2024-10-06T23:09:03.748-03:00 DEBUG 13228 --- [ms-dfs-reservas] [           main] o.h.boot.model.internal.PropertyBinder   : Building property inicio
2024-10-06T23:09:03.749-03:00 DEBUG 13228 --- [ms-dfs-reservas] [           main] o.h.boot.model.internal.AnnotatedColumn  : Binding column: AnnotatedColumn(column='medico')
2024-10-06T23:09:03.749-03:00 DEBUG 13228 --- [ms-dfs-reservas] [           main] o.h.boot.model.internal.PropertyBinder   : MetadataSourceProcessor property medico with lazy=false
2024-10-06T23:09:03.749-03:00 DEBUG 13228 --- [ms-dfs-reservas] [           main] o.h.b.m.internal.AbstractPropertyHolder  : Attempting to locate auto-apply AttributeConverter for property [dfs.s3.ms_dfs_reservas.model.Cita:medico]
2024-10-06T23:09:03.749-03:00 DEBUG 13228 --- [ms-dfs-reservas] [           main] o.h.b.model.internal.BasicValueBinder    : building BasicValue for medico
2024-10-06T23:09:03.749-03:00 DEBUG 13228 --- [ms-dfs-reservas] [           main] org.hibernate.mapping.BasicValue         : Skipping column re-registration: cita.medico
2024-10-06T23:09:03.749-03:00 DEBUG 13228 --- [ms-dfs-reservas] [           main] o.h.boot.model.internal.PropertyBinder   : Building property medico
2024-10-06T23:09:03.749-03:00 DEBUG 13228 --- [ms-dfs-reservas] [           main] o.h.boot.model.internal.AnnotatedColumn  : Binding column: AnnotatedColumn(column='paciente')
2024-10-06T23:09:03.749-03:00 DEBUG 13228 --- [ms-dfs-reservas] [           main] o.h.boot.model.internal.PropertyBinder   : MetadataSourceProcessor property paciente with lazy=false
2024-10-06T23:09:03.749-03:00 DEBUG 13228 --- [ms-dfs-reservas] [           main] o.h.b.m.internal.AbstractPropertyHolder  : Attempting to locate auto-apply AttributeConverter for property [dfs.s3.ms_dfs_reservas.model.Cita:paciente]
2024-10-06T23:09:03.749-03:00 DEBUG 13228 --- [ms-dfs-reservas] [           main] o.h.b.model.internal.BasicValueBinder    : building BasicValue for paciente
2024-10-06T23:09:03.749-03:00 DEBUG 13228 --- [ms-dfs-reservas] [           main] org.hibernate.mapping.BasicValue         : Skipping column re-registration: cita.paciente
2024-10-06T23:09:03.749-03:00 DEBUG 13228 --- [ms-dfs-reservas] [           main] o.h.boot.model.internal.PropertyBinder   : Building property paciente
2024-10-06T23:09:03.749-03:00 DEBUG 13228 --- [ms-dfs-reservas] [           main] o.h.b.r.c.i.ClassLoaderServiceImpl       : HHH000194: Package not found or no package-info.java: dfs.s3.ms_dfs_reservas.model
2024-10-06T23:09:03.750-03:00 DEBUG 13228 --- [ms-dfs-reservas] [           main] o.h.b.model.internal.BasicValueBinder    : Starting `BasicValueBinder#fillSimpleValue` for id
2024-10-06T23:09:03.750-03:00 DEBUG 13228 --- [ms-dfs-reservas] [           main] o.h.b.model.internal.BasicValueBinder    : Starting `BasicValueBinder#fillSimpleValue` for disponible
2024-10-06T23:09:03.750-03:00 DEBUG 13228 --- [ms-dfs-reservas] [           main] o.h.b.model.internal.BasicValueBinder    : Starting `BasicValueBinder#fillSimpleValue` for fecha_hora
2024-10-06T23:09:03.750-03:00 DEBUG 13228 --- [ms-dfs-reservas] [           main] o.h.b.model.internal.BasicValueBinder    : Starting `BasicValueBinder#fillSimpleValue` for fin
2024-10-06T23:09:03.750-03:00 DEBUG 13228 --- [ms-dfs-reservas] [           main] o.h.b.model.internal.BasicValueBinder    : Starting `BasicValueBinder#fillSimpleValue` for inicio
2024-10-06T23:09:03.750-03:00 DEBUG 13228 --- [ms-dfs-reservas] [           main] o.h.b.model.internal.BasicValueBinder    : Starting `BasicValueBinder#fillSimpleValue` for medico
2024-10-06T23:09:03.750-03:00 DEBUG 13228 --- [ms-dfs-reservas] [           main] o.h.b.model.internal.BasicValueBinder    : Starting `BasicValueBinder#fillSimpleValue` for paciente
2024-10-06T23:09:03.750-03:00 DEBUG 13228 --- [ms-dfs-reservas] [           main] org.hibernate.mapping.PrimaryKey         : Forcing column [id] to be non-null as it is part of the primary key for table [cita]
2024-10-06T23:09:03.758-03:00 DEBUG 13228 --- [ms-dfs-reservas] [           main] o.hibernate.internal.SessionFactoryImpl  : Building session factory
2024-10-06T23:09:03.759-03:00 DEBUG 13228 --- [ms-dfs-reservas] [           main] .h.s.i.SessionFactoryServiceRegistryImpl : EventListenerRegistry access via ServiceRegistry is deprecated.  Use `sessionFactory.getEventEngine().getListenerRegistry()` instead
2024-10-06T23:09:03.760-03:00 DEBUG 13228 --- [ms-dfs-reservas] [           main] o.hibernate.internal.SessionFactoryImpl  : Instantiating SessionFactory with settings: {java.specification.version=22, sun.cpu.isalist=amd64, hibernate.resource.beans.container=org.springframework.orm.hibernate5.SpringBeanContainer@8862881, hibernate.connection.handling_mode=DELAYED_ACQUISITION_AND_HOLD, sun.jnu.encoding=Cp1252, hibernate.dialect=org.hibernate.dialect.OracleDialect, hibernate.implicit_naming_strategy=org.springframework.boot.orm.jpa.hibernate.SpringImplicitNamingStrategy, java.class.path=C:\Users\puffo\OneDrive\Documentos\GitHub\ms-dfs-reservas\target\test-classes;C:\Users\puffo\OneDrive\Documentos\GitHub\ms-dfs-reservas\target\classes;C:\Users\puffo\.m2\repository\org\springframework\boot\spring-boot-starter-actuator\3.3.3\spring-boot-starter-actuator-3.3.3.jar;C:\Users\puffo\.m2\repository\org\springframework\boot\spring-boot-starter\3.3.3\spring-boot-starter-3.3.3.jar;C:\Users\puffo\.m2\repository\org\springframework\boot\spring-boot-starter-logging\3.3.3\spring-boot-starter-logging-3.3.3.jar;C:\Users\puffo\.m2\repository\ch\qos\logback\logback-classic\1.5.7\logback-classic-1.5.7.jar;C:\Users\puffo\.m2\repository\ch\qos\logback\logback-core\1.5.7\logback-core-1.5.7.jar;C:\Users\puffo\.m2\repository\org\apache\logging\log4j\log4j-to-slf4j\2.23.1\log4j-to-slf4j-2.23.1.jar;C:\Users\puffo\.m2\repository\org\apache\logging\log4j\log4j-api\2.23.1\log4j-api-2.23.1.jar;C:\Users\puffo\.m2\repository\org\slf4j\jul-to-slf4j\2.0.16\jul-to-slf4j-2.0.16.jar;C:\Users\puffo\.m2\repository\jakarta\annotation\jakarta.annotation-api\2.1.1\jakarta.annotation-api-2.1.1.jar;C:\Users\puffo\.m2\repository\org\yaml\snakeyaml\2.2\snakeyaml-2.2.jar;C:\Users\puffo\.m2\repository\org\springframework\boot\spring-boot-actuator-autoconfigure\3.3.3\spring-boot-actuator-autoconfigure-3.3.3.jar;C:\Users\puffo\.m2\repository\org\springframework\boot\spring-boot-actuator\3.3.3\spring-boot-actuator-3.3.3.jar;C:\Users\puffo\.m2\repository\com\fasterxml\jackson\core\jackson-databind\2.17.2\jackson-databind-2.17.2.jar;C:\Users\puffo\.m2\repository\com\fasterxml\jackson\core\jackson-annotations\2.17.2\jackson-annotations-2.17.2.jar;C:\Users\puffo\.m2\repository\com\fasterxml\jackson\core\jackson-core\2.17.2\jackson-core-2.17.2.jar;C:\Users\puffo\.m2\repository\com\fasterxml\jackson\datatype\jackson-datatype-jsr310\2.17.2\jackson-datatype-jsr310-2.17.2.jar;C:\Users\puffo\.m2\repository\io\micrometer\micrometer-observation\1.13.3\micrometer-observation-1.13.3.jar;C:\Users\puffo\.m2\repository\io\micrometer\micrometer-commons\1.13.3\micrometer-commons-1.13.3.jar;C:\Users\puffo\.m2\repository\io\micrometer\micrometer-jakarta9\1.13.3\micrometer-jakarta9-1.13.3.jar;C:\Users\puffo\.m2\repository\io\micrometer\micrometer-core\1.13.3\micrometer-core-1.13.3.jar;C:\Users\puffo\.m2\repository\org\hdrhistogram\HdrHistogram\2.2.2\HdrHistogram-2.2.2.jar;C:\Users\puffo\.m2\repository\org\latencyutils\LatencyUtils\2.0.3\LatencyUtils-2.0.3.jar;C:\Users\puffo\.m2\repository\org\springframework\boot\spring-boot-starter-web\3.3.3\spring-boot-starter-web-3.3.3.jar;C:\Users\puffo\.m2\repository\org\springframework\boot\spring-boot-starter-json\3.3.3\spring-boot-starter-json-3.3.3.jar;C:\Users\puffo\.m2\repository\com\fasterxml\jackson\datatype\jackson-datatype-jdk8\2.17.2\jackson-datatype-jdk8-2.17.2.jar;C:\Users\puffo\.m2\repository\com\fasterxml\jackson\module\jackson-module-parameter-names\2.17.2\jackson-module-parameter-names-2.17.2.jar;C:\Users\puffo\.m2\repository\org\springframework\boot\spring-boot-starter-tomcat\3.3.3\spring-boot-starter-tomcat-3.3.3.jar;C:\Users\puffo\.m2\repository\org\apache\tomcat\embed\tomcat-embed-core\10.1.28\tomcat-embed-core-10.1.28.jar;C:\Users\puffo\.m2\repository\org\apache\tomcat\embed\tomcat-embed-websocket\10.1.28\tomcat-embed-websocket-10.1.28.jar;C:\Users\puffo\.m2\repository\org\springframework\spring-web\6.1.12\spring-web-6.1.12.jar;C:\Users\puffo\.m2\repository\org\springframework\spring-beans\6.1.12\spring-beans-6.1.12.jar;C:\Users\puffo\.m2\repository\org\springframework\spring-webmvc\6.1.12\spring-webmvc-6.1.12.jar;C:\Users\puffo\.m2\repository\org\springframework\spring-aop\6.1.12\spring-aop-6.1.12.jar;C:\Users\puffo\.m2\repository\org\springframework\spring-context\6.1.12\spring-context-6.1.12.jar;C:\Users\puffo\.m2\repository\org\springframework\spring-expression\6.1.12\spring-expression-6.1.12.jar;C:\Users\puffo\.m2\repository\org\springframework\boot\spring-boot-devtools\3.3.3\spring-boot-devtools-3.3.3.jar;C:\Users\puffo\.m2\repository\org\springframework\boot\spring-boot\3.3.3\spring-boot-3.3.3.jar;C:\Users\puffo\.m2\repository\org\springframework\boot\spring-boot-autoconfigure\3.3.3\spring-boot-autoconfigure-3.3.3.jar;C:\Users\puffo\.m2\repository\org\projectlombok\lombok\1.18.34\lombok-1.18.34.jar;C:\Users\puffo\.m2\repository\org\springframework\boot\spring-boot-starter-test\3.3.3\spring-boot-starter-test-3.3.3.jar;C:\Users\puffo\.m2\repository\org\springframework\boot\spring-boot-test\3.3.3\spring-boot-test-3.3.3.jar;C:\Users\puffo\.m2\repository\org\springframework\boot\spring-boot-test-autoconfigure\3.3.3\spring-boot-test-autoconfigure-3.3.3.jar;C:\Users\puffo\.m2\repository\com\jayway\jsonpath\json-path\2.9.0\json-path-2.9.0.jar;C:\Users\puffo\.m2\repository\org\slf4j\slf4j-api\2.0.16\slf4j-api-2.0.16.jar;C:\Users\puffo\.m2\repository\jakarta\xml\bind\jakarta.xml.bind-api\4.0.2\jakarta.xml.bind-api-4.0.2.jar;C:\Users\puffo\.m2\repository\jakarta\activation\jakarta.activation-api\2.1.3\jakarta.activation-api-2.1.3.jar;C:\Users\puffo\.m2\repository\net\minidev\json-smart\2.5.1\json-smart-2.5.1.jar;C:\Users\puffo\.m2\repository\net\minidev\accessors-smart\2.5.1\accessors-smart-2.5.1.jar;C:\Users\puffo\.m2\repository\org\ow2\asm\asm\9.6\asm-9.6.jar;C:\Users\puffo\.m2\repository\org\assertj\assertj-core\3.25.3\assertj-core-3.25.3.jar;C:\Users\puffo\.m2\repository\net\bytebuddy\byte-buddy\1
[...]

   NamedParameterJdbcTemplateConfiguration matched:
      - @ConditionalOnSingleCandidate (types: org.springframework.jdbc.core.JdbcTemplate; SearchStrategy: all) found a single bean 'jdbcTemplate'; @ConditionalOnMissingBean (types: org.springframework.jdbc.core.namedparam.NamedParameterJdbcOperations; SearchStrategy: all) did not find any beans (OnBeanCondition)

   NoOpCacheConfiguration matched:
      - Cache org.springframework.boot.autoconfigure.cache.NoOpCacheConfiguration NONE cache type (CacheCondition)

   SqlInitializationAutoConfiguration matched:
      - @ConditionalOnProperty (spring.sql.init.enabled) matched (OnPropertyCondition)
      - NoneNestedConditions 0 matched 1 did not; NestedCondition on SqlInitializationAutoConfiguration.SqlInitializationModeCondition.ModeIsNever @ConditionalOnProperty (spring.sql.init.mode=never) did not find property 'mode' (SqlInitializationAutoConfiguration.SqlInitializationModeCondition)

   TestEntityManagerAutoConfiguration matched:
      - @ConditionalOnClass found required class 'jakarta.persistence.EntityManagerFactory' (OnClassCondition)

   TestEntityManagerAutoConfiguration#testEntityManager matched:
      - @ConditionalOnMissingBean (types: org.springframework.boot.test.autoconfigure.orm.jpa.TestEntityManager; SearchStrategy: all) did not find any beans (OnBeanCondition)

   TransactionAutoConfiguration matched:
      - @ConditionalOnClass found required class 'org.springframework.transaction.PlatformTransactionManager' (OnClassCondition)

   TransactionAutoConfiguration.EnableTransactionManagementConfiguration matched:
      - @ConditionalOnBean (types: org.springframework.transaction.TransactionManager; SearchStrategy: all) found bean 'transactionManager'; @ConditionalOnMissingBean (types: org.springframework.transaction.annotation.AbstractTransactionManagementConfiguration; SearchStrategy: all) did not find any beans (OnBeanCondition)

   TransactionAutoConfiguration.EnableTransactionManagementConfiguration.CglibAutoProxyConfiguration matched:
      - @ConditionalOnProperty (spring.aop.proxy-target-class=true) matched (OnPropertyCondition)

   TransactionAutoConfiguration.TransactionTemplateConfiguration matched:
      - @ConditionalOnSingleCandidate (types: org.springframework.transaction.PlatformTransactionManager; SearchStrategy: all) found a single bean 'transactionManager' (OnBeanCondition)

   TransactionAutoConfiguration.TransactionTemplateConfiguration#transactionTemplate matched:
      - @ConditionalOnMissingBean (types: org.springframework.transaction.support.TransactionOperations; SearchStrategy: all) did not find any beans (OnBeanCondition)


Negative matches:
-----------------

   Cache2kCacheConfiguration:
      Did not match:
         - @ConditionalOnClass did not find required class 'org.cache2k.Cache2kBuilder' (OnClassCondition)

   CacheAutoConfiguration:
      Did not match:
         - @ConditionalOnBean (types: org.springframework.cache.interceptor.CacheAspectSupport; SearchStrategy: all) did not find any beans of type org.springframework.cache.interceptor.CacheAspectSupport (OnBeanCondition)
      Matched:
         - @ConditionalOnClass found required class 'org.springframework.cache.CacheManager' (OnClassCondition)

   CacheAutoConfiguration.CacheManagerEntityManagerFactoryDependsOnPostProcessor:
      Did not match:
         - Ancestor org.springframework.boot.autoconfigure.cache.CacheAutoConfiguration did not match (ConditionEvaluationReport.AncestorsMatchedCondition)
      Matched:
         - @ConditionalOnClass found required class 'org.springframework.orm.jpa.LocalContainerEntityManagerFactoryBean' (OnClassCondition)

   CaffeineCacheConfiguration:
      Did not match:
         - @ConditionalOnClass did not find required class 'com.github.benmanes.caffeine.cache.Caffeine' (OnClassCondition)

   CouchbaseCacheConfiguration:
      Did not match:
         - @ConditionalOnClass did not find required class 'com.couchbase.client.java.Cluster' (OnClassCondition)

   DataSourceAutoConfiguration.EmbeddedDatabaseConfiguration:
      Did not match:
         - EmbeddedDataSource spring.datasource.url is set (DataSourceAutoConfiguration.EmbeddedDatabaseCondition)

   DataSourceCheckpointRestoreConfiguration:
      Did not match:
         - @ConditionalOnClass did not find required class 'org.crac.Resource' (OnClassCondition)

   DataSourceConfiguration.Dbcp2:
      Did not match:
         - @ConditionalOnClass did not find required class 'org.apache.commons.dbcp2.BasicDataSource' (OnClassCondition)

   DataSourceConfiguration.Generic:
      Did not match:
         - @ConditionalOnProperty (spring.datasource.type) did not find property 'spring.datasource.type' (OnPropertyCondition)

   DataSourceConfiguration.OracleUcp:
      Did not match:
         - @ConditionalOnMissingBean (types: javax.sql.DataSource; SearchStrategy: all) found beans of type 'javax.sql.DataSource' dataSource (OnBeanCondition)
      Matched:
         - @ConditionalOnClass found required classes 'oracle.ucp.jdbc.PoolDataSourceImpl', 'oracle.jdbc.OracleConnection' (OnClassCondition)
         - @ConditionalOnProperty (spring.datasource.type=oracle.ucp.jdbc.PoolDataSource) matched (OnPropertyCondition)

   DataSourceConfiguration.Tomcat:
      Did not match:
         - @ConditionalOnClass did not find required class 'org.apache.tomcat.jdbc.pool.DataSource' (OnClassCondition)

   DataSourceJmxConfiguration:
      Did not match:
         - @ConditionalOnProperty (spring.jmx.enabled=true) found different value in property 'enabled' (OnPropertyCondition)

   DataSourcePoolMetadataProvidersConfiguration.CommonsDbcp2PoolDataSourceMetadataProviderConfiguration:
      Did not match:
         - @ConditionalOnClass did not find required class 'org.apache.commons.dbcp2.BasicDataSource' (OnClassCondition)

   DataSourcePoolMetadataProvidersConfiguration.TomcatDataSourcePoolMetadataProviderConfiguration:
      Did not match:
         - @ConditionalOnClass did not find required class 'org.apache.tomcat.jdbc.pool.DataSource' (OnClassCondition)

   DataSourceTransactionManagerAutoConfiguration.JdbcTransactionManagerConfiguration#transactionManager:
      Did not match:
         - @ConditionalOnMissingBean (types: org.springframework.transaction.TransactionManager; SearchStrategy: all) found beans of type 'org.springframework.transaction.TransactionManager' transactionManager (OnBeanCondition)

   FlywayAutoConfiguration:
      Did not match:
         - @ConditionalOnClass did not find required class 'org.flywaydb.core.Flyway' (OnClassCondition)

   GenericCacheConfiguration:
      Did not match:
         - Cache org.springframework.boot.autoconfigure.cache.GenericCacheConfiguration unknown cache type (CacheCondition)

   HazelcastCacheConfiguration:
      Did not match:
         - @ConditionalOnClass did not find required class 'com.hazelcast.core.HazelcastInstance' (OnClassCondition)

   InfinispanCacheConfiguration:
      Did not match:
         - @ConditionalOnClass did not find required class 'org.infinispan.spring.embedded.provider.SpringEmbeddedCacheManager' (OnClassCondition)

   JCacheCacheConfiguration:
      Did not match:
         - @ConditionalOnClass did not find required class 'javax.cache.Caching' (OnClassCondition)

   JpaBaseConfiguration.JpaWebConfiguration:
      Did not match:
         - not a servlet web application (OnWebApplicationCondition)
      Matched:
         - @ConditionalOnClass found required class 'org.springframework.web.servlet.config.annotation.WebMvcConfigurer' (OnClassCondition)

   JpaRepositoriesAutoConfiguration#entityManagerFactoryBootstrapExecutorCustomizer:
      Did not match:
         - AnyNestedCondition 0 matched 2 did not; NestedCondition on JpaRepositoriesAutoConfiguration.BootstrapExecutorCondition.LazyBootstrapMode @ConditionalOnProperty (spring.data.jpa.repositories.bootstrap-mode=lazy) found different value in property 'bootstrap-mode'; NestedCondition on JpaRepositoriesAutoConfiguration.BootstrapExecutorCondition.DeferredBootstrapMode @ConditionalOnProperty (spring.data.jpa.repositories.bootstrap-mode=deferred) found different value in property 'bootstrap-mode' (JpaRepositoriesAutoConfiguration.BootstrapExecutorCondition)

   LiquibaseAutoConfiguration:
      Did not match:
         - @ConditionalOnClass did not find required class 'liquibase.change.DatabaseChange' (OnClassCondition)

   R2dbcInitializationConfiguration:
      Did not match:
         - @ConditionalOnClass did not find required classes 'io.r2dbc.spi.ConnectionFactory', 'org.springframework.r2dbc.connection.init.DatabasePopulator' (OnClassCondition)

   RedisCacheConfiguration:
      Did not match:
         - @ConditionalOnClass did not find required class 'org.springframework.data.redis.connection.RedisConnectionFactory' (OnClassCondition)

   SimpleCacheConfiguration:
      Did not match:
         - Cache org.springframework.boot.autoconfigure.cache.SimpleCacheConfiguration unknown cache type (CacheCondition)

   TestDatabaseAutoConfiguration#dataSource:
      Did not match:
         - @ConditionalOnProperty (spring.test.database.replace=AUTO_CONFIGURED) found different value in property 'replace' (OnPropertyCondition)

   TestDatabaseAutoConfiguration#embeddedDataSourceBeanFactoryPostProcessor:
      Did not match:
         - @ConditionalOnProperty (spring.test.database.replace=ANY) found different value in property 'replace' (OnPropertyCondition)

   TransactionAutoConfiguration#transactionalOperator:
      Did not match:
         - @ConditionalOnSingleCandidate (types: org.springframework.transaction.ReactiveTransactionManager; SearchStrategy: all) did not find any beans (OnBeanCondition)

   TransactionAutoConfiguration.AspectJTransactionManagementConfiguration:
      Did not match:
         - @ConditionalOnBean (types: org.springframework.transaction.aspectj.AbstractTransactionAspect; SearchStrategy: all) did not find any beans of type org.springframework.transaction.aspectj.AbstractTransactionAspect (OnBeanCondition)

   TransactionAutoConfiguration.EnableTransactionManagementConfiguration.JdkDynamicAutoProxyConfiguration:
      Did not match:
         - @ConditionalOnProperty (spring.aop.proxy-target-class=false) did not find property 'proxy-target-class' (OnPropertyCondition)


Exclusions:
-----------

    None


Unconditional classes:
----------------------

    org.springframework.boot.test.autoconfigure.jdbc.TestDatabaseAutoConfiguration



2024-10-06T23:09:03.831-03:00  INFO 13228 --- [ms-dfs-reservas] [           main] d.s.m.repository.CitaRepositoryTest      : Started CitaRepositoryTest in 0.365 seconds (process running for 7.504)
2024-10-06T23:09:03.831-03:00 DEBUG 13228 --- [ms-dfs-reservas] [           main] org.springframework.test.context.cache   : Spring test ApplicationContext cache statistics: [DefaultContextCache@ee2ae9a size = 3, maxSize = 32, parentContextCount = 0, hitCount = 36, missCount = 3, failureCount = 0]
2024-10-06T23:09:03.832-03:00 DEBUG 13228 --- [ms-dfs-reservas] [           main] org.springframework.test.context.cache   : Spring test ApplicationContext cache statistics: [DefaultContextCache@ee2ae9a size = 3, maxSize = 32, parentContextCount = 0, hitCount = 37, missCount = 3, failureCount = 0]
2024-10-06T23:09:03.833-03:00 DEBUG 13228 --- [ms-dfs-reservas] [           main] sContextBeforeModesTestExecutionListener : Before test method: class [CitaRepositoryTest], method [testSaveCita], class annotated with @DirtiesContext [false] with mode [null], method annotated with @DirtiesContext [false] with mode [null]
2024-10-06T23:09:03.836-03:00 DEBUG 13228 --- [ms-dfs-reservas] [           main] t.c.t.TransactionalTestExecutionListener : Explicit transaction definition [PROPAGATION_REQUIRED,ISOLATION_DEFAULT] found for test class [dfs.s3.ms_dfs_reservas.repository.CitaRepositoryTest] and test method [testSaveCita]
2024-10-06T23:09:03.836-03:00 DEBUG 13228 --- [ms-dfs-reservas] [           main] org.springframework.test.context.cache   : Spring test ApplicationContext cache statistics: [DefaultContextCache@ee2ae9a size = 3, maxSize = 32, parentContextCount = 0, hitCount = 38, missCount = 3, failureCount = 0]
2024-10-06T23:09:03.838-03:00 DEBUG 13228 --- [ms-dfs-reservas] [           main] t.c.t.TransactionalTestExecutionListener : No method-level @Rollback override: using default rollback [true] for test method [public void dfs.s3.ms_dfs_reservas.repository.CitaRepositoryTest.testSaveCita()]
2024-10-06T23:09:03.839-03:00 DEBUG 13228 --- [ms-dfs-reservas] [           main] o.s.orm.jpa.JpaTransactionManager        : Creating new transaction with name [dfs.s3.ms_dfs_reservas.repository.CitaRepositoryTest.testSaveCita]: PROPAGATION_REQUIRED,ISOLATION_DEFAULT
2024-10-06T23:09:03.839-03:00 DEBUG 13228 --- [ms-dfs-reservas] [           main] o.s.orm.jpa.JpaTransactionManager        : Opened new EntityManager [SessionImpl(815916121<open>)] for JPA transaction
2024-10-06T23:09:03.843-03:00 DEBUG 13228 --- [ms-dfs-reservas] [           main] o.h.e.t.internal.TransactionImpl         : On TransactionImpl creation, JpaCompliance#isJpaTransactionComplianceEnabled == false
2024-10-06T23:09:03.843-03:00 DEBUG 13228 --- [ms-dfs-reservas] [           main] o.h.e.t.internal.TransactionImpl         : begin
2024-10-06T23:09:03.844-03:00 DEBUG 13228 --- [ms-dfs-reservas] [           main] o.s.orm.jpa.JpaTransactionManager        : Exposing JPA transaction as JDBC [org.springframework.orm.jpa.vendor.HibernateJpaDialect$HibernateConnectionHandle@6319ea75]
2024-10-06T23:09:03.845-03:00 DEBUG 13228 --- [ms-dfs-reservas] [           main] o.s.t.c.transaction.TransactionContext   : Began transaction (1) for test class [dfs.s3.ms_dfs_reservas.repository.CitaRepositoryTest]; test method [testSaveCita]; transaction manager [org.springframework.orm.jpa.JpaTransactionManager@7959747d]; rollback [true]
2024-10-06T23:09:03.845-03:00 DEBUG 13228 --- [ms-dfs-reservas] [           main] org.springframework.test.context.cache   : Spring test ApplicationContext cache statistics: [DefaultContextCache@ee2ae9a size = 3, maxSize = 32, parentContextCount = 0, hitCount = 39, missCount = 3, failureCount = 0]
2024-10-06T23:09:03.845-03:00 DEBUG 13228 --- [ms-dfs-reservas] [           main] org.springframework.test.context.cache   : Spring test ApplicationContext cache statistics: [DefaultContextCache@ee2ae9a size = 3, maxSize = 32, parentContextCount = 0, hitCount = 40, missCount = 3, failureCount = 0]
2024-10-06T23:09:03.846-03:00 DEBUG 13228 --- [ms-dfs-reservas] [           main] org.springframework.test.context.cache   : Spring test ApplicationContext cache statistics: [DefaultContextCache@ee2ae9a size = 3, maxSize = 32, parentContextCount = 0, hitCount = 41, missCount = 3, failureCount = 0]
2024-10-06T23:09:03.850-03:00 DEBUG 13228 --- [ms-dfs-reservas] [           main] o.s.orm.jpa.JpaTransactionManager        : Found thread-bound EntityManager [SessionImpl(815916121<open>)] for JPA transaction
2024-10-06T23:09:03.850-03:00 DEBUG 13228 --- [ms-dfs-reservas] [           main] o.s.orm.jpa.JpaTransactionManager        : Participating in existing transaction
2024-10-06T23:09:03.853-03:00 DEBUG 13228 --- [ms-dfs-reservas] [           main] o.h.j.internal.PersistenceUnitUtilImpl   : jakarta.persistence.PersistenceUnitUtil.getIdentifier is only intended to work with enhanced entities (although Hibernate also adapts this support to its proxies); however the passed entity was not enhanced (nor a proxy).. may not be able to read identifier
2024-10-06T23:09:03.867-03:00 DEBUG 13228 --- [ms-dfs-reservas] [           main] org.hibernate.engine.spi.ActionQueue     : Executing identity-insert immediately
2024-10-06T23:09:03.890-03:00 DEBUG 13228 --- [ms-dfs-reservas] [           main] org.hibernate.SQL                        : insert into cita (disponible,fecha_hora,fin,inicio,medico,paciente,id) values (?,?,?,?,?,?,default)
Hibernate: insert into cita (disponible,fecha_hora,fin,inicio,medico,paciente,id) values (?,?,?,?,?,?,default)
2024-10-06T23:09:03.944-03:00 DEBUG 13228 --- [ms-dfs-reservas] [           main] org.hibernate.orm.results                : Initializer list is empty
2024-10-06T23:09:03.953-03:00 DEBUG 13228 --- [ms-dfs-reservas] [           main] org.hibernate.orm.results.loading        : Calling top-level assembler (0 / 1) : org.hibernate.sql.results.graph.basic.BasicResultAssembler@56b972a8
2024-10-06T23:09:03.954-03:00 DEBUG 13228 --- [ms-dfs-reservas] [           main] org.hibernate.orm.results                : Extracted JDBC value [0] - [25]
2024-10-06T23:09:03.955-03:00 DEBUG 13228 --- [ms-dfs-reservas] [           main] o.h.id.IdentifierGeneratorHelper         : Extracted generated values [dfs.s3.ms_dfs_reservas.model.Cita]: [Ljava.lang.Object;@4fa9533f
2024-10-06T23:09:03.962-03:00 DEBUG 13228 --- [ms-dfs-reservas] [           main] org.springframework.test.context.cache   : Spring test ApplicationContext cache statistics: [DefaultContextCache@ee2ae9a size = 3, maxSize = 32, parentContextCount = 0, hitCount = 42, missCount = 3, failureCount = 0]
2024-10-06T23:09:03.963-03:00 DEBUG 13228 --- [ms-dfs-reservas] [           main] org.springframework.test.context.cache   : Spring test ApplicationContext cache statistics: [DefaultContextCache@ee2ae9a size = 3, maxSize = 32, parentContextCount = 0, hitCount = 43, missCount = 3, failureCount = 0]
2024-10-06T23:09:03.963-03:00 DEBUG 13228 --- [ms-dfs-reservas] [           main] org.springframework.test.context.cache   : Spring test ApplicationContext cache statistics: [DefaultContextCache@ee2ae9a size = 3, maxSize = 32, parentContextCount = 0, hitCount = 44, missCount = 3, failureCount = 0]
2024-10-06T23:09:03.963-03:00 DEBUG 13228 --- [ms-dfs-reservas] [           main] org.springframework.test.context.cache   : Spring test ApplicationContext cache statistics: [DefaultContextCache@ee2ae9a size = 3, maxSize = 32, parentContextCount = 0, hitCount = 45, missCount = 3, failureCount = 0]
2024-10-06T23:09:03.963-03:00 DEBUG 13228 --- [ms-dfs-reservas] [           main] org.springframework.test.context.cache   : Spring test ApplicationContext cache statistics: [DefaultContextCache@ee2ae9a size = 3, maxSize = 32, parentContextCount = 0, hitCount = 46, missCount = 3, failureCount = 0]
2024-10-06T23:09:03.963-03:00 DEBUG 13228 --- [ms-dfs-reservas] [           main] org.springframework.test.context.cache   : Spring test ApplicationContext cache statistics: [DefaultContextCache@ee2ae9a size = 3, maxSize = 32, parentContextCount = 0, hitCount = 47, missCount = 3, failureCount = 0]
2024-10-06T23:09:03.964-03:00 DEBUG 13228 --- [ms-dfs-reservas] [           main] o.s.orm.jpa.JpaTransactionManager        : Initiating transaction rollback
2024-10-06T23:09:03.964-03:00 DEBUG 13228 --- [ms-dfs-reservas] [           main] o.s.orm.jpa.JpaTransactionManager        : Rolling back JPA transaction on EntityManager [SessionImpl(815916121<open>)]
2024-10-06T23:09:03.964-03:00 DEBUG 13228 --- [ms-dfs-reservas] [           main] o.h.e.t.internal.TransactionImpl         : rolling back
2024-10-06T23:09:03.969-03:00 DEBUG 13228 --- [ms-dfs-reservas] [           main] o.s.orm.jpa.JpaTransactionManager        : Closing JPA EntityManager [SessionImpl(815916121<open>)] after transaction
2024-10-06T23:09:03.969-03:00 DEBUG 13228 --- [ms-dfs-reservas] [           main] o.s.t.c.transaction.TransactionContext   : Rolled back transaction (1) for test class [dfs.s3.ms_dfs_reservas.repository.CitaRepositoryTest]; test method [testSaveCita]
2024-10-06T23:09:03.970-03:00 DEBUG 13228 --- [ms-dfs-reservas] [           main] .c.s.DirtiesContextTestExecutionListener : After test method: class [CitaRepositoryTest], method [testSaveCita], class annotated with @DirtiesContext [false] with mode [null], method annotated with @DirtiesContext [false] with mode [null]
]]></system-out>
  </testcase>
</testsuite>