<?xml version="1.0" encoding="UTF-8"?>
<testsuite xmlns:xsi="http://www.w3.org/2001/XMLSchema-instance" xsi:noNamespaceSchemaLocation="https://maven.apache.org/surefire/maven-surefire-plugin/xsd/surefire-test-report-3.0.xsd" version="3.0" name="dfs.s3.ms_dfs_reservas.MsDfsReservasApplicationTests" time="3.818" tests="1" errors="0" skipped="0" failures="0">
  <properties>
[...]
</properties>
  <testcase name="contextLoads" classname="dfs.s3.ms_dfs_reservas.MsDfsReservasApplicationTests" time="0.007">
    <system-out><![CDATA[2024-10-06T23:08:59.630-03:00 DEBUG 13228 --- [ms-dfs-reservas] [           main] .b.t.c.SpringBootTestContextBootstrapper : Neither @ContextConfiguration nor @ContextHierarchy found for test class [MsDfsReservasApplicationTests]: using SpringBootContextLoader
2024-10-06T23:08:59.631-03:00 DEBUG 13228 --- [ms-dfs-reservas] [           main] o.s.t.c.support.AbstractContextLoader    : Could not detect default resource locations for test class [dfs.s3.ms_dfs_reservas.MsDfsReservasApplicationTests]: no resource found for suffixes {-context.xml, Context.groovy}.
2024-10-06T23:08:59.631-03:00  INFO 13228 --- [ms-dfs-reservas] [           main] t.c.s.AnnotationConfigContextLoaderUtils : Could not detect default configuration classes for test class [dfs.s3.ms_dfs_reservas.MsDfsReservasApplicationTests]: MsDfsReservasApplicationTests does not declare any static, non-private, non-final, nested classes annotated with @Configuration.
2024-10-06T23:08:59.632-03:00 DEBUG 13228 --- [ms-dfs-reservas] [           main] .b.t.c.SpringBootTestContextBootstrapper : Using ContextCustomizerFactory implementations for test class [MsDfsReservasApplicationTests]: [ImportsContextCustomizerFactory, ExcludeFilterContextCustomizerFactory, HttpGraphQlTesterContextCustomizerFactory, DuplicateJsonObjectContextCustomizerFactory, MockitoContextCustomizerFactory, TestRestTemplateContextCustomizerFactory, WebTestClientContextCustomizerFactory, DisableReactorResourceFactoryGlobalResourcesContextCustomizerFactory, OverrideAutoConfigurationContextCustomizerFactory, ObservabilityContextCustomizerFactory, TypeExcludeFiltersContextCustomizerFactory, PropertyMappingContextCustomizerFactory, WebDriverContextCustomizerFactory, MockServerContainerContextCustomizerFactory, DynamicPropertiesContextCustomizerFactory]
2024-10-06T23:08:59.634-03:00 DEBUG 13228 --- [ms-dfs-reservas] [           main] .b.t.c.SpringBootTestContextBootstrapper : Using ContextCustomizers for test class [MsDfsReservasApplicationTests]: [ExcludeFilterContextCustomizer, DuplicateJsonObjectContextCustomizer, MockitoContextCustomizer, TestRestTemplateContextCustomizer, DisableReactorResourceFactoryGlobalResourcesContextCustomizerCustomizer, DisableObservabilityContextCustomizer, PropertyMappingContextCustomizer, WebDriverContextCustomizer]
2024-10-06T23:08:59.640-03:00 DEBUG 13228 --- [ms-dfs-reservas] [           main] ssPathScanningCandidateComponentProvider : Identified candidate component class: file [C:\Users\puffo\OneDrive\Documentos\GitHub\ms-dfs-reservas\target\classes\dfs\s3\ms_dfs_reservas\ReservasApplication.class]
2024-10-06T23:08:59.640-03:00  INFO 13228 --- [ms-dfs-reservas] [           main] .b.t.c.SpringBootTestContextBootstrapper : Found @SpringBootConfiguration dfs.s3.ms_dfs_reservas.ReservasApplication for test class dfs.s3.ms_dfs_reservas.MsDfsReservasApplicationTests
2024-10-06T23:08:59.644-03:00 DEBUG 13228 --- [ms-dfs-reservas] [           main] .s.t.c.u.TestContextSpringFactoriesUtils : Skipping candidate TestExecutionListener [org.springframework.test.context.observation.MicrometerObservationRegistryTestExecutionListener] due to a missing dependency. Specify custom TestExecutionListener classes or make the default TestExecutionListener classes and their required dependencies available. Offending class: io.micrometer.context.ThreadLocalAccessor. MicrometerObservationRegistryTestExecutionListener requires io.micrometer:micrometer-observation:1.10.8 or higher and io.micrometer:context-propagation:1.0.3 or higher.
2024-10-06T23:08:59.645-03:00 DEBUG 13228 --- [ms-dfs-reservas] [           main] .b.t.c.SpringBootTestContextBootstrapper : Using TestExecutionListeners for test class [MsDfsReservasApplicationTests]: [ServletTestExecutionListener, DirtiesContextBeforeModesTestExecutionListener, ApplicationEventsTestExecutionListener, MockitoTestExecutionListener, DependencyInjectionTestExecutionListener, DirtiesContextTestExecutionListener, TransactionalTestExecutionListener, SqlScriptsTestExecutionListener, EventPublishingTestExecutionListener, ResetMocksTestExecutionListener, RestDocsTestExecutionListener, MockRestServiceServerResetTestExecutionListener, MockMvcPrintOnlyOnFailureTestExecutionListener, WebDriverTestExecutionListener, MockWebServiceServerTestExecutionListener]
2024-10-06T23:08:59.645-03:00 DEBUG 13228 --- [ms-dfs-reservas] [           main] sContextBeforeModesTestExecutionListener : Before test class: class [MsDfsReservasApplicationTests], class annotated with @DirtiesContext [false] with mode [null]
2024-10-06T23:08:59.648-03:00  INFO 13228 --- [ms-dfs-reservas] [           main] o.s.b.d.r.RestartApplicationListener     : Restart disabled due to context in which it is running
2024-10-06T23:08:59.670-03:00 DEBUG 13228 --- [ms-dfs-reservas] [           main] .s.b.w.s.c.ApplicationServletEnvironment : Activating profiles []
2024-10-06T23:08:59.672-03:00 DEBUG 13228 --- [ms-dfs-reservas] [           main] o.s.c.e.PropertySourcesPropertyResolver  : Found key 'spring.application.name' in PropertySource 'configurationProperties' with value of type String

  .   ____          _            __ _ _
 /\\ / ___'_ __ _ _(_)_ __  __ _ \ \ \ \
( ( )\___ | '_ | '_| | '_ \/ _` | \ \ \ \
 \\/  ___)| |_)| | | | | || (_| |  ) ) ) )
  '  |____| .__|_| |_|_| |_\__, | / / / /
 =========|_|==============|___/=/_/_/_/

 :: Spring Boot ::                (v3.3.3)

2024-10-06T23:08:59.676-03:00  INFO 13228 --- [ms-dfs-reservas] [           main] d.s.m.MsDfsReservasApplicationTests      : Starting MsDfsReservasApplicationTests using Java 22.0.2 with PID 13228 (started by puffo in C:\Users\puffo\OneDrive\Documentos\GitHub\ms-dfs-reservas)
2024-10-06T23:08:59.677-03:00  INFO 13228 --- [ms-dfs-reservas] [           main] d.s.m.MsDfsReservasApplicationTests      : No active profile set, falling back to 1 default profile: "default"
2024-10-06T23:08:59.677-03:00 DEBUG 13228 --- [ms-dfs-reservas] [           main] o.s.boot.SpringApplication               : Loading source class dfs.s3.ms_dfs_reservas.ReservasApplication
2024-10-06T23:08:59.678-03:00 DEBUG 13228 --- [ms-dfs-reservas] [           main] o.s.w.c.s.GenericWebApplicationContext   : Refreshing org.springframework.web.context.support.GenericWebApplicationContext@d512c1
2024-10-06T23:08:59.679-03:00 DEBUG 13228 --- [ms-dfs-reservas] [           main] o.s.b.f.s.DefaultListableBeanFactory     : Creating shared instance of singleton bean 'org.springframework.context.annotation.internalConfigurationAnnotationProcessor'
2024-10-06T23:08:59.679-03:00 DEBUG 13228 --- [ms-dfs-reservas] [           main] o.s.b.f.s.DefaultListableBeanFactory     : Creating shared instance of singleton bean 'org.springframework.boot.autoconfigure.internalCachingMetadataReaderFactory'
2024-10-06T23:08:59.686-03:00 DEBUG 13228 --- [ms-dfs-reservas] [           main] o.s.c.a.ClassPathBeanDefinitionScanner   : Identified candidate component class: file [C:\Users\puffo\OneDrive\Documentos\GitHub\ms-dfs-reservas\target\classes\dfs\s3\ms_dfs_reservas\controller\ReservasController.class]
2024-10-06T23:08:59.687-03:00 DEBUG 13228 --- [ms-dfs-reservas] [           main] o.s.c.a.ClassPathBeanDefinitionScanner   : Identified candidate component class: file [C:\Users\puffo\OneDrive\Documentos\GitHub\ms-dfs-reservas\target\classes\dfs\s3\ms_dfs_reservas\service\CitaServiceImpl.class]
2024-10-06T23:09:00.109-03:00  INFO 13228 --- [ms-dfs-reservas] [           main] .s.d.r.c.RepositoryConfigurationDelegate : Bootstrapping Spring Data JPA repositories in DEFAULT mode.
2024-10-06T23:09:00.115-03:00 DEBUG 13228 --- [ms-dfs-reservas] [           main] o.s.b.f.s.DefaultListableBeanFactory     : Creating shared instance of singleton bean 'org.springframework.boot.autoconfigure.AutoConfigurationPackages'
2024-10-06T23:09:00.115-03:00 DEBUG 13228 --- [ms-dfs-reservas] [           main] o.s.b.a.AutoConfigurationPackages        : @EnableAutoConfiguration was declared on a class in the package 'dfs.s3.ms_dfs_reservas'. Automatic @Repository and @Entity scanning is enabled.
2024-10-06T23:09:00.115-03:00 DEBUG 13228 --- [ms-dfs-reservas] [           main] .s.d.r.c.RepositoryConfigurationDelegate : Scanning for JPA repositories in packages dfs.s3.ms_dfs_reservas.
2024-10-06T23:09:00.123-03:00 DEBUG 13228 --- [ms-dfs-reservas] [           main] o.s.d.r.c.RepositoryComponentProvider    : Identified candidate component class: file [C:\Users\puffo\OneDrive\Documentos\GitHub\ms-dfs-reservas\target\classes\dfs\s3\ms_dfs_reservas\repository\CitaRepository.class]
2024-10-06T23:09:00.136-03:00 DEBUG 13228 --- [ms-dfs-reservas] [           main] ssPathScanningCandidateComponentProvider : Identified candidate component class: file [C:\Users\puffo\OneDrive\Documentos\GitHub\ms-dfs-reservas\target\classes\dfs\s3\ms_dfs_reservas\service\CitaServiceImpl.class]
2024-10-06T23:09:00.148-03:00  INFO 13228 --- [ms-dfs-reservas] [           main] .s.d.r.c.RepositoryConfigurationDelegate : Finished Spring Data repository scanning in 31 ms. Found 1 JPA repository interface.
2024-10-06T23:09:00.201-03:00 DEBUG 13228 --- [ms-dfs-reservas] [           main] o.s.b.f.s.DefaultListableBeanFactory     : Creating shared instance of singleton bean 'propertySourcesPlaceholderConfigurer'
2024-10-06T23:09:00.204-03:00 DEBUG 13228 --- [ms-dfs-reservas] [           main] o.s.b.f.s.DefaultListableBeanFactory     : Creating shared instance of singleton bean 'org.springframework.boot.test.mock.mockito.MockitoPostProcessor'
2024-10-06T23:09:00.205-03:00 DEBUG 13228 --- [ms-dfs-reservas] [           main] o.s.b.f.s.DefaultListableBeanFactory     : Creating shared instance of singleton bean 'emBeanDefinitionRegistrarPostProcessor'
2024-10-06T23:09:00.205-03:00 DEBUG 13228 --- [ms-dfs-reservas] [           main] o.s.b.f.s.DefaultListableBeanFactory     : Creating shared instance of singleton bean 'org.springframework.boot.sql.init.dependency.DatabaseInitializationDependencyConfigurer$DependsOnDatabaseInitializationPostProcessor'
2024-10-06T23:09:00.239-03:00 DEBUG 13228 --- [ms-dfs-reservas] [           main] o.s.b.f.s.DefaultListableBeanFactory     : Creating shared instance of singleton bean 'org.springframework.context.event.internalEventListenerProcessor'
2024-10-06T23:09:00.239-03:00 DEBUG 13228 --- [ms-dfs-reservas] [           main] o.s.b.f.s.DefaultListableBeanFactory     : Creating shared instance of singleton bean 'preserveErrorControllerTargetClassPostProcessor'
2024-10-06T23:09:00.240-03:00 DEBUG 13228 --- [ms-dfs-reservas] [           main] o.s.b.f.s.DefaultListableBeanFactory     : Creating shared instance of singleton bean 'org.springframework.context.event.internalEventListenerFactory'
2024-10-06T23:09:00.240-03:00 DEBUG 13228 --- [ms-dfs-reservas] [           main] o.s.b.f.s.DefaultListableBeanFactory     : Creating shared instance of singleton bean 'org.springframework.transaction.config.internalTransactionalEventListenerFactory'
2024-10-06T23:09:00.241-03:00 DEBUG 13228 --- [ms-dfs-reservas] [           main] o.s.b.f.s.DefaultListableBeanFactory     : Creating shared instance of singleton bean 'org.springframework.boot.test.mock.mockito.MockitoPostProcessor$SpyPostProcessor'
2024-10-06T23:09:00.242-03:00 DEBUG 13228 --- [ms-dfs-reservas] [           main] o.s.b.f.s.DefaultListableBeanFactory     : Creating shared instance of singleton bean 'org.springframework.context.annotation.internalAutowiredAnnotationProcessor'
2024-10-06T23:09:00.242-03:00 DEBUG 13228 --- [ms-dfs-reservas] [           main] o.s.b.f.s.DefaultListableBeanFactory     : Creating shared instance of singleton bean 'org.springframework.context.annotation.internalCommonAnnotationProcessor'
2024-10-06T23:09:00.243-03:00 DEBUG 13228 --- [ms-dfs-reservas] [           main] o.s.b.f.s.DefaultListableBeanFactory     : Creating shared instance of singleton bean 'org.springframework.context.annotation.internalPersistenceAnnotationProcessor'
2024-10-06T23:09:00.243-03:00 DEBUG 13228 --- [ms-dfs-reservas] [           main] o.s.b.f.s.DefaultListableBeanFactory     : Creating shared instance of singleton bean 'org.springframework.boot.context.properties.ConfigurationPropertiesBindingPostProcessor'
2024-10-06T23:09:00.243-03:00 DEBUG 13228 --- [ms-dfs-reservas] [           main] o.s.b.f.s.DefaultListableBeanFactory     : Creating shared instance of singleton bean 'org.springframework.boot.context.internalConfigurationPropertiesBinder'
2024-10-06T23:09:00.243-03:00 DEBUG 13228 --- [ms-dfs-reservas] [           main] o.s.b.f.s.DefaultListableBeanFactory     : Creating shared instance of singleton bean 'jdbcConnectionDetailsHikariBeanPostProcessor'
2024-10-06T23:09:00.243-03:00 DEBUG 13228 --- [ms-dfs-reservas] [           main] o.s.b.f.s.DefaultListableBeanFactory     : Creating shared instance of singleton bean 'methodValidationPostProcessor'
2024-10-06T23:09:00.250-03:00 DEBUG 13228 --- [ms-dfs-reservas] [           main] o.s.b.f.s.DefaultListableBeanFactory     : Autowiring by type from bean name 'methodValidationPostProcessor' via factory method to bean named 'environment'
2024-10-06T23:09:00.251-03:00 DEBUG 13228 --- [ms-dfs-reservas] [           main] o.s.b.f.s.DefaultListableBeanFactory     : Creating shared instance of singleton bean 'org.springframework.boot.context.properties.EnableConfigurationPropertiesRegistrar.methodValidationExcludeFilter'
2024-10-06T23:09:00.252-03:00 DEBUG 13228 --- [ms-dfs-reservas] [           main] o.s.b.f.s.DefaultListableBeanFactory     : Creating shared instance of singleton bean 'org.springframework.aop.config.internalAutoProxyCreator'
2024-10-06T23:09:00.261-03:00 DEBUG 13228 --- [ms-dfs-reservas] [           main] o.s.b.f.s.DefaultListableBeanFactory     : Creating shared instance of singleton bean 'persistenceExceptionTranslationPostProcessor'
2024-10-06T23:09:00.261-03:00 DEBUG 13228 --- [ms-dfs-reservas] [           main] o.s.b.f.s.DefaultListableBeanFactory     : Autowiring by type from bean name 'persistenceExceptionTranslationPostProcessor' via factory method to bean named 'environment'
2024-10-06T23:09:00.263-03:00 DEBUG 13228 --- [ms-dfs-reservas] [           main] o.s.b.f.s.DefaultListableBeanFactory     : Creating shared instance of singleton bean 'webServerFactoryCustomizerBeanPostProcessor'
2024-10-06T23:09:00.263-03:00 DEBUG 13228 --- [ms-dfs-reservas] [           main] o.s.b.f.s.DefaultListableBeanFactory     : Creating shared instance of singleton bean 'errorPageRegistrarBeanPostProcessor'
2024-10-06T23:09:00.263-03:00 DEBUG 13228 --- [ms-dfs-reservas] [           main] o.s.b.f.s.DefaultListableBeanFactory     : Creating shared instance of singleton bean 'healthEndpointGroupsBeanPostProcessor'
2024-10-06T23:09:00.264-03:00 DEBUG 13228 --- [ms-dfs-reservas] [           main] o.s.b.f.s.DefaultListableBeanFactory     : Creating shared instance of singleton bean 'org.springframework.transaction.config.internalTransactionAdvisor'
2024-10-06T23:09:00.264-03:00 DEBUG 13228 --- [ms-dfs-reservas] [           main] o.s.b.f.s.DefaultListableBeanFactory     : Creating shared instance of singleton bean 'org.springframework.transaction.annotation.ProxyTransactionManagementConfiguration'
2024-10-06T23:09:00.275-03:00 DEBUG 13228 --- [ms-dfs-reservas] [           main] .s.a.a.a.ReflectiveAspectJAdvisorFactory : Found AspectJ method: public java.lang.Object io.micrometer.observation.aop.ObservedAspect.observeClass(org.aspectj.lang.ProceedingJoinPoint) throws java.lang.Throwable
2024-10-06T23:09:00.275-03:00 DEBUG 13228 --- [ms-dfs-reservas] [           main] .s.a.a.a.ReflectiveAspectJAdvisorFactory : Found AspectJ method: public java.lang.Object io.micrometer.observation.aop.ObservedAspect.observeMethod(org.aspectj.lang.ProceedingJoinPoint) throws java.lang.Throwable
2024-10-06T23:09:00.387-03:00 DEBUG 13228 --- [ms-dfs-reservas] [           main] o.s.b.f.s.DefaultListableBeanFactory     : Creating shared instance of singleton bean 'transactionAttributeSource'
2024-10-06T23:09:00.391-03:00 DEBUG 13228 --- [ms-dfs-reservas] [           main] o.s.b.f.s.DefaultListableBeanFactory     : Creating shared instance of singleton bean 'transactionInterceptor'
2024-10-06T23:09:00.391-03:00 DEBUG 13228 --- [ms-dfs-reservas] [           main] o.s.b.f.s.DefaultListableBeanFactory     : Autowiring by type from bean name 'transactionInterceptor' via factory method to bean named 'transactionAttributeSource'
2024-10-06T23:09:00.395-03:00 DEBUG 13228 --- [ms-dfs-reservas] [           main] o.s.b.f.s.DefaultListableBeanFactory     : Autowiring by type from bean name 'org.springframework.transaction.config.internalTransactionAdvisor' via factory method to bean named 'transactionAttributeSource'
2024-10-06T23:09:00.395-03:00 DEBUG 13228 --- [ms-dfs-reservas] [           main] o.s.b.f.s.DefaultListableBeanFactory     : Autowiring by type from bean name 'org.springframework.transaction.config.internalTransactionAdvisor' via factory method to bean named 'transactionInterceptor'
2024-10-06T23:09:00.400-03:00 DEBUG 13228 --- [ms-dfs-reservas] [           main] o.s.b.f.s.DefaultListableBeanFactory     : Creating shared instance of singleton bean 'meterRegistryPostProcessor'
2024-10-06T23:09:00.400-03:00 DEBUG 13228 --- [ms-dfs-reservas] [           main] o.s.b.f.s.DefaultListableBeanFactory     : Autowiring by type from bean name 'meterRegistryPostProcessor' via factory method to bean named 'org.springframework.web.context.support.GenericWebApplicationContext@d512c1'
2024-10-06T23:09:00.404-03:00 DEBUG 13228 --- [ms-dfs-reservas] [           main] o.s.b.f.s.DefaultListableBeanFactory     : Creating shared instance of singleton bean 'metricsRepositoryMethodInvocationListenerBeanPostProcessor'
2024-10-06T23:09:00.407-03:00 DEBUG 13228 --- [ms-dfs-reservas] [           main] o.s.b.f.s.DefaultListableBeanFactory     : Creating shared instance of singleton bean 'observationRegistryPostProcessor'
2024-10-06T23:09:00.410-03:00 DEBUG 13228 --- [ms-dfs-reservas] [           main] o.s.b.f.s.DefaultListableBeanFactory     : Creating shared instance of singleton bean 'projectingArgumentResolverBeanPostProcessor'
2024-10-06T23:09:00.412-03:00 DEBUG 13228 --- [ms-dfs-reservas] [           main] o.s.b.f.s.DefaultListableBeanFactory     : Creating shared instance of singleton bean 'hypermediaRepresentionModelProcessorConfigurator'
2024-10-06T23:09:00.413-03:00 DEBUG 13228 --- [ms-dfs-reservas] [           main] o.s.b.f.s.DefaultListableBeanFactory     : Creating shared instance of singleton bean 'hypermediaRestTemplateBeanPostProcessor'
2024-10-06T23:09:00.414-03:00 DEBUG 13228 --- [ms-dfs-reservas] [           main] o.s.u.c.s.UiApplicationContextUtils      : Unable to locate ThemeSource with name 'themeSource': using default [org.springframework.ui.context.support.ResourceBundleThemeSource@6f7241c2]
2024-10-06T23:09:00.414-03:00 DEBUG 13228 --- [ms-dfs-reservas] [           main] o.s.b.f.s.DefaultListableBeanFactory     : Creating shared instance of singleton bean 'dataSourceScriptDatabaseInitializer'
2024-10-06T23:09:00.415-03:00 DEBUG 13228 --- [ms-dfs-reservas] [           main] o.s.b.f.s.DefaultListableBeanFactory     : Creating shared instance of singleton bean 'org.springframework.boot.autoconfigure.sql.init.DataSourceInitializationConfiguration'
2024-10-06T23:09:00.416-03:00 DEBUG 13228 --- [ms-dfs-reservas] [           main] o.s.b.f.s.DefaultListableBeanFactory     : Creating shared instance of singleton bean 'dataSource'
2024-10-06T23:09:00.416-03:00 DEBUG 13228 --- [ms-dfs-reservas] [           main] o.s.b.f.s.DefaultListableBeanFactory     : Creating shared instance of singleton bean 'org.springframework.boot.autoconfigure.jdbc.DataSourceConfiguration$Hikari'
2024-10-06T23:09:00.418-03:00 DEBUG 13228 --- [ms-dfs-reservas] [           main] o.s.b.f.s.DefaultListableBeanFactory     : Creating shared instance of singleton bean 'spring.datasource-org.springframework.boot.autoconfigure.jdbc.DataSourceProperties'
2024-10-06T23:09:00.418-03:00 DEBUG 13228 --- [ms-dfs-reservas] [           main] o.s.b.f.s.DefaultListableBeanFactory     : Creating shared instance of singleton bean 'org.springframework.boot.context.properties.BoundConfigurationProperties'
2024-10-06T23:09:00.433-03:00 DEBUG 13228 --- [ms-dfs-reservas] [           main] o.s.b.f.s.DefaultListableBeanFactory     : Creating shared instance of singleton bean 'jdbcConnectionDetails'
2024-10-06T23:09:00.433-03:00 DEBUG 13228 --- [ms-dfs-reservas] [           main] o.s.b.f.s.DefaultListableBeanFactory     : Creating shared instance of singleton bean 'org.springframework.boot.autoconfigure.jdbc.DataSourceAutoConfiguration$PooledDataSourceConfiguration'
2024-10-06T23:09:00.434-03:00 DEBUG 13228 --- [ms-dfs-reservas] [           main] o.s.b.f.s.DefaultListableBeanFactory     : Autowiring by type from bean name 'jdbcConnectionDetails' via factory method to bean named 'spring.datasource-org.springframework.boot.autoconfigure.jdbc.DataSourceProperties'
2024-10-06T23:09:00.436-03:00 DEBUG 13228 --- [ms-dfs-reservas] [           main] o.s.b.f.s.DefaultListableBeanFactory     : Autowiring by type from bean name 'dataSource' via factory method to bean named 'spring.datasource-org.springframework.boot.autoconfigure.jdbc.DataSourceProperties'
2024-10-06T23:09:00.436-03:00 DEBUG 13228 --- [ms-dfs-reservas] [           main] o.s.b.f.s.DefaultListableBeanFactory     : Autowiring by type from bean name 'dataSource' via factory method to bean named 'jdbcConnectionDetails'
2024-10-06T23:09:00.549-03:00 DEBUG 13228 --- [ms-dfs-reservas] [           main] o.s.b.f.s.DefaultListableBeanFactory     : Creating shared instance of singleton bean 'spring.sql.init-org.springframework.boot.autoconfigure.sql.init.SqlInitializationProperties'
2024-10-06T23:09:00.552-03:00 DEBUG 13228 --- [ms-dfs-reservas] [           main] o.s.b.f.s.DefaultListableBeanFactory     : Autowiring by type from bean name 'dataSourceScriptDatabaseInitializer' via factory method to bean named 'dataSource'
2024-10-06T23:09:00.552-03:00 DEBUG 13228 --- [ms-dfs-reservas] [           main] o.s.b.f.s.DefaultListableBeanFactory     : Autowiring by type from bean name 'dataSourceScriptDatabaseInitializer' via factory method to bean named 'spring.sql.init-org.springframework.boot.autoconfigure.sql.init.SqlInitializationProperties'
2024-10-06T23:09:00.561-03:00 DEBUG 13228 --- [ms-dfs-reservas] [           main] o.s.b.f.s.DefaultListableBeanFactory     : Creating shared instance of singleton bean 'entityManagerFactory'
2024-10-06T23:09:00.561-03:00 DEBUG 13228 --- [ms-dfs-reservas] [           main] o.s.b.f.s.DefaultListableBeanFactory     : Creating shared instance of singleton bean 'org.springframework.boot.autoconfigure.orm.jpa.HibernateJpaConfiguration'
2024-10-06T23:09:00.562-03:00 DEBUG 13228 --- [ms-dfs-reservas] [           main] o.s.b.f.s.DefaultListableBeanFactory     : Creating shared instance of singleton bean 'spring.jpa-org.springframework.boot.autoconfigure.orm.jpa.JpaProperties'
2024-10-06T23:09:00.566-03:00 DEBUG 13228 --- [ms-dfs-reservas] [           main] o.s.b.f.s.DefaultListableBeanFactory     : Creating shared instance of singleton bean 'spring.jpa.hibernate-org.springframework.boot.autoconfigure.orm.jpa.HibernateProperties'
2024-10-06T23:09:00.568-03:00 DEBUG 13228 --- [ms-dfs-reservas] [           main] o.s.b.f.s.DefaultListableBeanFactory     : Autowiring by type from bean name 'org.springframework.boot.autoconfigure.orm.jpa.HibernateJpaConfiguration' via constructor to bean named 'dataSource'
2024-10-06T23:09:00.568-03:00 DEBUG 13228 --- [ms-dfs-reservas] [           main] o.s.b.f.s.DefaultListableBeanFactory     : Autowiring by type from bean name 'org.springframework.boot.autoconfigure.orm.jpa.HibernateJpaConfiguration' via constructor to bean named 'spring.jpa-org.springframework.boot.autoconfigure.orm.jpa.JpaProperties'
2024-10-06T23:09:00.568-03:00 DEBUG 13228 --- [ms-dfs-reservas] [           main] o.s.b.f.s.DefaultListableBeanFactory     : Autowiring by type from bean name 'org.springframework.boot.autoconfigure.orm.jpa.HibernateJpaConfiguration' via constructor to bean named 'org.springframework.beans.factory.support.DefaultListableBeanFactory@4e5364a3'
2024-10-06T23:09:00.569-03:00 DEBUG 13228 --- [ms-dfs-reservas] [           main] o.s.b.f.s.DefaultListableBeanFactory     : Autowiring by type from bean name 'org.springframework.boot.autoconfigure.orm.jpa.HibernateJpaConfiguration' via constructor to bean named 'spring.jpa.hibernate-org.springframework.boot.autoconfigure.orm.jpa.HibernateProperties'
2024-10-06T23:09:00.572-03:00 DEBUG 13228 --- [ms-dfs-reservas] [           main] o.s.b.f.s.DefaultListableBeanFactory     : Creating shared instance of singleton bean 'oracleUcpPoolDataSourceMetadataProvider'
2024-10-06T23:09:00.572-03:00 DEBUG 13228 --- [ms-dfs-reservas] [           main] o.s.b.f.s.DefaultListableBeanFactory     : Creating shared instance of singleton bean 'org.springframework.boot.autoconfigure.jdbc.metadata.DataSourcePoolMetadataProvidersConfiguration$OracleUcpPoolDataSourceMetadataProviderConfiguration'
2024-10-06T23:09:00.575-03:00 DEBUG 13228 --- [ms-dfs-reservas] [           main] o.s.b.f.s.DefaultListableBeanFactory     : Creating shared instance of singleton bean 'hikariPoolDataSourceMetadataProvider'
2024-10-06T23:09:00.575-03:00 DEBUG 13228 --- [ms-dfs-reservas] [           main] o.s.b.f.s.DefaultListableBeanFactory     : Creating shared instance of singleton bean 'org.springframework.boot.autoconfigure.jdbc.metadata.DataSourcePoolMetadataProvidersConfiguration$HikariPoolDataSourceMetadataProviderConfiguration'
2024-10-06T23:09:00.583-03:00 DEBUG 13228 --- [ms-dfs-reservas] [           main] o.s.b.f.s.DefaultListableBeanFactory     : Creating shared instance of singleton bean 'entityManagerFactoryBuilder'
2024-10-06T23:09:00.583-03:00 DEBUG 13228 --- [ms-dfs-reservas] [           main] o.s.b.f.s.DefaultListableBeanFactory     : Creating shared instance of singleton bean 'jpaVendorAdapter'
2024-10-06T23:09:00.594-03:00 DEBUG 13228 --- [ms-dfs-reservas] [           main] o.s.b.f.s.DefaultListableBeanFactory     : Autowiring by type from bean name 'entityManagerFactoryBuilder' via factory method to bean named 'jpaVendorAdapter'
2024-10-06T23:09:00.597-03:00 DEBUG 13228 --- [ms-dfs-reservas] [           main] o.s.b.f.s.DefaultListableBeanFactory     : Creating shared instance of singleton bean 'persistenceManagedTypes'
2024-10-06T23:09:00.598-03:00 DEBUG 13228 --- [ms-dfs-reservas] [           main] o.s.b.f.s.DefaultListableBeanFactory     : Autowiring by type from bean name 'persistenceManagedTypes' via factory method to bean named 'org.springframework.beans.factory.support.DefaultListableBeanFactory@4e5364a3'
2024-10-06T23:09:00.599-03:00 DEBUG 13228 --- [ms-dfs-reservas] [           main] o.s.b.f.s.DefaultListableBeanFactory     : Autowiring by type from bean name 'persistenceManagedTypes' via factory method to bean named 'org.springframework.web.context.support.GenericWebApplicationContext@d512c1'
2024-10-06T23:09:00.605-03:00 DEBUG 13228 --- [ms-dfs-reservas] [           main] o.s.b.f.s.DefaultListableBeanFactory     : Autowiring by type from bean name 'entityManagerFactory' via factory method to bean named 'entityManagerFactoryBuilder'
2024-10-06T23:09:00.605-03:00 DEBUG 13228 --- [ms-dfs-reservas] [           main] o.s.b.f.s.DefaultListableBeanFactory     : Autowiring by type from bean name 'entityManagerFactory' via factory method to bean named 'persistenceManagedTypes'
2024-10-06T23:09:00.616-03:00 DEBUG 13228 --- [ms-dfs-reservas] [           main] j.LocalContainerEntityManagerFactoryBean : Building JPA container EntityManagerFactory for persistence unit 'default'
2024-10-06T23:09:00.628-03:00 DEBUG 13228 --- [ms-dfs-reservas] [           main] o.hibernate.jpa.internal.util.LogHelper  : PersistenceUnitInfo [
	name: default
	persistence provider classname: null
	classloader: jdk.internal.loader.ClassLoaders$AppClassLoader@70dea4e
	excludeUnlistedClasses: true
	JTA datasource: null
	Non JTA datasource: HikariDataSource (null)
	Transaction type: RESOURCE_LOCAL
	PU root URL: file:/C:/Users/puffo/OneDrive/Documentos/GitHub/ms-dfs-reservas/target/test-classes/
	Shared Cache Mode: UNSPECIFIED
	Validation Mode: AUTO
	Jar files URLs []
	Managed classes names [
		dfs.s3.ms_dfs_reservas.model.Cita]
	Mapping files names []
	Properties []
2024-10-06T23:09:00.634-03:00 DEBUG 13228 --- [ms-dfs-reservas] [           main] o.h.i.internal.IntegratorServiceImpl     : Adding Integrator [org.hibernate.boot.beanvalidation.BeanValidationIntegrator].
2024-10-06T23:09:00.635-03:00 DEBUG 13228 --- [ms-dfs-reservas] [           main] o.h.i.internal.IntegratorServiceImpl     : Adding Integrator [org.hibernate.cache.internal.CollectionCacheInvalidator].
2024-10-06T23:09:00.666-03:00  INFO 13228 --- [ms-dfs-reservas] [           main] org.hibernate.Version                    : HHH000412: Hibernate ORM core version 6.5.2.Final
2024-10-06T23:09:00.667-03:00 DEBUG 13228 --- [ms-dfs-reservas] [           main] org.hibernate.cfg.Environment            : HHH000206: 'hibernate.properties' not found
2024-10-06T23:09:00.682-03:00 DEBUG 13228 --- [ms-dfs-reservas] [           main] org.hibernate.orm.idgen.factory          : Registering IdentifierGenerator strategy [uuid2] -> [org.hibernate.id.UUIDGenerator]
2024-10-06T23:09:00.682-03:00 DEBUG 13228 --- [ms-dfs-reservas] [           main] org.hibernate.orm.idgen.factory          : Registering IdentifierGenerator strategy [guid] -> [org.hibernate.id.GUIDGenerator]
2024-10-06T23:09:00.682-03:00 DEBUG 13228 --- [ms-dfs-reservas] [           main] org.hibernate.orm.idgen.factory          : Registering IdentifierGenerator strategy [uuid] -> [org.hibernate.id.UUIDHexGenerator]
2024-10-06T23:09:00.682-03:00 DEBUG 13228 --- [ms-dfs-reservas] [           main] org.hibernate.orm.idgen.factory          : Registering IdentifierGenerator strategy [uuid.hex] -> [org.hibernate.id.UUIDHexGenerator]
2024-10-06T23:09:00.682-03:00 DEBUG 13228 --- [ms-dfs-reservas] [           main] org.hibernate.orm.idgen.factory          : Registering IdentifierGenerator strategy [assigned] -> [org.hibernate.id.Assigned]
2024-10-06T23:09:00.683-03:00 DEBUG 13228 --- [ms-dfs-reservas] [           main] org.hibernate.orm.idgen.factory          : Registering IdentifierGenerator strategy [identity] -> [org.hibernate.id.IdentityGenerator]
2024-10-06T23:09:00.683-03:00 DEBUG 13228 --- [ms-dfs-reservas] [           main] org.hibernate.orm.idgen.factory          : Registering IdentifierGenerator strategy [select] -> [org.hibernate.id.SelectGenerator]
2024-10-06T23:09:00.684-03:00 DEBUG 13228 --- [ms-dfs-reservas] [           main] org.hibernate.orm.idgen.factory          : Registering IdentifierGenerator strategy [sequence] -> [org.hibernate.id.enhanced.SequenceStyleGenerator]
2024-10-06T23:09:00.684-03:00 DEBUG 13228 --- [ms-dfs-reservas] [           main] org.hibernate.orm.idgen.factory          : Registering IdentifierGenerator strategy [increment] -> [org.hibernate.id.IncrementGenerator]
2024-10-06T23:09:00.685-03:00 DEBUG 13228 --- [ms-dfs-reservas] [           main] org.hibernate.orm.idgen.factory          : Registering IdentifierGenerator strategy [foreign] -> [org.hibernate.id.ForeignGenerator]
2024-10-06T23:09:00.685-03:00 DEBUG 13228 --- [ms-dfs-reservas] [           main] org.hibernate.orm.idgen.factory          : Registering IdentifierGenerator strategy [enhanced-sequence] -> [org.hibernate.id.enhanced.SequenceStyleGenerator]
2024-10-06T23:09:00.686-03:00 DEBUG 13228 --- [ms-dfs-reservas] [           main] org.hibernate.orm.idgen.factory          : Registering IdentifierGenerator strategy [enhanced-table] -> [org.hibernate.id.enhanced.TableGenerator]
2024-10-06T23:09:00.690-03:00 DEBUG 13228 --- [ms-dfs-reservas] [           main] o.h.c.internal.RegionFactoryInitiator    : Cannot default RegionFactory based on registered strategies as `[]` RegionFactory strategies were registered
2024-10-06T23:09:00.691-03:00  INFO 13228 --- [ms-dfs-reservas] [           main] o.h.c.internal.RegionFactoryInitiator    : HHH000026: Second-level cache disabled
2024-10-06T23:09:00.749-03:00 DEBUG 13228 --- [ms-dfs-reservas] [           main] org.hibernate.type.BasicTypeRegistry     : Adding type registration boolean -> org.hibernate.type.BasicTypeReference@8942ece
2024-10-06T23:09:00.749-03:00 DEBUG 13228 --- [ms-dfs-reservas] [           main] org.hibernate.type.BasicTypeRegistry     : Adding type registration boolean -> org.hibernate.type.BasicTypeReference@8942ece
2024-10-06T23:09:00.749-03:00 DEBUG 13228 --- [ms-dfs-reservas] [           main] org.hibernate.type.BasicTypeRegistry     : Adding type registration java.lang.Boolean -> org.hibernate.type.BasicTypeReference@8942ece
2024-10-06T23:09:00.749-03:00 DEBUG 13228 --- [ms-dfs-reservas] [           main] org.hibernate.type.BasicTypeRegistry     : Adding type registration numeric_boolean -> org.hibernate.type.BasicTypeReference@3a89226e
2024-10-06T23:09:00.749-03:00 DEBUG 13228 --- [ms-dfs-reservas] [           main] org.hibernate.type.BasicTypeRegistry     : Adding type registration org.hibernate.type.NumericBooleanConverter -> org.hibernate.type.BasicTypeReference@3a89226e
2024-10-06T23:09:00.749-03:00 DEBUG 13228 --- [ms-dfs-reservas] [           main] org.hibernate.type.BasicTypeRegistry     : Adding type registration true_false -> org.hibernate.type.BasicTypeReference@15254569
2024-10-06T23:09:00.749-03:00 DEBUG 13228 --- [ms-dfs-reservas] [           main] org.hibernate.type.BasicTypeRegistry     : Adding type registration org.hibernate.type.TrueFalseConverter -> org.hibernate.type.BasicTypeReference@15254569
2024-10-06T23:09:00.749-03:00 DEBUG 13228 --- [ms-dfs-reservas] [           main] org.hibernate.type.BasicTypeRegistry     : Adding type registration yes_no -> org.hibernate.type.BasicTypeReference@1390a415
2024-10-06T23:09:00.749-03:00 DEBUG 13228 --- [ms-dfs-reservas] [           main] org.hibernate.type.BasicTypeRegistry     : Adding type registration org.hibernate.type.YesNoConverter -> org.hibernate.type.BasicTypeReference@1390a415
2024-10-06T23:09:00.749-03:00 DEBUG 13228 --- [ms-dfs-reservas] [           main] org.hibernate.type.BasicTypeRegistry     : Adding type registration byte -> org.hibernate.type.BasicTypeReference@3a5b1af7
2024-10-06T23:09:00.749-03:00 DEBUG 13228 --- [ms-dfs-reservas] [           main] org.hibernate.type.BasicTypeRegistry     : Adding type registration byte -> org.hibernate.type.BasicTypeReference@3a5b1af7
2024-10-06T23:09:00.749-03:00 DEBUG 13228 --- [ms-dfs-reservas] [           main] org.hibernate.type.BasicTypeRegistry     : Adding type registration java.lang.Byte -> org.hibernate.type.BasicTypeReference@3a5b1af7
2024-10-06T23:09:00.749-03:00 DEBUG 13228 --- [ms-dfs-reservas] [           main] org.hibernate.type.BasicTypeRegistry     : Adding type registration binary -> org.hibernate.type.BasicTypeReference@4932d580
2024-10-06T23:09:00.749-03:00 DEBUG 13228 --- [ms-dfs-reservas] [           main] org.hibernate.type.BasicTypeRegistry     : Adding type registration byte[] -> org.hibernate.type.BasicTypeReference@4932d580
2024-10-06T23:09:00.749-03:00 DEBUG 13228 --- [ms-dfs-reservas] [           main] org.hibernate.type.BasicTypeRegistry     : Adding type registration [B -> org.hibernate.type.BasicTypeReference@4932d580
2024-10-06T23:09:00.749-03:00 DEBUG 13228 --- [ms-dfs-reservas] [           main] org.hibernate.type.BasicTypeRegistry     : Adding type registration binary_wrapper -> org.hibernate.type.BasicTypeReference@7603cfc2
2024-10-06T23:09:00.749-03:00 DEBUG 13228 --- [ms-dfs-reservas] [           main] org.hibernate.type.BasicTypeRegistry     : Adding type registration wrapper-binary -> org.hibernate.type.BasicTypeReference@7603cfc2
2024-10-06T23:09:00.749-03:00 DEBUG 13228 --- [ms-dfs-reservas] [           main] org.hibernate.type.BasicTypeRegistry     : Adding type registration image -> org.hibernate.type.BasicTypeReference@60256d1b
2024-10-06T23:09:00.749-03:00 DEBUG 13228 --- [ms-dfs-reservas] [           main] org.hibernate.type.BasicTypeRegistry     : Adding type registration blob -> org.hibernate.type.BasicTypeReference@24b4f4a
2024-10-06T23:09:00.749-03:00 DEBUG 13228 --- [ms-dfs-reservas] [           main] org.hibernate.type.BasicTypeRegistry     : Adding type registration java.sql.Blob -> org.hibernate.type.BasicTypeReference@24b4f4a
2024-10-06T23:09:00.749-03:00 DEBUG 13228 --- [ms-dfs-reservas] [           main] org.hibernate.type.BasicTypeRegistry     : Adding type registration materialized_blob -> org.hibernate.type.BasicTypeReference@5d8a1456
2024-10-06T23:09:00.749-03:00 DEBUG 13228 --- [ms-dfs-reservas] [           main] org.hibernate.type.BasicTypeRegistry     : Adding type registration materialized_blob_wrapper -> org.hibernate.type.BasicTypeReference@351fadfa
2024-10-06T23:09:00.749-03:00 DEBUG 13228 --- [ms-dfs-reservas] [           main] org.hibernate.type.BasicTypeRegistry     : Adding type registration short -> org.hibernate.type.BasicTypeReference@7e1953f7
2024-10-06T23:09:00.749-03:00 DEBUG 13228 --- [ms-dfs-reservas] [           main] org.hibernate.type.BasicTypeRegistry     : Adding type registration short -> org.hibernate.type.BasicTypeReference@7e1953f7
2024-10-06T23:09:00.749-03:00 DEBUG 13228 --- [ms-dfs-reservas] [           main] org.hibernate.type.BasicTypeRegistry     : Adding type registration java.lang.Short -> org.hibernate.type.BasicTypeReference@7e1953f7
2024-10-06T23:09:00.749-03:00 DEBUG 13228 --- [ms-dfs-reservas] [           main] org.hibernate.type.BasicTypeRegistry     : Adding type registration integer -> org.hibernate.type.BasicTypeReference@26f07261
2024-10-06T23:09:00.749-03:00 DEBUG 13228 --- [ms-dfs-reservas] [           main] org.hibernate.type.BasicTypeRegistry     : Adding type registration int -> org.hibernate.type.BasicTypeReference@26f07261
2024-10-06T23:09:00.749-03:00 DEBUG 13228 --- [ms-dfs-reservas] [           main] org.hibernate.type.BasicTypeRegistry     : Adding type registration java.lang.Integer -> org.hibernate.type.BasicTypeReference@26f07261
2024-10-06T23:09:00.749-03:00 DEBUG 13228 --- [ms-dfs-reservas] [           main] org.hibernate.type.BasicTypeRegistry     : Adding type registration long -> org.hibernate.type.BasicTypeReference@2b55ea4d
2024-10-06T23:09:00.749-03:00 DEBUG 13228 --- [ms-dfs-reservas] [           main] org.hibernate.type.BasicTypeRegistry     : Adding type registration long -> org.hibernate.type.BasicTypeReference@2b55ea4d
2024-10-06T23:09:00.749-03:00 DEBUG 13228 --- [ms-dfs-reservas] [           main] org.hibernate.type.BasicTypeRegistry     : Adding type registration java.lang.Long -> org.hibernate.type.BasicTypeReference@2b55ea4d
2024-10-06T23:09:00.749-03:00 DEBUG 13228 --- [ms-dfs-reservas] [           main] org.hibernate.type.BasicTypeRegistry     : Adding type registration float -> org.hibernate.type.BasicTypeReference@63ede2a0
2024-10-06T23:09:00.749-03:00 DEBUG 13228 --- [ms-dfs-reservas] [           main] org.hibernate.type.BasicTypeRegistry     : Adding type registration float -> org.hibernate.type.BasicTypeReference@63ede2a0
2024-10-06T23:09:00.749-03:00 DEBUG 13228 --- [ms-dfs-reservas] [           main] org.hibernate.type.BasicTypeRegistry     : Adding type registration java.lang.Float -> org.hibernate.type.BasicTypeReference@63ede2a0
2024-10-06T23:09:00.749-03:00 DEBUG 13228 --- [ms-dfs-reservas] [           main] org.hibernate.type.BasicTypeRegistry     : Adding type registration double -> org.hibernate.type.BasicTypeReference@57df93c1
2024-10-06T23:09:00.750-03:00 DEBUG 13228 --- [ms-dfs-reservas] [           main] org.hibernate.type.BasicTypeRegistry     : Adding type registration double -> org.hibernate.type.BasicTypeReference@57df93c1
2024-10-06T23:09:00.750-03:00 DEBUG 13228 --- [ms-dfs-reservas] [           main] org.hibernate.type.BasicTypeRegistry     : Adding type registration java.lang.Double -> org.hibernate.type.BasicTypeReference@57df93c1
2024-10-06T23:09:00.750-03:00 DEBUG 13228 --- [ms-dfs-reservas] [           main] org.hibernate.type.BasicTypeRegistry     : Adding type registration big_integer -> org.hibernate.type.BasicTypeReference@72998021
2024-10-06T23:09:00.750-03:00 DEBUG 13228 --- [ms-dfs-reservas] [           main] org.hibernate.type.BasicTypeRegistry     : Adding type registration java.math.BigInteger -> org.hibernate.type.BasicTypeReference@72998021
2024-10-06T23:09:00.750-03:00 DEBUG 13228 --- [ms-dfs-reservas] [           main] org.hibernate.type.BasicTypeRegistry     : Adding type registration big_decimal -> org.hibernate.type.BasicTypeReference@761a0bbd
2024-10-06T23:09:00.750-03:00 DEBUG 13228 --- [ms-dfs-reservas] [           main] org.hibernate.type.BasicTypeRegistry     : Adding type registration java.math.BigDecimal -> org.hibernate.type.BasicTypeReference@761a0bbd
2024-10-06T23:09:00.750-03:00 DEBUG 13228 --- [ms-dfs-reservas] [           main] org.hibernate.type.BasicTypeRegistry     : Adding type registration character -> org.hibernate.type.BasicTypeReference@7a6e0f3c
2024-10-06T23:09:00.750-03:00 DEBUG 13228 --- [ms-dfs-reservas] [           main] org.hibernate.type.BasicTypeRegistry     : Adding type registration char -> org.hibernate.type.BasicTypeReference@7a6e0f3c
2024-10-06T23:09:00.750-03:00 DEBUG 13228 --- [ms-dfs-reservas] [           main] org.hibernate.type.BasicTypeRegistry     : Adding type registration java.lang.Character -> org.hibernate.type.BasicTypeReference@7a6e0f3c
2024-10-06T23:09:00.750-03:00 DEBUG 13228 --- [ms-dfs-reservas] [           main] org.hibernate.type.BasicTypeRegistry     : Adding type registration character_nchar -> org.hibernate.type.BasicTypeReference@5184da2b
2024-10-06T23:09:00.750-03:00 DEBUG 13228 --- [ms-dfs-reservas] [           main] org.hibernate.type.BasicTypeRegistry     : Adding type registration string -> org.hibernate.type.BasicTypeReference@6fa2d0b2
2024-10-06T23:09:00.750-03:00 DEBUG 13228 --- [ms-dfs-reservas] [           main] org.hibernate.type.BasicTypeRegistry     : Adding type registration java.lang.String -> org.hibernate.type.BasicTypeReference@6fa2d0b2
2024-10-06T23:09:00.750-03:00 DEBUG 13228 --- [ms-dfs-reservas] [           main] org.hibernate.type.BasicTypeRegistry     : Adding type registration nstring -> org.hibernate.type.BasicTypeReference@49c37918
2024-10-06T23:09:00.750-03:00 DEBUG 13228 --- [ms-dfs-reservas] [           main] org.hibernate.type.BasicTypeRegistry     : Adding type registration characters -> org.hibernate.type.BasicTypeReference@43de88f3
2024-10-06T23:09:00.750-03:00 DEBUG 13228 --- [ms-dfs-reservas] [           main] org.hibernate.type.BasicTypeRegistry     : Adding type registration char[] -> org.hibernate.type.BasicTypeReference@43de88f3
2024-10-06T23:09:00.750-03:00 DEBUG 13228 --- [ms-dfs-reservas] [           main] org.hibernate.type.BasicTypeRegistry     : Adding type registration [C -> org.hibernate.type.BasicTypeReference@43de88f3
2024-10-06T23:09:00.750-03:00 DEBUG 13228 --- [ms-dfs-reservas] [           main] org.hibernate.type.BasicTypeRegistry     : Adding type registration wrapper-characters -> org.hibernate.type.BasicTypeReference@347c5721
2024-10-06T23:09:00.750-03:00 DEBUG 13228 --- [ms-dfs-reservas] [           main] org.hibernate.type.BasicTypeRegistry     : Adding type registration text -> org.hibernate.type.BasicTypeReference@4d22265c
2024-10-06T23:09:00.750-03:00 DEBUG 13228 --- [ms-dfs-reservas] [           main] org.hibernate.type.BasicTypeRegistry     : Adding type registration ntext -> org.hibernate.type.BasicTypeReference@1f7b8d59
2024-10-06T23:09:00.750-03:00 DEBUG 13228 --- [ms-dfs-reservas] [           main] org.hibernate.type.BasicTypeRegistry     : Adding type registration clob -> org.hibernate.type.BasicTypeReference@28551755
2024-10-06T23:09:00.750-03:00 DEBUG 13228 --- [ms-dfs-reservas] [           main] org.hibernate.type.BasicTypeRegistry     : Adding type registration java.sql.Clob -> org.hibernate.type.BasicTypeReference@28551755
2024-10-06T23:09:00.750-03:00 DEBUG 13228 --- [ms-dfs-reservas] [           main] org.hibernate.type.BasicTypeRegistry     : Adding type registration nclob -> org.hibernate.type.BasicTypeReference@7ec68821
2024-10-06T23:09:00.750-03:00 DEBUG 13228 --- [ms-dfs-reservas] [           main] org.hibernate.type.BasicTypeRegistry     : Adding type registration java.sql.NClob -> org.hibernate.type.BasicTypeReference@7ec68821
2024-10-06T23:09:00.750-03:00 DEBUG 13228 --- [ms-dfs-reservas] [           main] org.hibernate.type.BasicTypeRegistry     : Adding type registration materialized_clob -> org.hibernate.type.BasicTypeReference@220a5163
2024-10-06T23:09:00.750-03:00 DEBUG 13228 --- [ms-dfs-reservas] [           main] org.hibernate.type.BasicTypeRegistry     : Adding type registration materialized_clob_char_array -> org.hibernate.type.BasicTypeReference@6158113e
2024-10-06T23:09:00.750-03:00 DEBUG 13228 --- [ms-dfs-reservas] [           main] org.hibernate.type.BasicTypeRegistry     : Adding type registration materialized_clob_character_array -> org.hibernate.type.BasicTypeReference@61375dff
2024-10-06T23:09:00.750-03:00 DEBUG 13228 --- [ms-dfs-reservas] [           main] org.hibernate.type.BasicTypeRegistry     : Adding type registration materialized_nclob -> org.hibernate.type.BasicTypeReference@2bfa5678
2024-10-06T23:09:00.750-03:00 DEBUG 13228 --- [ms-dfs-reservas] [           main] org.hibernate.type.BasicTypeRegistry     : Adding type registration materialized_nclob_character_array -> org.hibernate.type.BasicTypeReference@5b8b9b2d
2024-10-06T23:09:00.751-03:00 DEBUG 13228 --- [ms-dfs-reservas] [           main] org.hibernate.type.BasicTypeRegistry     : Adding type registration materialized_nclob_char_array -> org.hibernate.type.BasicTypeReference@7a7bb083
2024-10-06T23:09:00.751-03:00 DEBUG 13228 --- [ms-dfs-reservas] [           main] org.hibernate.type.BasicTypeRegistry     : Adding type registration Duration -> org.hibernate.type.BasicTypeReference@2178d296
2024-10-06T23:09:00.751-03:00 DEBUG 13228 --- [ms-dfs-reservas] [           main] org.hibernate.type.BasicTypeRegistry     : Adding type registration java.time.Duration -> org.hibernate.type.BasicTypeReference@2178d296
2024-10-06T23:09:00.751-03:00 DEBUG 13228 --- [ms-dfs-reservas] [           main] org.hibernate.type.BasicTypeRegistry     : Adding type registration LocalDateTime -> org.hibernate.type.BasicTypeReference@58c80957
2024-10-06T23:09:00.751-03:00 DEBUG 13228 --- [ms-dfs-reservas] [           main] org.hibernate.type.BasicTypeRegistry     : Adding type registration java.time.LocalDateTime -> org.hibernate.type.BasicTypeReference@58c80957
2024-10-06T23:09:00.751-03:00 DEBUG 13228 --- [ms-dfs-reservas] [           main] org.hibernate.type.BasicTypeRegistry     : Adding type registration LocalDate -> org.hibernate.type.BasicTypeReference@5f1db390
2024-10-06T23:09:00.751-03:00 DEBUG 13228 --- [ms-dfs-reservas] [           main] org.hibernate.type.BasicTypeRegistry     : Adding type registration java.time.LocalDate -> org.hibernate.type.BasicTypeReference@5f1db390
2024-10-06T23:09:00.751-03:00 DEBUG 13228 --- [ms-dfs-reservas] [           main] org.hibernate.type.BasicTypeRegistry     : Adding type registration LocalTime -> org.hibernate.type.BasicTypeReference@78c5ef58
2024-10-06T23:09:00.751-03:00 DEBUG 13228 --- [ms-dfs-reservas] [           main] org.hibernate.type.BasicTypeRegistry     : Adding type registration java.time.LocalTime -> org.hibernate.type.BasicTypeReference@78c5ef58
2024-10-06T23:09:00.751-03:00 DEBUG 13228 --- [ms-dfs-reservas] [           main] org.hibernate.type.BasicTypeRegistry     : Adding type registration OffsetDateTime -> org.hibernate.type.BasicTypeReference@1fce6eb4
2024-10-06T23:09:00.751-03:00 DEBUG 13228 --- [ms-dfs-reservas] [           main] org.hibernate.type.BasicTypeRegistry     : Adding type registration java.time.OffsetDateTime -> org.hibernate.type.BasicTypeReference@1fce6eb4
2024-10-06T23:09:00.751-03:00 DEBUG 13228 --- [ms-dfs-reservas] [           main] org.hibernate.type.BasicTypeRegistry     : Adding type registration OffsetDateTimeWithTimezone -> org.hibernate.type.BasicTypeReference@7d44eab
2024-10-06T23:09:00.751-03:00 DEBUG 13228 --- [ms-dfs-reservas] [           main] org.hibernate.type.BasicTypeRegistry     : Adding type registration OffsetDateTimeWithoutTimezone -> org.hibernate.type.BasicTypeReference@35e7fcf2
2024-10-06T23:09:00.751-03:00 DEBUG 13228 --- [ms-dfs-reservas] [           main] org.hibernate.type.BasicTypeRegistry     : Adding type registration OffsetTime -> org.hibernate.type.BasicTypeReference@620f7a39
2024-10-06T23:09:00.751-03:00 DEBUG 13228 --- [ms-dfs-reservas] [           main] org.hibernate.type.BasicTypeRegistry     : Adding type registration java.time.OffsetTime -> org.hibernate.type.BasicTypeReference@620f7a39
2024-10-06T23:09:00.751-03:00 DEBUG 13228 --- [ms-dfs-reservas] [           main] org.hibernate.type.BasicTypeRegistry     : Adding type registration OffsetTimeUtc -> org.hibernate.type.BasicTypeReference@e581302
2024-10-06T23:09:00.751-03:00 DEBUG 13228 --- [ms-dfs-reservas] [           main] org.hibernate.type.BasicTypeRegistry     : Adding type registration OffsetTimeWithTimezone -> org.hibernate.type.BasicTypeReference@2b5ca574
2024-10-06T23:09:00.752-03:00 DEBUG 13228 --- [ms-dfs-reservas] [           main] org.hibernate.type.BasicTypeRegistry     : Adding type registration OffsetTimeWithoutTimezone -> org.hibernate.type.BasicTypeReference@3891b430
2024-10-06T23:09:00.752-03:00 DEBUG 13228 --- [ms-dfs-reservas] [           main] org.hibernate.type.BasicTypeRegistry     : Adding type registration ZonedDateTime -> org.hibernate.type.BasicTypeReference@769f6023
2024-10-06T23:09:00.752-03:00 DEBUG 13228 --- [ms-dfs-reservas] [           main] org.hibernate.type.BasicTypeRegistry     : Adding type registration java.time.ZonedDateTime -> org.hibernate.type.BasicTypeReference@769f6023
2024-10-06T23:09:00.752-03:00 DEBUG 13228 --- [ms-dfs-reservas] [           main] org.hibernate.type.BasicTypeRegistry     : Adding type registration ZonedDateTimeWithTimezone -> org.hibernate.type.BasicTypeReference@38a61c81
2024-10-06T23:09:00.752-03:00 DEBUG 13228 --- [ms-dfs-reservas] [           main] org.hibernate.type.BasicTypeRegistry     : Adding type registration ZonedDateTimeWithoutTimezone -> org.hibernate.type.BasicTypeReference@2f03fdc0
2024-10-06T23:09:00.752-03:00 DEBUG 13228 --- [ms-dfs-reservas] [           main] org.hibernate.type.BasicTypeRegistry     : Adding type registration date -> org.hibernate.type.BasicTypeReference@1a06ec24
2024-10-06T23:09:00.752-03:00 DEBUG 13228 --- [ms-dfs-reservas] [           main] org.hibernate.type.BasicTypeRegistry     : Adding type registration java.sql.Date -> org.hibernate.type.BasicTypeReference@1a06ec24
2024-10-06T23:09:00.752-03:00 DEBUG 13228 --- [ms-dfs-reservas] [           main] org.hibernate.type.BasicTypeRegistry     : Adding type registration time -> org.hibernate.type.BasicTypeReference@1715193f
2024-10-06T23:09:00.752-03:00 DEBUG 13228 --- [ms-dfs-reservas] [           main] org.hibernate.type.BasicTypeRegistry     : Adding type registration java.sql.Time -> org.hibernate.type.BasicTypeReference@1715193f
2024-10-06T23:09:00.752-03:00 DEBUG 13228 --- [ms-dfs-reservas] [           main] org.hibernate.type.BasicTypeRegistry     : Adding type registration timestamp -> org.hibernate.type.BasicTypeReference@1f5f4d48
2024-10-06T23:09:00.752-03:00 DEBUG 13228 --- [ms-dfs-reservas] [           main] org.hibernate.type.BasicTypeRegistry     : Adding type registration java.sql.Timestamp -> org.hibernate.type.BasicTypeReference@1f5f4d48
2024-10-06T23:09:00.752-03:00 DEBUG 13228 --- [ms-dfs-reservas] [           main] org.hibernate.type.BasicTypeRegistry     : Adding type registration java.util.Date -> org.hibernate.type.BasicTypeReference@1f5f4d48
2024-10-06T23:09:00.752-03:00 DEBUG 13228 --- [ms-dfs-reservas] [           main] org.hibernate.type.BasicTypeRegistry     : Adding type registration calendar -> org.hibernate.type.BasicTypeReference@2f025e9e
2024-10-06T23:09:00.752-03:00 DEBUG 13228 --- [ms-dfs-reservas] [           main] org.hibernate.type.BasicTypeRegistry     : Adding type registration java.util.Calendar -> org.hibernate.type.BasicTypeReference@2f025e9e
2024-10-06T23:09:00.752-03:00 DEBUG 13228 --- [ms-dfs-reservas] [           main] org.hibernate.type.BasicTypeRegistry     : Adding type registration java.util.GregorianCalendar -> org.hibernate.type.BasicTypeReference@2f025e9e
2024-10-06T23:09:00.752-03:00 DEBUG 13228 --- [ms-dfs-reservas] [           main] org.hibernate.type.BasicTypeRegistry     : Adding type registration calendar_date -> org.hibernate.type.BasicTypeReference@2c8e096
2024-10-06T23:09:00.752-03:00 DEBUG 13228 --- [ms-dfs-reservas] [           main] org.hibernate.type.BasicTypeRegistry     : Adding type registration calendar_time -> org.hibernate.type.BasicTypeReference@3dabdd11
2024-10-06T23:09:00.752-03:00 DEBUG 13228 --- [ms-dfs-reservas] [           main] org.hibernate.type.BasicTypeRegistry     : Adding type registration instant -> org.hibernate.type.BasicTypeReference@587bf2e1
2024-10-06T23:09:00.752-03:00 DEBUG 13228 --- [ms-dfs-reservas] [           main] org.hibernate.type.BasicTypeRegistry     : Adding type registration java.time.Instant -> org.hibernate.type.BasicTypeReference@587bf2e1
2024-10-06T23:09:00.752-03:00 DEBUG 13228 --- [ms-dfs-reservas] [           main] org.hibernate.type.BasicTypeRegistry     : Adding type registration uuid -> org.hibernate.type.BasicTypeReference@6530a1de
2024-10-06T23:09:00.752-03:00 DEBUG 13228 --- [ms-dfs-reservas] [           main] org.hibernate.type.BasicTypeRegistry     : Adding type registration java.util.UUID -> org.hibernate.type.BasicTypeReference@6530a1de
2024-10-06T23:09:00.752-03:00 DEBUG 13228 --- [ms-dfs-reservas] [           main] org.hibernate.type.BasicTypeRegistry     : Adding type registration pg-uuid -> org.hibernate.type.BasicTypeReference@6530a1de
2024-10-06T23:09:00.752-03:00 DEBUG 13228 --- [ms-dfs-reservas] [           main] org.hibernate.type.BasicTypeRegistry     : Adding type registration uuid-binary -> org.hibernate.type.BasicTypeReference@20b921be
2024-10-06T23:09:00.752-03:00 DEBUG 13228 --- [ms-dfs-reservas] [           main] org.hibernate.type.BasicTypeRegistry     : Adding type registration uuid-char -> org.hibernate.type.BasicTypeReference@431923ed
2024-10-06T23:09:00.752-03:00 DEBUG 13228 --- [ms-dfs-reservas] [           main] org.hibernate.type.BasicTypeRegistry     : Adding type registration class -> org.hibernate.type.BasicTypeReference@44723d95
2024-10-06T23:09:00.752-03:00 DEBUG 13228 --- [ms-dfs-reservas] [           main] org.hibernate.type.BasicTypeRegistry     : Adding type registration java.lang.Class -> org.hibernate.type.BasicTypeReference@44723d95
2024-10-06T23:09:00.752-03:00 DEBUG 13228 --- [ms-dfs-reservas] [           main] org.hibernate.type.BasicTypeRegistry     : Adding type registration currency -> org.hibernate.type.BasicTypeReference@242c4a94
2024-10-06T23:09:00.752-03:00 DEBUG 13228 --- [ms-dfs-reservas] [           main] org.hibernate.type.BasicTypeRegistry     : Adding type registration Currency -> org.hibernate.type.BasicTypeReference@242c4a94
2024-10-06T23:09:00.752-03:00 DEBUG 13228 --- [ms-dfs-reservas] [           main] org.hibernate.type.BasicTypeRegistry     : Adding type registration java.util.Currency -> org.hibernate.type.BasicTypeReference@242c4a94
2024-10-06T23:09:00.752-03:00 DEBUG 13228 --- [ms-dfs-reservas] [           main] org.hibernate.type.BasicTypeRegistry     : Adding type registration locale -> org.hibernate.type.BasicTypeReference@4df13b7e
2024-10-06T23:09:00.752-03:00 DEBUG 13228 --- [ms-dfs-reservas] [           main] org.hibernate.type.BasicTypeRegistry     : Adding type registration java.util.Locale -> org.hibernate.type.BasicTypeReference@4df13b7e
2024-10-06T23:09:00.752-03:00 DEBUG 13228 --- [ms-dfs-reservas] [           main] org.hibernate.type.BasicTypeRegistry     : Adding type registration serializable -> org.hibernate.type.BasicTypeReference@477d6f66
2024-10-06T23:09:00.752-03:00 DEBUG 13228 --- [ms-dfs-reservas] [           main] org.hibernate.type.BasicTypeRegistry     : Adding type registration java.io.Serializable -> org.hibernate.type.BasicTypeReference@477d6f66
2024-10-06T23:09:00.752-03:00 DEBUG 13228 --- [ms-dfs-reservas] [           main] org.hibernate.type.BasicTypeRegistry     : Adding type registration timezone -> org.hibernate.type.BasicTypeReference@12b66c89
2024-10-06T23:09:00.752-03:00 DEBUG 13228 --- [ms-dfs-reservas] [           main] org.hibernate.type.BasicTypeRegistry     : Adding type registration java.util.TimeZone -> org.hibernate.type.BasicTypeReference@12b66c89
2024-10-06T23:09:00.752-03:00 DEBUG 13228 --- [ms-dfs-reservas] [           main] org.hibernate.type.BasicTypeRegistry     : Adding type registration ZoneOffset -> org.hibernate.type.BasicTypeReference@5408fca1
2024-10-06T23:09:00.752-03:00 DEBUG 13228 --- [ms-dfs-reservas] [           main] org.hibernate.type.BasicTypeRegistry     : Adding type registration java.time.ZoneOffset -> org.hibernate.type.BasicTypeReference@5408fca1
2024-10-06T23:09:00.752-03:00 DEBUG 13228 --- [ms-dfs-reservas] [           main] org.hibernate.type.BasicTypeRegistry     : Adding type registration url -> org.hibernate.type.BasicTypeReference@10660795
2024-10-06T23:09:00.753-03:00 DEBUG 13228 --- [ms-dfs-reservas] [           main] org.hibernate.type.BasicTypeRegistry     : Adding type registration java.net.URL -> org.hibernate.type.BasicTypeReference@10660795
2024-10-06T23:09:00.753-03:00 DEBUG 13228 --- [ms-dfs-reservas] [           main] org.hibernate.type.BasicTypeRegistry     : Adding type registration vector -> org.hibernate.type.BasicTypeReference@3ccc4ca0
2024-10-06T23:09:00.753-03:00 DEBUG 13228 --- [ms-dfs-reservas] [           main] org.hibernate.type.BasicTypeRegistry     : Adding type registration row_version -> org.hibernate.type.BasicTypeReference@1dbfbd94
2024-10-06T23:09:00.756-03:00 DEBUG 13228 --- [ms-dfs-reservas] [           main] org.hibernate.type.BasicTypeRegistry     : Adding type registration object -> org.hibernate.type.JavaObjectType@6329a5b9
2024-10-06T23:09:00.756-03:00 DEBUG 13228 --- [ms-dfs-reservas] [           main] org.hibernate.type.BasicTypeRegistry     : Adding type registration java.lang.Object -> org.hibernate.type.JavaObjectType@6329a5b9
2024-10-06T23:09:00.757-03:00 DEBUG 13228 --- [ms-dfs-reservas] [           main] org.hibernate.type.BasicTypeRegistry     : Adding type registration null -> org.hibernate.type.NullType@44a0e68f
2024-10-06T23:09:00.757-03:00 DEBUG 13228 --- [ms-dfs-reservas] [           main] org.hibernate.type.BasicTypeRegistry     : Adding type registration imm_date -> org.hibernate.type.BasicTypeReference@567baa55
2024-10-06T23:09:00.757-03:00 DEBUG 13228 --- [ms-dfs-reservas] [           main] org.hibernate.type.BasicTypeRegistry     : Adding type registration imm_time -> org.hibernate.type.BasicTypeReference@63a9af28
2024-10-06T23:09:00.757-03:00 DEBUG 13228 --- [ms-dfs-reservas] [           main] org.hibernate.type.BasicTypeRegistry     : Adding type registration imm_timestamp -> org.hibernate.type.BasicTypeReference@105cdf61
2024-10-06T23:09:00.758-03:00 DEBUG 13228 --- [ms-dfs-reservas] [           main] org.hibernate.type.BasicTypeRegistry     : Adding type registration imm_calendar -> org.hibernate.type.BasicTypeReference@530bd77b
2024-10-06T23:09:00.758-03:00 DEBUG 13228 --- [ms-dfs-reservas] [           main] org.hibernate.type.BasicTypeRegistry     : Adding type registration imm_calendar_date -> org.hibernate.type.BasicTypeReference@58a9e64d
2024-10-06T23:09:00.758-03:00 DEBUG 13228 --- [ms-dfs-reservas] [           main] org.hibernate.type.BasicTypeRegistry     : Adding type registration imm_calendar_time -> org.hibernate.type.BasicTypeReference@7657d29f
2024-10-06T23:09:00.758-03:00 DEBUG 13228 --- [ms-dfs-reservas] [           main] org.hibernate.type.BasicTypeRegistry     : Adding type registration imm_binary -> org.hibernate.type.BasicTypeReference@6ace3
2024-10-06T23:09:00.758-03:00 DEBUG 13228 --- [ms-dfs-reservas] [           main] org.hibernate.type.BasicTypeRegistry     : Adding type registration imm_serializable -> org.hibernate.type.BasicTypeReference@d3b0397
2024-10-06T23:09:00.762-03:00 DEBUG 13228 --- [ms-dfs-reservas] [           main] o.h.boot.internal.BootstrapContextImpl   : Injecting JPA temp ClassLoader [org.springframework.instrument.classloading.SimpleThrowawayClassLoader@60658389] into BootstrapContext; was [null]
2024-10-06T23:09:00.762-03:00 DEBUG 13228 --- [ms-dfs-reservas] [           main] o.h.boot.internal.ClassLoaderAccessImpl  : ClassLoaderAccessImpl#injectTempClassLoader(org.springframework.instrument.classloading.SimpleThrowawayClassLoader@60658389) [was null]
2024-10-06T23:09:00.762-03:00 DEBUG 13228 --- [ms-dfs-reservas] [           main] o.h.boot.internal.BootstrapContextImpl   : Injecting ScanEnvironment [org.hibernate.jpa.boot.internal.StandardJpaScanEnvironmentImpl@65dd2191] into BootstrapContext; was [null]
2024-10-06T23:09:00.762-03:00 DEBUG 13228 --- [ms-dfs-reservas] [           main] o.h.boot.internal.BootstrapContextImpl   : Injecting ScanOptions [org.hibernate.boot.archive.scan.internal.StandardScanOptions@6a905513] into BootstrapContext; was [org.hibernate.boot.archive.scan.internal.StandardScanOptions@2f98fe6f]
2024-10-06T23:09:00.793-03:00  INFO 13228 --- [ms-dfs-reservas] [           main] o.s.o.j.p.SpringPersistenceUnitInfo      : No LoadTimeWeaver setup: ignoring JPA class transformer
2024-10-06T23:09:00.793-03:00 DEBUG 13228 --- [ms-dfs-reservas] [           main] o.h.boot.internal.BootstrapContextImpl   : Injecting JPA temp ClassLoader [null] into BootstrapContext; was [org.springframework.instrument.classloading.SimpleThrowawayClassLoader@60658389]
2024-10-06T23:09:00.793-03:00 DEBUG 13228 --- [ms-dfs-reservas] [           main] o.h.boot.internal.ClassLoaderAccessImpl  : ClassLoaderAccessImpl#injectTempClassLoader(null) [was org.springframework.instrument.classloading.SimpleThrowawayClassLoader@60658389]
2024-10-06T23:09:00.814-03:00  INFO 13228 --- [ms-dfs-reservas] [           main] com.zaxxer.hikari.HikariDataSource       : HikariPool-1 - Starting...
2024-10-06T23:09:00.817-03:00  WARN 13228 --- [ms-dfs-reservas] [           main] c.zaxxer.hikari.util.DriverDataSource    : Registered driver with driverClassName=oracle.jdbc.driver.OracleDriver was not found, trying direct instantiation.
2024-10-06T23:09:01.544-03:00  INFO 13228 --- [ms-dfs-reservas] [           main] com.zaxxer.hikari.pool.HikariPool        : HikariPool-1 - Added connection oracle.jdbc.driver.T4CConnection@411576c7
2024-10-06T23:09:01.545-03:00  INFO 13228 --- [ms-dfs-reservas] [           main] com.zaxxer.hikari.HikariDataSource       : HikariPool-1 - Start completed.
2024-10-06T23:09:01.548-03:00 DEBUG 13228 --- [ms-dfs-reservas] [           main] o.h.e.j.e.i.JdbcEnvironmentInitiator     : Database ->
	   name : Oracle
	version : Oracle Database 19c Enterprise Edition Release 19.0.0.0.0 - Production
Version 19.25.0.1.0
	  major : 19
	  minor : 0
2024-10-06T23:09:01.548-03:00 DEBUG 13228 --- [ms-dfs-reservas] [           main] o.h.e.j.e.i.JdbcEnvironmentInitiator     : Driver ->
	   name : Oracle JDBC driver
	version : 21.9.0.0.0
	  major : 21
	  minor : 9
2024-10-06T23:09:01.548-03:00 DEBUG 13228 --- [ms-dfs-reservas] [           main] o.h.e.j.e.i.JdbcEnvironmentInitiator     : JDBC version : 4.3
2024-10-06T23:09:01.653-03:00  WARN 13228 --- [ms-dfs-reservas] [           main] org.hibernate.orm.deprecation            : HHH90000025: OracleDialect does not need to be specified explicitly using 'hibernate.dialect' (remove the property setting and it will be selected by default)
2024-10-06T23:09:01.654-03:00 DEBUG 13228 --- [ms-dfs-reservas] [           main] org.hibernate.orm.dialect                : HHH035001: Using dialect: org.hibernate.dialect.OracleDialect, version: 19.0
2024-10-06T23:09:01.692-03:00 DEBUG 13228 --- [ms-dfs-reservas] [           main] o.h.t.d.jdbc.spi.JdbcTypeRegistry        : addDescriptor(NCharTypeDescriptor) replaced previous registration(CharTypeDescriptor)
2024-10-06T23:09:01.692-03:00 DEBUG 13228 --- [ms-dfs-reservas] [           main] o.h.t.d.jdbc.spi.JdbcTypeRegistry        : addDescriptor(NVarcharTypeDescriptor) replaced previous registration(VarcharTypeDescriptor)
2024-10-06T23:09:01.692-03:00 DEBUG 13228 --- [ms-dfs-reservas] [           main] o.h.t.d.jdbc.spi.JdbcTypeRegistry        : addDescriptor(LongNVarcharTypeDescriptor) replaced previous registration(LongVarcharTypeDescriptor)
2024-10-06T23:09:01.699-03:00 DEBUG 13228 --- [ms-dfs-reservas] [           main] o.h.t.d.jdbc.spi.JdbcTypeRegistry        : addDescriptor(NClobTypeDescriptor(DEFAULT)) replaced previous registration(ClobTypeDescriptor(DEFAULT))
2024-10-06T23:09:01.699-03:00 DEBUG 13228 --- [ms-dfs-reservas] [           main] o.h.t.d.jdbc.spi.JdbcTypeRegistry        : addDescriptor(2005, ClobTypeDescriptor(STREAM_BINDING)) replaced previous registration(ClobTypeDescriptor(DEFAULT))
2024-10-06T23:09:01.700-03:00 DEBUG 13228 --- [ms-dfs-reservas] [           main] o.h.t.d.jdbc.spi.JdbcTypeRegistry        : addDescriptor(BooleanTypeDescriptor) replaced previous registration(BooleanTypeDescriptor)
2024-10-06T23:09:01.709-03:00 DEBUG 13228 --- [ms-dfs-reservas] [           main] org.hibernate.type.BasicTypeRegistry     : Adding type registration null -> org.hibernate.type.NullType@354ff4f6
2024-10-06T23:09:01.709-03:00 DEBUG 13228 --- [ms-dfs-reservas] [           main] org.hibernate.type.BasicTypeRegistry     : Type registration key [null] overrode previous entry : `org.hibernate.type.NullType@44a0e68f`
2024-10-06T23:09:01.709-03:00 DEBUG 13228 --- [ms-dfs-reservas] [           main] org.hibernate.type.BasicTypeRegistry     : Adding type registration JAVA_OBJECT -> org.hibernate.type.JavaObjectType@17af9f67
2024-10-06T23:09:01.709-03:00 DEBUG 13228 --- [ms-dfs-reservas] [           main] org.hibernate.type.BasicTypeRegistry     : Adding type registration java.lang.Object -> org.hibernate.type.JavaObjectType@17af9f67
2024-10-06T23:09:01.709-03:00 DEBUG 13228 --- [ms-dfs-reservas] [           main] org.hibernate.type.BasicTypeRegistry     : Type registration key [java.lang.Object] overrode previous entry : `org.hibernate.type.JavaObjectType@6329a5b9`
2024-10-06T23:09:01.712-03:00 DEBUG 13228 --- [ms-dfs-reservas] [           main] org.hibernate.type.BasicTypeRegistry     : Adding type registration org.hibernate.type.DurationType -> basicType@1(java.time.Duration,3015)
2024-10-06T23:09:01.712-03:00 DEBUG 13228 --- [ms-dfs-reservas] [           main] org.hibernate.type.BasicTypeRegistry     : Adding type registration Duration -> basicType@1(java.time.Duration,3015)
2024-10-06T23:09:01.712-03:00 DEBUG 13228 --- [ms-dfs-reservas] [           main] org.hibernate.type.BasicTypeRegistry     : Adding type registration java.time.Duration -> basicType@1(java.time.Duration,3015)
2024-10-06T23:09:01.715-03:00 DEBUG 13228 --- [ms-dfs-reservas] [           main] o.h.type.spi.TypeConfiguration$Scope     : Scoping TypeConfiguration [org.hibernate.type.spi.TypeConfiguration@3a8cc099] to MetadataBuildingContext [org.hibernate.boot.internal.MetadataBuildingContextRootImpl@756b703d]
2024-10-06T23:09:01.746-03:00 DEBUG 13228 --- [ms-dfs-reservas] [           main] o.h.boot.model.relational.Namespace      : Created database namespace [logicalName=Name{catalog=null, schema=null}, physicalName=Name{catalog=null, schema=null}]
2024-10-06T23:09:01.769-03:00 DEBUG 13228 --- [ms-dfs-reservas] [           main] o.h.boot.model.internal.EntityBinder     : Binding entity from annotated class: dfs.s3.ms_dfs_reservas.model.Cita
2024-10-06T23:09:01.774-03:00 DEBUG 13228 --- [ms-dfs-reservas] [           main] o.h.boot.model.internal.EntityBinder     : Import with entity name Cita
2024-10-06T23:09:01.779-03:00 DEBUG 13228 --- [ms-dfs-reservas] [           main] o.h.boot.model.internal.EntityBinder     : Bind entity dfs.s3.ms_dfs_reservas.model.Cita on table cita
2024-10-06T23:09:01.785-03:00 DEBUG 13228 --- [ms-dfs-reservas] [           main] o.h.boot.model.internal.AnnotatedColumn  : Binding column: AnnotatedDiscriminatorColumn(column='DTYPE')
2024-10-06T23:09:01.794-03:00 DEBUG 13228 --- [ms-dfs-reservas] [           main] o.h.boot.model.internal.AnnotatedColumn  : Binding column: AnnotatedColumn(column='id')
2024-10-06T23:09:01.795-03:00 DEBUG 13228 --- [ms-dfs-reservas] [           main] o.h.boot.internal.ClassLoaderAccessImpl  : Not known whether passed class name [dfs.s3.ms_dfs_reservas.model.Cita] is safe
2024-10-06T23:09:01.795-03:00 DEBUG 13228 --- [ms-dfs-reservas] [           main] o.h.boot.internal.ClassLoaderAccessImpl  : No temp ClassLoader provided; using live ClassLoader for loading potentially unsafe class : dfs.s3.ms_dfs_reservas.model.Cita
2024-10-06T23:09:01.797-03:00 DEBUG 13228 --- [ms-dfs-reservas] [           main] o.h.boot.model.internal.PropertyBinder   : MetadataSourceProcessor property id with lazy=false
2024-10-06T23:09:01.800-03:00 DEBUG 13228 --- [ms-dfs-reservas] [           main] o.h.b.m.internal.AbstractPropertyHolder  : Attempting to locate auto-apply AttributeConverter for property [dfs.s3.ms_dfs_reservas.model.Cita:id]
2024-10-06T23:09:01.802-03:00 DEBUG 13228 --- [ms-dfs-reservas] [           main] o.h.b.model.internal.BasicValueBinder    : building BasicValue for id
2024-10-06T23:09:01.804-03:00 DEBUG 13228 --- [ms-dfs-reservas] [           main] org.hibernate.mapping.BasicValue         : Skipping column re-registration: cita.id
2024-10-06T23:09:01.805-03:00 DEBUG 13228 --- [ms-dfs-reservas] [           main] o.h.boot.model.internal.PropertyBinder   : Building property id
2024-10-06T23:09:01.807-03:00 DEBUG 13228 --- [ms-dfs-reservas] [           main] o.h.boot.model.internal.BinderHelper     : #makeIdGenerator(BasicValue([Column(id)]), id, identity, , ...)
2024-10-06T23:09:01.808-03:00 DEBUG 13228 --- [ms-dfs-reservas] [           main] o.h.boot.model.internal.AnnotatedColumn  : Binding column: AnnotatedColumn(column='disponible')
2024-10-06T23:09:01.808-03:00 DEBUG 13228 --- [ms-dfs-reservas] [           main] o.h.boot.model.internal.PropertyBinder   : MetadataSourceProcessor property disponible with lazy=false
2024-10-06T23:09:01.808-03:00 DEBUG 13228 --- [ms-dfs-reservas] [           main] o.h.b.m.internal.AbstractPropertyHolder  : Attempting to locate auto-apply AttributeConverter for property [dfs.s3.ms_dfs_reservas.model.Cita:disponible]
2024-10-06T23:09:01.808-03:00 DEBUG 13228 --- [ms-dfs-reservas] [           main] o.h.b.model.internal.BasicValueBinder    : building BasicValue for disponible
2024-10-06T23:09:01.808-03:00 DEBUG 13228 --- [ms-dfs-reservas] [           main] org.hibernate.mapping.BasicValue         : Skipping column re-registration: cita.disponible
2024-10-06T23:09:01.808-03:00 DEBUG 13228 --- [ms-dfs-reservas] [           main] o.h.boot.model.internal.PropertyBinder   : Building property disponible
2024-10-06T23:09:01.808-03:00 DEBUG 13228 --- [ms-dfs-reservas] [           main] o.h.boot.model.internal.AnnotatedColumn  : Binding column: AnnotatedColumn(column='fecha_hora')
2024-10-06T23:09:01.808-03:00 DEBUG 13228 --- [ms-dfs-reservas] [           main] o.h.boot.model.internal.PropertyBinder   : MetadataSourceProcessor property fecha_hora with lazy=false
2024-10-06T23:09:01.808-03:00 DEBUG 13228 --- [ms-dfs-reservas] [           main] o.h.b.m.internal.AbstractPropertyHolder  : Attempting to locate auto-apply AttributeConverter for property [dfs.s3.ms_dfs_reservas.model.Cita:fecha_hora]
2024-10-06T23:09:01.808-03:00 DEBUG 13228 --- [ms-dfs-reservas] [           main] o.h.b.model.internal.BasicValueBinder    : building BasicValue for fecha_hora
2024-10-06T23:09:01.809-03:00 DEBUG 13228 --- [ms-dfs-reservas] [           main] org.hibernate.mapping.BasicValue         : Skipping column re-registration: cita.fecha_hora
2024-10-06T23:09:01.809-03:00 DEBUG 13228 --- [ms-dfs-reservas] [           main] o.h.boot.model.internal.PropertyBinder   : Building property fecha_hora
2024-10-06T23:09:01.809-03:00 DEBUG 13228 --- [ms-dfs-reservas] [           main] o.h.boot.model.internal.AnnotatedColumn  : Binding column: AnnotatedColumn(column='fin')
2024-10-06T23:09:01.809-03:00 DEBUG 13228 --- [ms-dfs-reservas] [           main] o.h.boot.model.internal.PropertyBinder   : MetadataSourceProcessor property fin with lazy=false
2024-10-06T23:09:01.809-03:00 DEBUG 13228 --- [ms-dfs-reservas] [           main] o.h.b.m.internal.AbstractPropertyHolder  : Attempting to locate auto-apply AttributeConverter for property [dfs.s3.ms_dfs_reservas.model.Cita:fin]
2024-10-06T23:09:01.809-03:00 DEBUG 13228 --- [ms-dfs-reservas] [           main] o.h.b.model.internal.BasicValueBinder    : building BasicValue for fin
2024-10-06T23:09:01.809-03:00 DEBUG 13228 --- [ms-dfs-reservas] [           main] org.hibernate.mapping.BasicValue         : Skipping column re-registration: cita.fin
2024-10-06T23:09:01.809-03:00 DEBUG 13228 --- [ms-dfs-reservas] [           main] o.h.boot.model.internal.PropertyBinder   : Building property fin
2024-10-06T23:09:01.809-03:00 DEBUG 13228 --- [ms-dfs-reservas] [           main] o.h.boot.model.internal.AnnotatedColumn  : Binding column: AnnotatedColumn(column='inicio')
2024-10-06T23:09:01.809-03:00 DEBUG 13228 --- [ms-dfs-reservas] [           main] o.h.boot.model.internal.PropertyBinder   : MetadataSourceProcessor property inicio with lazy=false
2024-10-06T23:09:01.809-03:00 DEBUG 13228 --- [ms-dfs-reservas] [           main] o.h.b.m.internal.AbstractPropertyHolder  : Attempting to locate auto-apply AttributeConverter for property [dfs.s3.ms_dfs_reservas.model.Cita:inicio]
2024-10-06T23:09:01.809-03:00 DEBUG 13228 --- [ms-dfs-reservas] [           main] o.h.b.model.internal.BasicValueBinder    : building BasicValue for inicio
2024-10-06T23:09:01.809-03:00 DEBUG 13228 --- [ms-dfs-reservas] [           main] org.hibernate.mapping.BasicValue         : Skipping column re-registration: cita.inicio
2024-10-06T23:09:01.809-03:00 DEBUG 13228 --- [ms-dfs-reservas] [           main] o.h.boot.model.internal.PropertyBinder   : Building property inicio
2024-10-06T23:09:01.809-03:00 DEBUG 13228 --- [ms-dfs-reservas] [           main] o.h.boot.model.internal.AnnotatedColumn  : Binding column: AnnotatedColumn(column='medico')
2024-10-06T23:09:01.809-03:00 DEBUG 13228 --- [ms-dfs-reservas] [           main] o.h.boot.model.internal.PropertyBinder   : MetadataSourceProcessor property medico with lazy=false
2024-10-06T23:09:01.809-03:00 DEBUG 13228 --- [ms-dfs-reservas] [           main] o.h.b.m.internal.AbstractPropertyHolder  : Attempting to locate auto-apply AttributeConverter for property [dfs.s3.ms_dfs_reservas.model.Cita:medico]
2024-10-06T23:09:01.809-03:00 DEBUG 13228 --- [ms-dfs-reservas] [           main] o.h.b.model.internal.BasicValueBinder    : building BasicValue for medico
2024-10-06T23:09:01.809-03:00 DEBUG 13228 --- [ms-dfs-reservas] [           main] org.hibernate.mapping.BasicValue         : Skipping column re-registration: cita.medico
2024-10-06T23:09:01.809-03:00 DEBUG 13228 --- [ms-dfs-reservas] [           main] o.h.boot.model.internal.PropertyBinder   : Building property medico
2024-10-06T23:09:01.809-03:00 DEBUG 13228 --- [ms-dfs-reservas] [           main] o.h.boot.model.internal.AnnotatedColumn  : Binding column: AnnotatedColumn(column='paciente')
2024-10-06T23:09:01.810-03:00 DEBUG 13228 --- [ms-dfs-reservas] [           main] o.h.boot.model.internal.PropertyBinder   : MetadataSourceProcessor property paciente with lazy=false
2024-10-06T23:09:01.810-03:00 DEBUG 13228 --- [ms-dfs-reservas] [           main] o.h.b.m.internal.AbstractPropertyHolder  : Attempting to locate auto-apply AttributeConverter for property [dfs.s3.ms_dfs_reservas.model.Cita:paciente]
2024-10-06T23:09:01.810-03:00 DEBUG 13228 --- [ms-dfs-reservas] [           main] o.h.b.model.internal.BasicValueBinder    : building BasicValue for paciente
2024-10-06T23:09:01.810-03:00 DEBUG 13228 --- [ms-dfs-reservas] [           main] org.hibernate.mapping.BasicValue         : Skipping column re-registration: cita.paciente
2024-10-06T23:09:01.810-03:00 DEBUG 13228 --- [ms-dfs-reservas] [           main] o.h.boot.model.internal.PropertyBinder   : Building property paciente
2024-10-06T23:09:01.811-03:00 DEBUG 13228 --- [ms-dfs-reservas] [           main] o.h.b.r.c.i.ClassLoaderServiceImpl       : HHH000194: Package not found or no package-info.java: dfs.s3.ms_dfs_reservas.model
2024-10-06T23:09:01.815-03:00 DEBUG 13228 --- [ms-dfs-reservas] [           main] o.h.b.model.internal.BasicValueBinder    : Starting `BasicValueBinder#fillSimpleValue` for id
2024-10-06T23:09:01.816-03:00 DEBUG 13228 --- [ms-dfs-reservas] [           main] o.h.b.model.internal.BasicValueBinder    : Starting `BasicValueBinder#fillSimpleValue` for disponible
2024-10-06T23:09:01.816-03:00 DEBUG 13228 --- [ms-dfs-reservas] [           main] o.h.b.model.internal.BasicValueBinder    : Starting `BasicValueBinder#fillSimpleValue` for fecha_hora
2024-10-06T23:09:01.817-03:00 DEBUG 13228 --- [ms-dfs-reservas] [           main] o.h.b.model.internal.BasicValueBinder    : Starting `BasicValueBinder#fillSimpleValue` for fin
2024-10-06T23:09:01.817-03:00 DEBUG 13228 --- [ms-dfs-reservas] [           main] o.h.b.model.internal.BasicValueBinder    : Starting `BasicValueBinder#fillSimpleValue` for inicio
2024-10-06T23:09:01.817-03:00 DEBUG 13228 --- [ms-dfs-reservas] [           main] o.h.b.model.internal.BasicValueBinder    : Starting `BasicValueBinder#fillSimpleValue` for medico
2024-10-06T23:09:01.817-03:00 DEBUG 13228 --- [ms-dfs-reservas] [           main] o.h.b.model.internal.BasicValueBinder    : Starting `BasicValueBinder#fillSimpleValue` for paciente
2024-10-06T23:09:01.820-03:00 DEBUG 13228 --- [ms-dfs-reservas] [           main] org.hibernate.mapping.PrimaryKey         : Forcing column [id] to be non-null as it is part of the primary key for table [cita]
2024-10-06T23:09:01.865-03:00 DEBUG 13228 --- [ms-dfs-reservas] [           main] o.hibernate.internal.SessionFactoryImpl  : Building session factory
2024-10-06T23:09:01.902-03:00 DEBUG 13228 --- [ms-dfs-reservas] [           main] .h.s.i.SessionFactoryServiceRegistryImpl : EventListenerRegistry access via ServiceRegistry is deprecated.  Use `sessionFactory.getEventEngine().getListenerRegistry()` instead
[...]

   RedisRepositoriesAutoConfiguration:
      Did not match:
         - @ConditionalOnClass did not find required class 'org.springframework.data.redis.repository.configuration.EnableRedisRepositories' (OnClassCondition)

   RemoteDevToolsAutoConfiguration:
      Did not match:
         - @ConditionalOnProperty (spring.devtools.remote.secret) did not find property 'secret' (OnPropertyCondition)
      Matched:
         - @ConditionalOnClass found required classes 'jakarta.servlet.Filter', 'org.springframework.http.server.ServerHttpRequest' (OnClassCondition)

   RepositoryRestMvcAutoConfiguration:
      Did not match:
         - @ConditionalOnClass did not find required class 'org.springframework.data.rest.webmvc.config.RepositoryRestMvcConfiguration' (OnClassCondition)

   Saml2RelyingPartyAutoConfiguration:
      Did not match:
         - @ConditionalOnClass did not find required class 'org.springframework.security.saml2.provider.service.registration.RelyingPartyRegistrationRepository' (OnClassCondition)

   SbomEndpointAutoConfiguration:
      Did not match:
         - @ConditionalOnAvailableEndpoint no 'management.endpoints' property marked it as exposed (OnAvailableEndpointCondition)

   ScheduledTasksEndpointAutoConfiguration:
      Did not match:
         - @ConditionalOnAvailableEndpoint no 'management.endpoints' property marked it as exposed (OnAvailableEndpointCondition)

   SecurityAutoConfiguration:
      Did not match:
         - @ConditionalOnClass did not find required class 'org.springframework.security.authentication.DefaultAuthenticationEventPublisher' (OnClassCondition)

   SecurityFilterAutoConfiguration:
      Did not match:
         - @ConditionalOnClass did not find required class 'org.springframework.security.config.http.SessionCreationPolicy' (OnClassCondition)

   SecurityRequestMatchersManagementContextConfiguration:
      Did not match:
         - @ConditionalOnClass did not find required class 'org.springframework.security.web.util.matcher.RequestMatcher' (OnClassCondition)

   SendGridAutoConfiguration:
      Did not match:
         - @ConditionalOnClass did not find required class 'com.sendgrid.SendGrid' (OnClassCondition)

   ServletEndpointManagementContextConfiguration.JerseyServletEndpointManagementContextConfiguration:
      Did not match:
         - @ConditionalOnClass did not find required class 'org.glassfish.jersey.server.ResourceConfig' (OnClassCondition)

   ServletManagementContextAutoConfiguration.ApplicationContextFilterConfiguration:
      Did not match:
         - @ConditionalOnProperty (management.server.add-application-context-header=true) did not find property 'add-application-context-header' (OnPropertyCondition)

   ServletWebServerFactoryAutoConfiguration.ForwardedHeaderFilterConfiguration:
      Did not match:
         - @ConditionalOnProperty (server.forward-headers-strategy=framework) did not find property 'server.forward-headers-strategy' (OnPropertyCondition)

   ServletWebServerFactoryConfiguration.EmbeddedJetty:
      Did not match:
         - @ConditionalOnClass did not find required classes 'org.eclipse.jetty.server.Server', 'org.eclipse.jetty.util.Loader', 'org.eclipse.jetty.ee10.webapp.WebAppContext' (OnClassCondition)

   ServletWebServerFactoryConfiguration.EmbeddedUndertow:
      Did not match:
         - @ConditionalOnClass did not find required classes 'io.undertow.Undertow', 'org.xnio.SslClientAuthMode' (OnClassCondition)

   SessionAutoConfiguration:
      Did not match:
         - @ConditionalOnClass did not find required class 'org.springframework.session.Session' (OnClassCondition)

   SessionsEndpointAutoConfiguration:
      Did not match:
         - @ConditionalOnClass did not find required class 'org.springframework.session.Session' (OnClassCondition)

   ShutdownEndpointAutoConfiguration:
      Did not match:
         - @ConditionalOnAvailableEndpoint no property management.endpoint.shutdown.enabled found so using endpoint default of false (OnAvailableEndpointCondition)

   SignalFxMetricsExportAutoConfiguration:
      Did not match:
         - @ConditionalOnClass did not find required class 'io.micrometer.signalfx.SignalFxMeterRegistry' (OnClassCondition)

   SpringApplicationAdminJmxAutoConfiguration:
      Did not match:
         - @ConditionalOnProperty (spring.application.admin.enabled=true) did not find property 'enabled' (OnPropertyCondition)

   StackdriverMetricsExportAutoConfiguration:
      Did not match:
         - @ConditionalOnClass did not find required class 'io.micrometer.stackdriver.StackdriverMeterRegistry' (OnClassCondition)

   StartupEndpointAutoConfiguration:
      Did not match:
         - ApplicationStartup configured applicationStartup is of type class org.springframework.core.metrics.DefaultApplicationStartup, expected BufferingApplicationStartup. (StartupEndpointAutoConfiguration.ApplicationStartupCondition)

   StatsdMetricsExportAutoConfiguration:
      Did not match:
         - @ConditionalOnClass did not find required class 'io.micrometer.statsd.StatsdMeterRegistry' (OnClassCondition)

   TaskExecutorConfigurations.SimpleAsyncTaskExecutorBuilderConfiguration#simpleAsyncTaskExecutorBuilderVirtualThreads:
      Did not match:
         - @ConditionalOnMissingBean (types: org.springframework.boot.task.SimpleAsyncTaskExecutorBuilder; SearchStrategy: all) found beans of type 'org.springframework.boot.task.SimpleAsyncTaskExecutorBuilder' simpleAsyncTaskExecutorBuilder (OnBeanCondition)

   TaskExecutorConfigurations.TaskExecutorConfiguration#applicationTaskExecutorVirtualThreads:
      Did not match:
         - @ConditionalOnThreading did not find VIRTUAL (OnThreadingCondition)

   TaskSchedulingAutoConfiguration#scheduledBeanLazyInitializationExcludeFilter:
      Did not match:
         - @ConditionalOnBean (names: org.springframework.context.annotation.internalScheduledAnnotationProcessor; SearchStrategy: all) did not find any beans named org.springframework.context.annotation.internalScheduledAnnotationProcessor (OnBeanCondition)

   TaskSchedulingConfigurations.SimpleAsyncTaskSchedulerBuilderConfiguration#simpleAsyncTaskSchedulerBuilderVirtualThreads:
      Did not match:
         - @ConditionalOnMissingBean (types: org.springframework.boot.task.SimpleAsyncTaskSchedulerBuilder; SearchStrategy: all) found beans of type 'org.springframework.boot.task.SimpleAsyncTaskSchedulerBuilder' simpleAsyncTaskSchedulerBuilder (OnBeanCondition)

   TaskSchedulingConfigurations.TaskSchedulerConfiguration:
      Did not match:
         - @ConditionalOnBean (names: org.springframework.context.annotation.internalScheduledAnnotationProcessor; SearchStrategy: all) did not find any beans named org.springframework.context.annotation.internalScheduledAnnotationProcessor (OnBeanCondition)

   ThreadDumpEndpointAutoConfiguration:
      Did not match:
         - @ConditionalOnAvailableEndpoint no 'management.endpoints' property marked it as exposed (OnAvailableEndpointCondition)

   ThymeleafAutoConfiguration:
      Did not match:
         - @ConditionalOnClass did not find required class 'org.thymeleaf.spring6.SpringTemplateEngine' (OnClassCondition)

   TransactionAutoConfiguration#transactionalOperator:
      Did not match:
         - @ConditionalOnSingleCandidate (types: org.springframework.transaction.ReactiveTransactionManager; SearchStrategy: all) did not find any beans (OnBeanCondition)

   TransactionAutoConfiguration.AspectJTransactionManagementConfiguration:
      Did not match:
         - @ConditionalOnBean (types: org.springframework.transaction.aspectj.AbstractTransactionAspect; SearchStrategy: all) did not find any beans of type org.springframework.transaction.aspectj.AbstractTransactionAspect (OnBeanCondition)

   TransactionAutoConfiguration.EnableTransactionManagementConfiguration.JdkDynamicAutoProxyConfiguration:
      Did not match:
         - @ConditionalOnProperty (spring.aop.proxy-target-class=false) did not find property 'proxy-target-class' (OnPropertyCondition)

   UserDetailsServiceAutoConfiguration:
      Did not match:
         - @ConditionalOnClass did not find required class 'org.springframework.security.authentication.AuthenticationManager' (OnClassCondition)

   WavefrontAutoConfiguration:
      Did not match:
         - @ConditionalOnClass did not find required class 'com.wavefront.sdk.common.application.ApplicationTags' (OnClassCondition)

   WavefrontMetricsExportAutoConfiguration:
      Did not match:
         - @ConditionalOnClass did not find required class 'com.wavefront.sdk.common.WavefrontSender' (OnClassCondition)

   WavefrontTracingAutoConfiguration:
      Did not match:
         - @ConditionalOnClass did not find required class 'com.wavefront.sdk.common.WavefrontSender' (OnClassCondition)

   WebClientAutoConfiguration:
      Did not match:
         - @ConditionalOnClass did not find required class 'org.springframework.web.reactive.function.client.WebClient' (OnClassCondition)

   WebClientObservationConfiguration:
      Did not match:
         - @ConditionalOnClass did not find required class 'org.springframework.web.reactive.function.client.WebClient' (OnClassCondition)

   WebFluxAutoConfiguration:
      Did not match:
         - @ConditionalOnClass did not find required class 'org.springframework.web.reactive.config.WebFluxConfigurer' (OnClassCondition)

   WebFluxEndpointManagementContextConfiguration:
      Did not match:
         - @ConditionalOnClass did not find required class 'org.springframework.web.reactive.DispatcherHandler' (OnClassCondition)

   WebFluxObservationAutoConfiguration:
      Did not match:
         - @ConditionalOnWebApplication did not find reactive web application classes (OnWebApplicationCondition)

   WebMvcAutoConfiguration#hiddenHttpMethodFilter:
      Did not match:
         - @ConditionalOnProperty (spring.mvc.hiddenmethod.filter.enabled) did not find property 'enabled' (OnPropertyCondition)

   WebMvcAutoConfiguration.ProblemDetailsErrorHandlingConfiguration:
      Did not match:
         - @ConditionalOnProperty (spring.mvc.problemdetails.enabled=true) did not find property 'enabled' (OnPropertyCondition)

   WebMvcAutoConfiguration.ResourceChainCustomizerConfiguration:
      Did not match:
         - @ConditionalOnEnabledResourceChain did not find class org.webjars.WebJarAssetLocator (OnEnabledResourceChainCondition)

   WebMvcAutoConfiguration.WebMvcAutoConfigurationAdapter#beanNameViewResolver:
      Did not match:
         - @ConditionalOnMissingBean (types: org.springframework.web.servlet.view.BeanNameViewResolver; SearchStrategy: all) found beans of type 'org.springframework.web.servlet.view.BeanNameViewResolver' beanNameViewResolver (OnBeanCondition)

   WebMvcEndpointManagementContextConfiguration#managementHealthEndpointWebMvcHandlerMapping:
      Did not match:
         - Management Port actual port type (SAME) did not match required type (DIFFERENT) (OnManagementPortCondition)

   WebServiceTemplateAutoConfiguration:
      Did not match:
         - @ConditionalOnClass did not find required class 'org.springframework.oxm.Marshaller' (OnClassCondition)

   WebServicesAutoConfiguration:
      Did not match:
         - @ConditionalOnClass did not find required class 'org.springframework.ws.transport.http.MessageDispatcherServlet' (OnClassCondition)

   WebSessionIdResolverAutoConfiguration:
      Did not match:
         - @ConditionalOnClass did not find required class 'reactor.core.publisher.Mono' (OnClassCondition)

   WebSocketMessagingAutoConfiguration:
      Did not match:
         - @ConditionalOnClass did not find required class 'org.springframework.web.socket.config.annotation.WebSocketMessageBrokerConfigurer' (OnClassCondition)

   WebSocketReactiveAutoConfiguration:
      Did not match:
         - @ConditionalOnWebApplication did not find reactive web application classes (OnWebApplicationCondition)

   WebSocketServletAutoConfiguration.JettyWebSocketConfiguration:
      Did not match:
         - @ConditionalOnClass did not find required class 'org.eclipse.jetty.ee10.websocket.jakarta.server.config.JakartaWebSocketServletContainerInitializer' (OnClassCondition)

   WebSocketServletAutoConfiguration.UndertowWebSocketConfiguration:
      Did not match:
         - @ConditionalOnClass did not find required class 'io.undertow.websockets.jsr.Bootstrap' (OnClassCondition)

   XADataSourceAutoConfiguration:
      Did not match:
         - @ConditionalOnBean (types: org.springframework.boot.jdbc.XADataSourceWrapper; SearchStrategy: all) did not find any beans of type org.springframework.boot.jdbc.XADataSourceWrapper (OnBeanCondition)
      Matched:
         - @ConditionalOnClass found required classes 'javax.sql.DataSource', 'jakarta.transaction.TransactionManager', 'org.springframework.jdbc.datasource.embedded.EmbeddedDatabaseType' (OnClassCondition)

   ZipkinAutoConfiguration:
      Did not match:
         - @ConditionalOnClass did not find required class 'zipkin2.reporter.Encoding' (OnClassCondition)


Exclusions:
-----------

    None


Unconditional classes:
----------------------

    org.springframework.boot.autoconfigure.context.ConfigurationPropertiesAutoConfiguration

    org.springframework.boot.actuate.autoconfigure.availability.AvailabilityHealthContributorAutoConfiguration

    org.springframework.boot.autoconfigure.ssl.SslAutoConfiguration

    org.springframework.boot.actuate.autoconfigure.info.InfoContributorAutoConfiguration

    org.springframework.boot.autoconfigure.context.PropertyPlaceholderAutoConfiguration

    org.springframework.boot.autoconfigure.context.LifecycleAutoConfiguration

    org.springframework.boot.actuate.autoconfigure.metrics.integration.IntegrationMetricsAutoConfiguration

    org.springframework.boot.actuate.autoconfigure.endpoint.EndpointAutoConfiguration

    org.springframework.boot.actuate.autoconfigure.web.server.ManagementContextAutoConfiguration

    org.springframework.boot.actuate.autoconfigure.health.HealthContributorAutoConfiguration

    org.springframework.boot.actuate.autoconfigure.endpoint.jackson.JacksonEndpointAutoConfiguration

    org.springframework.boot.autoconfigure.availability.ApplicationAvailabilityAutoConfiguration

    org.springframework.boot.autoconfigure.info.ProjectInfoAutoConfiguration



2024-10-06T23:09:03.433-03:00  INFO 13228 --- [ms-dfs-reservas] [           main] d.s.m.MsDfsReservasApplicationTests      : Started MsDfsReservasApplicationTests in 3.785 seconds (process running for 7.106)
2024-10-06T23:09:03.437-03:00 DEBUG 13228 --- [ms-dfs-reservas] [           main] o.s.b.a.ApplicationAvailabilityBean      : Application availability state LivenessState changed to CORRECT
2024-10-06T23:09:03.438-03:00 DEBUG 13228 --- [ms-dfs-reservas] [           main] o.s.b.a.ApplicationAvailabilityBean      : Application availability state ReadinessState changed to ACCEPTING_TRAFFIC
2024-10-06T23:09:03.438-03:00 DEBUG 13228 --- [ms-dfs-reservas] [           main] org.springframework.test.context.cache   : Spring test ApplicationContext cache statistics: [DefaultContextCache@ee2ae9a size = 2, maxSize = 32, parentContextCount = 0, hitCount = 24, missCount = 2, failureCount = 0]
2024-10-06T23:09:03.439-03:00 DEBUG 13228 --- [ms-dfs-reservas] [           main] o.s.t.c.w.ServletTestExecutionListener   : Setting up MockHttpServletRequest, MockHttpServletResponse, ServletWebRequest, and RequestContextHolder for test class dfs.s3.ms_dfs_reservas.MsDfsReservasApplicationTests
2024-10-06T23:09:03.439-03:00 DEBUG 13228 --- [ms-dfs-reservas] [           main] DependencyInjectionTestExecutionListener : Performing dependency injection for test class dfs.s3.ms_dfs_reservas.MsDfsReservasApplicationTests
2024-10-06T23:09:03.439-03:00 DEBUG 13228 --- [ms-dfs-reservas] [           main] org.springframework.test.context.cache   : Spring test ApplicationContext cache statistics: [DefaultContextCache@ee2ae9a size = 2, maxSize = 32, parentContextCount = 0, hitCount = 25, missCount = 2, failureCount = 0]
2024-10-06T23:09:03.440-03:00 DEBUG 13228 --- [ms-dfs-reservas] [           main] org.springframework.test.context.cache   : Spring test ApplicationContext cache statistics: [DefaultContextCache@ee2ae9a size = 2, maxSize = 32, parentContextCount = 0, hitCount = 26, missCount = 2, failureCount = 0]
2024-10-06T23:09:03.441-03:00 DEBUG 13228 --- [ms-dfs-reservas] [           main] sContextBeforeModesTestExecutionListener : Before test method: class [MsDfsReservasApplicationTests], method [contextLoads], class annotated with @DirtiesContext [false] with mode [null], method annotated with @DirtiesContext [false] with mode [null]
2024-10-06T23:09:03.441-03:00 DEBUG 13228 --- [ms-dfs-reservas] [           main] org.springframework.test.context.cache   : Spring test ApplicationContext cache statistics: [DefaultContextCache@ee2ae9a size = 2, maxSize = 32, parentContextCount = 0, hitCount = 27, missCount = 2, failureCount = 0]
2024-10-06T23:09:03.441-03:00 DEBUG 13228 --- [ms-dfs-reservas] [           main] org.springframework.test.context.cache   : Spring test ApplicationContext cache statistics: [DefaultContextCache@ee2ae9a size = 2, maxSize = 32, parentContextCount = 0, hitCount = 28, missCount = 2, failureCount = 0]
2024-10-06T23:09:03.444-03:00 DEBUG 13228 --- [ms-dfs-reservas] [           main] org.springframework.test.context.cache   : Spring test ApplicationContext cache statistics: [DefaultContextCache@ee2ae9a size = 2, maxSize = 32, parentContextCount = 0, hitCount = 29, missCount = 2, failureCount = 0]
2024-10-06T23:09:03.445-03:00 DEBUG 13228 --- [ms-dfs-reservas] [           main] org.springframework.test.context.cache   : Spring test ApplicationContext cache statistics: [DefaultContextCache@ee2ae9a size = 2, maxSize = 32, parentContextCount = 0, hitCount = 30, missCount = 2, failureCount = 0]
2024-10-06T23:09:03.445-03:00 DEBUG 13228 --- [ms-dfs-reservas] [           main] org.springframework.test.context.cache   : Spring test ApplicationContext cache statistics: [DefaultContextCache@ee2ae9a size = 2, maxSize = 32, parentContextCount = 0, hitCount = 31, missCount = 2, failureCount = 0]
2024-10-06T23:09:03.445-03:00 DEBUG 13228 --- [ms-dfs-reservas] [           main] org.springframework.test.context.cache   : Spring test ApplicationContext cache statistics: [DefaultContextCache@ee2ae9a size = 2, maxSize = 32, parentContextCount = 0, hitCount = 32, missCount = 2, failureCount = 0]
2024-10-06T23:09:03.445-03:00 DEBUG 13228 --- [ms-dfs-reservas] [           main] org.springframework.test.context.cache   : Spring test ApplicationContext cache statistics: [DefaultContextCache@ee2ae9a size = 2, maxSize = 32, parentContextCount = 0, hitCount = 33, missCount = 2, failureCount = 0]
2024-10-06T23:09:03.445-03:00 DEBUG 13228 --- [ms-dfs-reservas] [           main] org.springframework.test.context.cache   : Spring test ApplicationContext cache statistics: [DefaultContextCache@ee2ae9a size = 2, maxSize = 32, parentContextCount = 0, hitCount = 34, missCount = 2, failureCount = 0]
2024-10-06T23:09:03.446-03:00 DEBUG 13228 --- [ms-dfs-reservas] [           main] org.springframework.test.context.cache   : Spring test ApplicationContext cache statistics: [DefaultContextCache@ee2ae9a size = 2, maxSize = 32, parentContextCount = 0, hitCount = 35, missCount = 2, failureCount = 0]
2024-10-06T23:09:03.446-03:00 DEBUG 13228 --- [ms-dfs-reservas] [           main] .c.s.DirtiesContextTestExecutionListener : After test method: class [MsDfsReservasApplicationTests], method [contextLoads], class annotated with @DirtiesContext [false] with mode [null], method annotated with @DirtiesContext [false] with mode [null]
2024-10-06T23:09:03.446-03:00 DEBUG 13228 --- [ms-dfs-reservas] [           main] o.s.t.c.w.ServletTestExecutionListener   : Resetting RequestContextHolder for test class dfs.s3.ms_dfs_reservas.MsDfsReservasApplicationTests
]]></system-out>
  </testcase>
</testsuite>